mode: atomic
github.com/krill/krill/internal/pubsub/adapter.go:40.37,41.24 1 5
github.com/krill/krill/internal/pubsub/adapter.go:42.14,43.29 1 2
github.com/krill/krill/internal/pubsub/adapter.go:44.23,45.37 1 1
github.com/krill/krill/internal/pubsub/adapter.go:46.16,47.31 1 1
github.com/krill/krill/internal/pubsub/adapter.go:48.10,49.29 1 1
github.com/krill/krill/internal/pubsub/adapters.go:14.47,17.15 3 4
github.com/krill/krill/internal/pubsub/adapters.go:17.15,19.3 1 0
github.com/krill/krill/internal/pubsub/adapters.go:20.2,21.9 2 4
github.com/krill/krill/internal/pubsub/adapters.go:21.9,24.3 2 4
github.com/krill/krill/internal/pubsub/adapters.go:25.2,25.10 1 4
github.com/krill/krill/internal/pubsub/adapters.go:33.41,35.2 1 3
github.com/krill/krill/internal/pubsub/adapters.go:37.56,37.70 1 1
github.com/krill/krill/internal/pubsub/adapters.go:39.94,40.17 1 2
github.com/krill/krill/internal/pubsub/adapters.go:40.17,42.3 1 1
github.com/krill/krill/internal/pubsub/adapters.go:43.2,43.39 1 1
github.com/krill/krill/internal/pubsub/adapters.go:46.86,47.17 1 3
github.com/krill/krill/internal/pubsub/adapters.go:47.17,49.3 1 1
github.com/krill/krill/internal/pubsub/adapters.go:50.2,50.16 1 2
github.com/krill/krill/internal/pubsub/adapters.go:50.16,52.3 1 1
github.com/krill/krill/internal/pubsub/adapters.go:53.2,53.21 1 1
github.com/krill/krill/internal/pubsub/adapters.go:53.21,55.3 1 1
github.com/krill/krill/internal/pubsub/adapters.go:56.2,56.42 1 1
github.com/krill/krill/internal/pubsub/adapters.go:59.45,59.59 1 1
github.com/krill/krill/internal/pubsub/adapters.go:61.63,62.16 1 2
github.com/krill/krill/internal/pubsub/adapters.go:62.16,64.3 1 1
github.com/krill/krill/internal/pubsub/adapters.go:65.2,66.12 2 1
github.com/krill/krill/internal/pubsub/adapters.go:69.37,69.51 1 1
github.com/krill/krill/internal/pubsub/adapters.go:76.49,78.2 1 1
github.com/krill/krill/internal/pubsub/adapters.go:80.64,80.78 1 1
github.com/krill/krill/internal/pubsub/adapters.go:82.102,83.17 1 1
github.com/krill/krill/internal/pubsub/adapters.go:83.17,85.3 1 0
github.com/krill/krill/internal/pubsub/adapters.go:86.2,86.39 1 1
github.com/krill/krill/internal/pubsub/adapters.go:89.94,90.17 1 1
github.com/krill/krill/internal/pubsub/adapters.go:90.17,92.3 1 0
github.com/krill/krill/internal/pubsub/adapters.go:93.2,93.16 1 1
github.com/krill/krill/internal/pubsub/adapters.go:93.16,95.3 1 0
github.com/krill/krill/internal/pubsub/adapters.go:96.2,96.21 1 1
github.com/krill/krill/internal/pubsub/adapters.go:96.21,98.3 1 1
github.com/krill/krill/internal/pubsub/adapters.go:99.2,99.42 1 1
github.com/krill/krill/internal/pubsub/adapters.go:102.53,102.67 1 1
github.com/krill/krill/internal/pubsub/adapters.go:104.71,105.16 1 1
github.com/krill/krill/internal/pubsub/adapters.go:105.16,107.3 1 0
github.com/krill/krill/internal/pubsub/adapters.go:108.2,109.12 2 1
github.com/krill/krill/internal/pubsub/adapters.go:112.45,112.59 1 1
github.com/krill/krill/internal/pubsub/adapters.go:118.43,118.78 1 1
github.com/krill/krill/internal/pubsub/adapters.go:120.58,120.86 1 1
github.com/krill/krill/internal/pubsub/adapters.go:122.92,124.2 1 1
github.com/krill/krill/internal/pubsub/adapters.go:126.80,128.2 1 1
github.com/krill/krill/internal/pubsub/adapters.go:130.47,130.75 1 1
github.com/krill/krill/internal/pubsub/adapters.go:132.63,132.91 1 1
github.com/krill/krill/internal/pubsub/adapters.go:134.39,134.53 1 1
github.com/krill/krill/internal/pubsub/dedup.go:14.51,15.14 1 1
github.com/krill/krill/internal/pubsub/dedup.go:15.14,17.3 1 0
github.com/krill/krill/internal/pubsub/dedup.go:18.2,18.64 1 1
github.com/krill/krill/internal/pubsub/dedup.go:21.65,22.15 1 3
github.com/krill/krill/internal/pubsub/dedup.go:22.15,24.3 1 0
github.com/krill/krill/internal/pubsub/dedup.go:25.2,28.32 4 3
github.com/krill/krill/internal/pubsub/dedup.go:28.32,30.3 1 1
github.com/krill/krill/internal/pubsub/dedup.go:31.2,31.14 1 2
github.com/krill/krill/internal/pubsub/dedup.go:34.54,35.15 1 1
github.com/krill/krill/internal/pubsub/dedup.go:35.15,37.3 1 0
github.com/krill/krill/internal/pubsub/dedup.go:38.2,41.15 4 1
github.com/krill/krill/internal/pubsub/dedup.go:44.40,45.29 1 4
github.com/krill/krill/internal/pubsub/dedup.go:45.29,46.22 1 2
github.com/krill/krill/internal/pubsub/dedup.go:46.22,48.4 1 1
github.com/krill/krill/internal/pubsub/inmemory_broker.go:15.42,20.2 1 5
github.com/krill/krill/internal/pubsub/inmemory_broker.go:22.66,28.2 5 2
github.com/krill/krill/internal/pubsub/inmemory_broker.go:30.89,32.28 2 4
github.com/krill/krill/internal/pubsub/inmemory_broker.go:32.28,36.3 3 1
github.com/krill/krill/internal/pubsub/inmemory_broker.go:37.2,40.26 3 3
github.com/krill/krill/internal/pubsub/inmemory_broker.go:40.26,42.10 2 2
github.com/krill/krill/internal/pubsub/inmemory_broker.go:43.20,43.20 0 2
github.com/krill/krill/internal/pubsub/inmemory_broker.go:44.21,45.20 1 0
github.com/krill/krill/internal/pubsub/inmemory_broker.go:46.11,48.11 1 0
github.com/krill/krill/internal/pubsub/inmemory_broker.go:49.14,49.14 0 0
github.com/krill/krill/internal/pubsub/inmemory_broker.go:50.12,50.12 0 0
github.com/krill/krill/internal/pubsub/inmemory_broker.go:52.4,52.15 1 0
github.com/krill/krill/internal/pubsub/inmemory_broker.go:55.2,55.12 1 3
github.com/krill/krill/internal/pubsub/inmemory_broker.go:58.63,59.12 1 1
github.com/krill/krill/internal/pubsub/inmemory_broker.go:59.12,61.3 1 0
github.com/krill/krill/internal/pubsub/inmemory_broker.go:62.2,64.15 3 1
github.com/krill/krill/internal/pubsub/inmemory_broker.go:67.42,68.16 1 2
github.com/krill/krill/internal/pubsub/inmemory_broker.go:68.16,70.3 1 0
github.com/krill/krill/internal/pubsub/inmemory_broker.go:71.2,72.26 2 2
github.com/krill/krill/internal/pubsub/inmemory_broker.go:72.26,74.3 1 2
github.com/krill/krill/internal/pubsub/inmemory_broker.go:75.2,75.26 1 2
github.com/krill/krill/internal/pubsub/inmemory_broker.go:75.26,77.33 2 2
github.com/krill/krill/internal/pubsub/inmemory_broker.go:77.33,79.4 1 2
github.com/krill/krill/internal/pubsub/inmemory_broker.go:81.2,81.13 1 2
github.com/krill/krill/internal/pubsub/retry.go:5.65,6.17 1 2
github.com/krill/krill/internal/pubsub/retry.go:6.17,8.3 1 0
github.com/krill/krill/internal/pubsub/retry.go:9.2,10.15 2 2
github.com/krill/krill/internal/pubsub/retry.go:10.15,12.3 1 0
github.com/krill/krill/internal/pubsub/retry.go:13.2,14.52 2 2
github.com/krill/krill/internal/pubsub/retry.go:14.52,16.3 1 1
github.com/krill/krill/internal/pubsub/retry.go:17.2,17.10 1 1
github.com/krill/krill/internal/pubsub/retry.go:20.57,21.28 1 3
github.com/krill/krill/internal/pubsub/retry.go:21.28,23.3 1 0
github.com/krill/krill/internal/pubsub/retry.go:24.2,24.38 1 3
github.com/krill/krill/internal/ingress/normalizer.go:15.57,21.2 1 4
github.com/krill/krill/internal/ingress/normalizer.go:23.81,25.73 2 6
github.com/krill/krill/internal/ingress/normalizer.go:25.73,27.3 1 2
github.com/krill/krill/internal/ingress/normalizer.go:28.2,28.32 1 4
github.com/krill/krill/internal/ingress/normalizer.go:31.94,33.16 2 5
github.com/krill/krill/internal/ingress/normalizer.go:33.16,35.3 1 1
github.com/krill/krill/internal/ingress/normalizer.go:36.2,36.51 1 4
github.com/krill/krill/internal/schema/schema.go:38.76,40.50 2 3
github.com/krill/krill/internal/schema/schema.go:40.50,42.3 1 0
github.com/krill/krill/internal/schema/schema.go:43.2,43.93 1 3
github.com/krill/krill/internal/schema/schema.go:43.93,45.3 1 1
github.com/krill/krill/internal/schema/schema.go:46.2,47.64 2 2
github.com/krill/krill/internal/schema/schema.go:47.64,49.3 1 1
github.com/krill/krill/internal/schema/schema.go:50.2,50.16 1 1
github.com/krill/krill/internal/schema/schema.go:53.42,54.47 1 5
github.com/krill/krill/internal/schema/schema.go:54.47,56.3 1 1
github.com/krill/krill/internal/schema/schema.go:57.2,57.36 1 5
github.com/krill/krill/internal/schema/schema.go:57.36,59.3 1 1
github.com/krill/krill/internal/schema/schema.go:60.2,60.42 1 5
github.com/krill/krill/internal/schema/schema.go:60.42,62.3 1 2
github.com/krill/krill/internal/schema/schema.go:63.2,63.40 1 5
github.com/krill/krill/internal/schema/schema.go:63.40,65.3 1 3
github.com/krill/krill/internal/schema/schema.go:66.2,66.44 1 5
github.com/krill/krill/internal/schema/schema.go:66.44,68.3 1 3
github.com/krill/krill/internal/schema/schema.go:69.2,69.20 1 5
github.com/krill/krill/internal/schema/schema.go:69.20,71.3 1 2
github.com/krill/krill/internal/schema/schema.go:72.2,72.28 1 5
github.com/krill/krill/internal/schema/schema.go:72.28,74.3 1 3
github.com/krill/krill/internal/schema/schema.go:75.2,75.27 1 5
github.com/krill/krill/internal/schema/schema.go:75.27,77.3 1 2
github.com/krill/krill/internal/schema/schema.go:78.2,78.11 1 5
github.com/krill/krill/internal/schema/schema.go:81.51,82.81 1 11
github.com/krill/krill/internal/schema/schema.go:82.81,84.3 1 0
github.com/krill/krill/internal/schema/schema.go:85.2,85.36 1 11
github.com/krill/krill/internal/schema/schema.go:85.36,87.3 1 1
github.com/krill/krill/internal/schema/schema.go:88.2,88.42 1 10
github.com/krill/krill/internal/schema/schema.go:88.42,90.3 1 2
github.com/krill/krill/internal/schema/schema.go:91.2,91.42 1 8
github.com/krill/krill/internal/schema/schema.go:91.42,93.3 1 1
github.com/krill/krill/internal/schema/schema.go:94.2,94.48 1 7
github.com/krill/krill/internal/schema/schema.go:94.48,96.3 1 1
github.com/krill/krill/internal/schema/schema.go:97.2,97.38 1 6
github.com/krill/krill/internal/schema/schema.go:97.38,99.3 1 1
github.com/krill/krill/internal/schema/schema.go:100.2,100.40 1 5
github.com/krill/krill/internal/schema/schema.go:100.40,102.3 1 1
github.com/krill/krill/internal/schema/schema.go:103.2,103.44 1 4
github.com/krill/krill/internal/schema/schema.go:103.44,105.3 1 1
github.com/krill/krill/internal/schema/schema.go:106.2,106.27 1 3
github.com/krill/krill/internal/schema/schema.go:106.27,108.3 1 1
github.com/krill/krill/internal/schema/schema.go:109.2,109.12 1 2
github.com/krill/krill/internal/schema/schema.go:112.44,113.16 1 1
github.com/krill/krill/internal/schema/schema.go:113.16,115.3 1 0
github.com/krill/krill/internal/schema/schema.go:116.2,126.3 1 1
github.com/krill/krill/internal/schema/schema.go:129.43,136.30 7 1
github.com/krill/krill/internal/schema/schema.go:136.30,138.3 1 0
github.com/krill/krill/internal/schema/schema.go:139.2,148.3 1 1
github.com/krill/krill/internal/schema/schema.go:151.58,152.20 1 2
github.com/krill/krill/internal/schema/schema.go:152.20,154.3 1 0
github.com/krill/krill/internal/schema/schema.go:155.2,156.25 2 2
github.com/krill/krill/internal/schema/schema.go:156.25,158.3 1 2
github.com/krill/krill/internal/schema/schema.go:159.2,159.12 1 2
github.com/krill/krill/internal/skill/registry.go:68.108,73.28 2 2
github.com/krill/krill/internal/skill/registry.go:73.28,74.41 1 3
github.com/krill/krill/internal/skill/registry.go:74.41,76.4 1 1
github.com/krill/krill/internal/skill/registry.go:78.2,78.15 1 1
github.com/krill/krill/internal/skill/registry.go:81.77,86.28 2 3
github.com/krill/krill/internal/skill/registry.go:86.28,88.3 1 2
github.com/krill/krill/internal/skill/registry.go:91.2,92.26 2 3
github.com/krill/krill/internal/skill/registry.go:92.26,94.3 1 0
github.com/krill/krill/internal/skill/registry.go:95.2,100.20 5 3
github.com/krill/krill/internal/skill/registry.go:101.17,101.17 0 2
github.com/krill/krill/internal/skill/registry.go:103.14,107.17 2 0
github.com/krill/krill/internal/skill/registry.go:107.17,109.4 1 0
github.com/krill/krill/internal/skill/registry.go:110.3,110.12 1 0
github.com/krill/krill/internal/skill/registry.go:111.14,115.17 2 0
github.com/krill/krill/internal/skill/registry.go:115.17,117.4 1 0
github.com/krill/krill/internal/skill/registry.go:118.3,118.12 1 0
github.com/krill/krill/internal/skill/registry.go:119.10,119.10 0 0
github.com/krill/krill/internal/skill/registry.go:121.10,122.54 1 1
github.com/krill/krill/internal/skill/registry.go:125.2,128.12 4 2
github.com/krill/krill/internal/skill/registry.go:133.99,134.19 1 2
github.com/krill/krill/internal/skill/registry.go:134.19,136.3 1 2
github.com/krill/krill/internal/skill/registry.go:137.2,145.41 8 2
github.com/krill/krill/internal/skill/registry.go:145.41,146.34 1 2
github.com/krill/krill/internal/skill/registry.go:146.34,148.4 1 2
github.com/krill/krill/internal/skill/registry.go:150.2,157.36 3 2
github.com/krill/krill/internal/skill/registry.go:157.36,159.3 1 0
github.com/krill/krill/internal/skill/registry.go:163.45,168.2 4 3
github.com/krill/krill/internal/skill/registry.go:171.88,175.9 4 2
github.com/krill/krill/internal/skill/registry.go:175.9,177.3 1 1
github.com/krill/krill/internal/skill/registry.go:178.2,178.19 1 1
github.com/krill/krill/internal/skill/registry.go:178.19,180.3 1 1
github.com/krill/krill/internal/skill/registry.go:181.2,181.17 1 0
github.com/krill/krill/internal/skill/registry.go:181.17,183.3 1 0
github.com/krill/krill/internal/skill/registry.go:184.2,184.74 1 0
github.com/krill/krill/internal/skill/registry.go:188.60,192.9 4 2
github.com/krill/krill/internal/skill/registry.go:192.9,194.3 1 0
github.com/krill/krill/internal/skill/registry.go:195.2,195.24 1 2
github.com/krill/krill/internal/skill/registry.go:199.40,203.27 4 1
github.com/krill/krill/internal/skill/registry.go:203.27,205.3 1 2
github.com/krill/krill/internal/skill/registry.go:206.2,206.14 1 1
github.com/krill/krill/internal/skill/registry.go:209.32,213.2 3 1
github.com/krill/krill/internal/skill/registry.go:232.75,238.35 2 1
github.com/krill/krill/internal/skill/registry.go:238.35,239.23 1 1
github.com/krill/krill/internal/skill/registry.go:239.23,241.4 1 1
github.com/krill/krill/internal/skill/registry.go:241.9,243.4 1 0
github.com/krill/krill/internal/skill/registry.go:245.2,245.10 1 1
github.com/krill/krill/internal/skill/registry.go:250.47,254.29 4 1
github.com/krill/krill/internal/skill/registry.go:254.29,255.39 1 1
github.com/krill/krill/internal/skill/registry.go:255.39,257.4 1 1
github.com/krill/krill/internal/skill/registry.go:259.2,259.13 1 1
github.com/krill/krill/internal/skill/registry.go:264.43,265.25 1 1
github.com/krill/krill/internal/skill/registry.go:265.25,267.3 1 0
github.com/krill/krill/internal/skill/registry.go:268.2,272.13 5 1
github.com/krill/krill/internal/skill/registry.go:276.42,279.37 3 1
github.com/krill/krill/internal/skill/registry.go:279.37,280.18 1 2
github.com/krill/krill/internal/skill/registry.go:280.18,282.4 1 2
github.com/krill/krill/internal/skill/registry.go:284.2,287.34 3 1
github.com/krill/krill/internal/skill/registry.go:287.34,289.3 1 2
github.com/krill/krill/internal/skill/registry.go:290.2,292.25 2 1
github.com/krill/krill/internal/skill/registry.go:292.25,294.3 1 1
github.com/krill/krill/internal/skill/registry.go:298.43,302.2 3 3
github.com/krill/krill/internal/skill/registry.go:308.100,312.56 3 2
github.com/krill/krill/internal/skill/registry.go:312.56,316.3 2 0
github.com/krill/krill/internal/skill/registry.go:317.2,317.20 1 2
github.com/krill/krill/internal/skill/registry.go:317.20,319.3 1 1
github.com/krill/krill/internal/skill/registry.go:320.2,320.32 1 1
github.com/krill/krill/internal/skill/registry.go:324.34,328.2 3 1
github.com/krill/krill/internal/memory/memory.go:31.52,32.17 1 3
github.com/krill/krill/internal/memory/memory.go:33.17,34.23 1 1
github.com/krill/krill/internal/memory/memory.go:35.14,36.23 1 1
github.com/krill/krill/internal/memory/memory.go:37.10,38.63 1 1
github.com/krill/krill/internal/memory/memory.go:54.21,56.2 1 2
github.com/krill/krill/internal/memory/memory.go:58.44,58.80 1 16
github.com/krill/krill/internal/memory/memory.go:60.71,64.9 4 3
github.com/krill/krill/internal/memory/memory.go:64.9,67.3 2 2
github.com/krill/krill/internal/memory/memory.go:68.2,70.15 3 3
github.com/krill/krill/internal/memory/memory.go:73.77,78.9 5 4
github.com/krill/krill/internal/memory/memory.go:78.9,80.3 1 1
github.com/krill/krill/internal/memory/memory.go:81.2,84.38 4 3
github.com/krill/krill/internal/memory/memory.go:84.38,86.3 1 1
github.com/krill/krill/internal/memory/memory.go:87.2,87.13 1 2
github.com/krill/krill/internal/memory/memory.go:90.53,94.2 3 1
github.com/krill/krill/internal/memory/memory.go:104.42,105.16 1 6
github.com/krill/krill/internal/memory/memory.go:105.16,107.3 1 0
github.com/krill/krill/internal/memory/memory.go:108.2,108.63 1 6
github.com/krill/krill/internal/memory/memory.go:108.63,110.3 1 0
github.com/krill/krill/internal/memory/memory.go:111.2,112.33 2 6
github.com/krill/krill/internal/memory/memory.go:112.33,114.3 1 1
github.com/krill/krill/internal/memory/memory.go:115.2,115.15 1 5
github.com/krill/krill/internal/memory/memory.go:118.72,124.2 5 4
github.com/krill/krill/internal/memory/memory.go:126.78,130.38 4 3
github.com/krill/krill/internal/memory/memory.go:130.38,132.3 1 0
github.com/krill/krill/internal/memory/memory.go:133.2,133.13 1 3
github.com/krill/krill/internal/memory/memory.go:136.54,141.2 4 1
github.com/krill/krill/internal/memory/memory.go:143.34,145.16 2 6
github.com/krill/krill/internal/memory/memory.go:145.16,146.25 1 3
github.com/krill/krill/internal/memory/memory.go:146.25,148.4 1 3
github.com/krill/krill/internal/memory/memory.go:149.3,149.49 1 0
github.com/krill/krill/internal/memory/memory.go:151.2,151.20 1 3
github.com/krill/krill/internal/memory/memory.go:151.20,153.3 1 0
github.com/krill/krill/internal/memory/memory.go:154.2,155.55 2 3
github.com/krill/krill/internal/memory/memory.go:155.55,157.3 1 1
github.com/krill/krill/internal/memory/memory.go:158.2,159.19 2 2
github.com/krill/krill/internal/memory/memory.go:159.19,161.3 1 0
github.com/krill/krill/internal/memory/memory.go:162.2,162.12 1 2
github.com/krill/krill/internal/memory/memory.go:165.43,167.16 2 5
github.com/krill/krill/internal/memory/memory.go:167.16,169.3 1 0
github.com/krill/krill/internal/memory/memory.go:170.2,171.58 2 5
github.com/krill/krill/internal/memory/memory.go:171.58,173.3 1 1
github.com/krill/krill/internal/memory/memory.go:174.2,174.47 1 4
github.com/krill/krill/internal/memory/memory.go:174.47,176.3 1 0
github.com/krill/krill/internal/memory/memory.go:177.2,177.12 1 4
github.com/krill/krill/config/config.go:92.39,97.16 3 9
github.com/krill/krill/config/config.go:97.16,99.3 1 0
github.com/krill/krill/config/config.go:100.2,102.50 3 9
github.com/krill/krill/config/config.go:102.50,104.3 1 0
github.com/krill/krill/config/config.go:105.2,106.39 2 9
github.com/krill/krill/config/config.go:106.39,108.3 1 6
github.com/krill/krill/config/config.go:109.2,109.17 1 3
github.com/krill/krill/config/config.go:114.36,116.16 2 10
github.com/krill/krill/config/config.go:116.16,117.25 1 9
github.com/krill/krill/config/config.go:117.25,119.4 1 9
github.com/krill/krill/config/config.go:120.3,120.13 1 0
github.com/krill/krill/config/config.go:122.2,125.16 3 1
github.com/krill/krill/config/config.go:125.16,127.49 2 6
github.com/krill/krill/config/config.go:127.49,128.12 1 1
github.com/krill/krill/config/config.go:130.3,130.41 1 5
github.com/krill/krill/config/config.go:130.41,132.4 1 1
github.com/krill/krill/config/config.go:134.3,135.10 2 5
github.com/krill/krill/config/config.go:135.10,136.12 1 1
github.com/krill/krill/config/config.go:138.3,139.16 2 4
github.com/krill/krill/config/config.go:139.16,140.12 1 0
github.com/krill/krill/config/config.go:142.3,142.45 1 4
github.com/krill/krill/config/config.go:142.45,143.12 1 1
github.com/krill/krill/config/config.go:146.3,147.20 2 3
github.com/krill/krill/config/config.go:147.20,148.96 1 2
github.com/krill/krill/config/config.go:148.96,150.5 1 2
github.com/krill/krill/config/config.go:152.3,152.26 1 3
github.com/krill/krill/config/config.go:154.2,154.17 1 1
github.com/krill/krill/config/config.go:157.23,175.2 1 9
github.com/krill/krill/config/config.go:177.30,178.31 1 9
github.com/krill/krill/config/config.go:178.31,180.3 1 1
github.com/krill/krill/config/config.go:183.33,184.112 1 9
github.com/krill/krill/config/config.go:184.112,186.3 1 1
github.com/krill/krill/config/config.go:187.2,187.105 1 8
github.com/krill/krill/config/config.go:187.105,189.3 1 1
github.com/krill/krill/config/config.go:190.2,191.32 2 7
github.com/krill/krill/config/config.go:191.32,193.17 2 9
github.com/krill/krill/config/config.go:193.17,195.4 1 0
github.com/krill/krill/config/config.go:196.3,196.30 1 9
github.com/krill/krill/config/config.go:196.30,198.4 1 0
github.com/krill/krill/config/config.go:199.3,200.51 2 9
github.com/krill/krill/config/config.go:200.51,202.4 1 4
github.com/krill/krill/config/config.go:204.2,204.12 1 3
github.com/krill/krill/config/config.go:207.55,208.14 1 9
github.com/krill/krill/config/config.go:209.14,210.13 1 2
github.com/krill/krill/config/config.go:211.16,212.17 1 2
github.com/krill/krill/config/config.go:212.17,214.4 1 0
github.com/krill/krill/config/config.go:215.3,217.19 3 2
github.com/krill/krill/config/config.go:217.19,219.4 1 0
github.com/krill/krill/config/config.go:220.3,220.76 1 2
github.com/krill/krill/config/config.go:220.76,222.4 1 0
github.com/krill/krill/config/config.go:223.3,225.76 3 2
github.com/krill/krill/config/config.go:225.76,227.4 1 1
github.com/krill/krill/config/config.go:228.3,228.13 1 1
github.com/krill/krill/config/config.go:229.18,230.17 1 2
github.com/krill/krill/config/config.go:230.17,232.4 1 0
github.com/krill/krill/config/config.go:233.3,234.37 2 2
github.com/krill/krill/config/config.go:234.37,236.4 1 1
github.com/krill/krill/config/config.go:237.3,237.13 1 1
github.com/krill/krill/config/config.go:238.17,239.17 1 2
github.com/krill/krill/config/config.go:239.17,241.4 1 0
github.com/krill/krill/config/config.go:242.3,243.36 2 2
github.com/krill/krill/config/config.go:243.36,245.4 1 1
github.com/krill/krill/config/config.go:246.3,246.13 1 1
github.com/krill/krill/config/config.go:247.10,248.103 1 1
github.com/krill/krill/internal/core/engine.go:35.63,41.16 3 4
github.com/krill/krill/internal/core/engine.go:41.16,43.3 1 1
github.com/krill/krill/internal/core/engine.go:46.2,47.16 2 3
github.com/krill/krill/internal/core/engine.go:47.16,49.3 1 0
github.com/krill/krill/internal/core/engine.go:52.2,57.16 4 3
github.com/krill/krill/internal/core/engine.go:57.16,59.3 1 0
github.com/krill/krill/internal/core/engine.go:62.2,63.16 2 3
github.com/krill/krill/internal/core/engine.go:63.16,65.3 1 0
github.com/krill/krill/internal/core/engine.go:68.2,69.36 2 3
github.com/krill/krill/internal/core/engine.go:69.36,70.19 1 3
github.com/krill/krill/internal/core/engine.go:70.19,72.12 2 0
github.com/krill/krill/internal/core/engine.go:74.3,77.17 4 3
github.com/krill/krill/internal/core/engine.go:77.17,79.4 1 1
github.com/krill/krill/internal/core/engine.go:80.3,81.52 2 2
github.com/krill/krill/internal/core/engine.go:84.2,91.8 1 2
github.com/krill/krill/internal/core/engine.go:94.70,95.18 1 4
github.com/krill/krill/internal/core/engine.go:95.18,97.3 1 3
github.com/krill/krill/internal/core/engine.go:98.2,99.23 2 1
github.com/krill/krill/internal/core/engine.go:99.23,101.3 1 1
github.com/krill/krill/internal/core/engine.go:102.2,102.12 1 1
github.com/krill/krill/internal/core/engine.go:106.49,108.42 1 2
github.com/krill/krill/internal/core/engine.go:108.42,110.3 1 0
github.com/krill/krill/internal/core/engine.go:113.2,113.29 1 2
github.com/krill/krill/internal/core/engine.go:113.29,114.52 1 2
github.com/krill/krill/internal/core/engine.go:114.52,116.4 1 1
github.com/krill/krill/internal/core/engine.go:117.3,117.51 1 1
github.com/krill/krill/internal/core/engine.go:120.2,130.29 5 1
github.com/krill/krill/internal/core/engine.go:130.29,131.41 1 1
github.com/krill/krill/internal/core/engine.go:131.41,133.4 1 0
github.com/krill/krill/internal/core/engine.go:135.2,135.12 1 1
github.com/krill/krill/internal/core/registry.go:41.30,43.2 1 1
github.com/krill/krill/internal/core/registry.go:46.25,46.42 1 5
github.com/krill/krill/internal/core/registry.go:49.69,53.2 3 2
github.com/krill/krill/internal/core/registry.go:56.93,60.9 4 3
github.com/krill/krill/internal/core/registry.go:60.9,62.3 1 1
github.com/krill/krill/internal/core/registry.go:63.2,63.15 1 2
github.com/krill/krill/plugins/protocol/webhook/webhook.go:25.13,26.100 1 1
github.com/krill/krill/plugins/protocol/webhook/webhook.go:26.100,28.3 1 0
github.com/krill/krill/plugins/protocol/webhook/webhook.go:44.55,54.2 1 7
github.com/krill/krill/plugins/protocol/webhook/webhook.go:56.32,56.52 1 1
github.com/krill/krill/plugins/protocol/webhook/webhook.go:58.80,71.12 7 1
github.com/krill/krill/plugins/protocol/webhook/webhook.go:71.12,72.79 1 1
github.com/krill/krill/plugins/protocol/webhook/webhook.go:72.79,74.4 1 1
github.com/krill/krill/plugins/protocol/webhook/webhook.go:76.2,77.12 2 1
github.com/krill/krill/plugins/protocol/webhook/webhook.go:80.50,80.80 1 1
github.com/krill/krill/plugins/protocol/webhook/webhook.go:82.45,84.6 2 2
github.com/krill/krill/plugins/protocol/webhook/webhook.go:84.6,85.10 1 2
github.com/krill/krill/plugins/protocol/webhook/webhook.go:86.21,87.10 1 2
github.com/krill/krill/plugins/protocol/webhook/webhook.go:88.24,89.44 1 0
github.com/krill/krill/plugins/protocol/webhook/webhook.go:89.44,90.13 1 0
github.com/krill/krill/plugins/protocol/webhook/webhook.go:93.4,93.82 1 0
github.com/krill/krill/plugins/protocol/webhook/webhook.go:98.65,100.16 2 5
github.com/krill/krill/plugins/protocol/webhook/webhook.go:100.16,103.3 2 0
github.com/krill/krill/plugins/protocol/webhook/webhook.go:105.2,105.46 1 5
github.com/krill/krill/plugins/protocol/webhook/webhook.go:105.46,106.71 1 1
github.com/krill/krill/plugins/protocol/webhook/webhook.go:106.71,109.4 2 1
github.com/krill/krill/plugins/protocol/webhook/webhook.go:112.2,113.55 2 4
github.com/krill/krill/plugins/protocol/webhook/webhook.go:113.55,116.3 2 1
github.com/krill/krill/plugins/protocol/webhook/webhook.go:119.2,119.31 1 3
github.com/krill/krill/plugins/protocol/webhook/webhook.go:119.31,120.48 1 1
github.com/krill/krill/plugins/protocol/webhook/webhook.go:120.48,124.4 3 1
github.com/krill/krill/plugins/protocol/webhook/webhook.go:127.2,127.65 1 2
github.com/krill/krill/plugins/protocol/webhook/webhook.go:127.65,131.3 3 1
github.com/krill/krill/plugins/protocol/webhook/webhook.go:133.2,134.20 2 1
github.com/krill/krill/plugins/protocol/webhook/webhook.go:134.20,136.3 1 0
github.com/krill/krill/plugins/protocol/webhook/webhook.go:137.2,138.16 2 1
github.com/krill/krill/plugins/protocol/webhook/webhook.go:138.16,140.3 1 0
github.com/krill/krill/plugins/protocol/webhook/webhook.go:142.2,153.36 3 1
github.com/krill/krill/plugins/protocol/webhook/webhook.go:156.61,159.9 3 6
github.com/krill/krill/plugins/protocol/webhook/webhook.go:159.9,161.3 1 0
github.com/krill/krill/plugins/protocol/webhook/webhook.go:162.2,162.21 1 6
github.com/krill/krill/plugins/protocol/webhook/webhook.go:162.21,164.3 1 3
github.com/krill/krill/plugins/protocol/webhook/webhook.go:165.2,165.52 1 3
github.com/krill/krill/plugins/protocol/webhook/webhook.go:165.52,167.3 1 2
github.com/krill/krill/plugins/protocol/webhook/webhook.go:168.2,168.11 1 1
github.com/krill/krill/plugins/protocol/webhook/webhook.go:171.55,175.2 3 3
github.com/krill/krill/plugins/protocol/webhook/webhook.go:177.58,178.43 1 43
github.com/krill/krill/plugins/protocol/webhook/webhook.go:178.43,180.3 1 9
github.com/krill/krill/plugins/protocol/webhook/webhook.go:181.2,181.12 1 34
github.com/krill/krill/plugins/protocol/webhook/webhook.go:184.55,186.9 2 16
github.com/krill/krill/plugins/protocol/webhook/webhook.go:186.9,188.3 1 14
github.com/krill/krill/plugins/protocol/webhook/webhook.go:189.2,189.23 1 2
github.com/krill/krill/plugins/protocol/webhook/webhook.go:190.12,191.11 1 0
github.com/krill/krill/plugins/protocol/webhook/webhook.go:192.14,193.57 1 2
github.com/krill/krill/plugins/protocol/webhook/webhook.go:194.10,195.15 1 0
github.com/krill/krill/plugins/protocol/http/http.go:26.13,27.97 1 1
github.com/krill/krill/plugins/protocol/http/http.go:27.97,29.3 1 0
github.com/krill/krill/plugins/protocol/http/http.go:46.55,48.16 2 4
github.com/krill/krill/plugins/protocol/http/http.go:48.16,50.3 1 3
github.com/krill/krill/plugins/protocol/http/http.go:51.2,56.8 1 4
github.com/krill/krill/plugins/protocol/http/http.go:59.32,59.49 1 1
github.com/krill/krill/plugins/protocol/http/http.go:61.80,78.12 8 1
github.com/krill/krill/plugins/protocol/http/http.go:78.12,79.79 1 1
github.com/krill/krill/plugins/protocol/http/http.go:79.79,81.4 1 0
github.com/krill/krill/plugins/protocol/http/http.go:83.2,84.12 2 1
github.com/krill/krill/plugins/protocol/http/http.go:87.50,89.2 1 1
github.com/krill/krill/plugins/protocol/http/http.go:92.52,94.6 2 3
github.com/krill/krill/plugins/protocol/http/http.go:94.6,95.10 1 4
github.com/krill/krill/plugins/protocol/http/http.go:96.21,97.10 1 3
github.com/krill/krill/plugins/protocol/http/http.go:98.24,99.11 1 1
github.com/krill/krill/plugins/protocol/http/http.go:99.11,101.5 1 0
github.com/krill/krill/plugins/protocol/http/http.go:102.4,102.37 1 1
github.com/krill/krill/plugins/protocol/http/http.go:102.37,103.13 1 0
github.com/krill/krill/plugins/protocol/http/http.go:106.4,109.10 4 1
github.com/krill/krill/plugins/protocol/http/http.go:109.10,110.12 1 1
github.com/krill/krill/plugins/protocol/http/http.go:111.24,111.24 0 1
github.com/krill/krill/plugins/protocol/http/http.go:112.13,112.13 0 0
github.com/krill/krill/plugins/protocol/http/http.go:119.69,128.15 5 4
github.com/krill/krill/plugins/protocol/http/http.go:128.15,130.3 1 4
github.com/krill/krill/plugins/protocol/http/http.go:132.2,132.33 1 4
github.com/krill/krill/plugins/protocol/http/http.go:132.33,135.3 2 1
github.com/krill/krill/plugins/protocol/http/http.go:137.2,142.61 2 3
github.com/krill/krill/plugins/protocol/http/http.go:142.61,145.3 2 1
github.com/krill/krill/plugins/protocol/http/http.go:146.2,146.23 1 2
github.com/krill/krill/plugins/protocol/http/http.go:146.23,149.3 2 1
github.com/krill/krill/plugins/protocol/http/http.go:150.2,150.24 1 1
github.com/krill/krill/plugins/protocol/http/http.go:150.24,152.3 1 0
github.com/krill/krill/plugins/protocol/http/http.go:153.2,153.24 1 1
github.com/krill/krill/plugins/protocol/http/http.go:153.24,155.3 1 0
github.com/krill/krill/plugins/protocol/http/http.go:156.2,170.15 6 1
github.com/krill/krill/plugins/protocol/http/http.go:170.15,174.3 3 1
github.com/krill/krill/plugins/protocol/http/http.go:177.2,192.69 2 1
github.com/krill/krill/plugins/protocol/http/http.go:192.69,195.3 2 0
github.com/krill/krill/plugins/protocol/http/http.go:196.2,212.9 8 1
github.com/krill/krill/plugins/protocol/http/http.go:213.28,214.9 1 0
github.com/krill/krill/plugins/protocol/http/http.go:215.19,223.9 3 0
github.com/krill/krill/plugins/protocol/http/http.go:224.26,236.21 3 1
github.com/krill/krill/plugins/protocol/http/http.go:236.21,238.4 1 1
github.com/krill/krill/plugins/protocol/http/http.go:239.3,248.4 1 1
github.com/krill/krill/plugins/protocol/http/http.go:252.59,255.2 2 1
github.com/krill/krill/plugins/protocol/http/http.go:257.63,258.20 1 2
github.com/krill/krill/plugins/protocol/http/http.go:258.20,260.3 1 1
github.com/krill/krill/plugins/protocol/http/http.go:261.2,261.54 1 1
github.com/krill/krill/plugins/protocol/http/http.go:261.54,262.58 1 2
github.com/krill/krill/plugins/protocol/http/http.go:262.58,265.4 2 1
github.com/krill/krill/plugins/protocol/http/http.go:266.3,266.13 1 1
github.com/krill/krill/plugins/protocol/http/http.go:270.56,273.2 2 4
github.com/krill/krill/plugins/protocol/http/http.go:275.55,277.9 2 9
github.com/krill/krill/plugins/protocol/http/http.go:277.9,279.3 1 6
github.com/krill/krill/plugins/protocol/http/http.go:280.2,280.23 1 3
github.com/krill/krill/plugins/protocol/http/http.go:281.12,282.11 1 1
github.com/krill/krill/plugins/protocol/http/http.go:283.14,284.57 1 2
github.com/krill/krill/plugins/protocol/http/http.go:285.10,286.15 1 0
github.com/krill/krill/plugins/protocol/http/http.go:290.49,291.65 1 7
github.com/krill/krill/plugins/protocol/http/http.go:291.65,293.3 1 1
github.com/krill/krill/plugins/protocol/http/http.go:294.2,294.68 1 6
github.com/krill/krill/plugins/protocol/http/http.go:294.68,296.45 2 1
github.com/krill/krill/plugins/protocol/http/http.go:296.45,298.4 1 1
github.com/krill/krill/plugins/protocol/http/http.go:300.2,300.31 1 5
github.com/krill/krill/plugins/protocol/telegram/telegram.go:23.13,24.101 1 1
github.com/krill/krill/plugins/protocol/telegram/telegram.go:24.101,26.3 1 0
github.com/krill/krill/plugins/protocol/telegram/telegram.go:41.55,43.17 2 6
github.com/krill/krill/plugins/protocol/telegram/telegram.go:43.17,45.3 1 1
github.com/krill/krill/plugins/protocol/telegram/telegram.go:46.2,47.48 2 5
github.com/krill/krill/plugins/protocol/telegram/telegram.go:47.48,49.3 1 5
github.com/krill/krill/plugins/protocol/telegram/telegram.go:50.2,55.8 1 5
github.com/krill/krill/plugins/protocol/telegram/telegram.go:58.32,58.53 1 1
github.com/krill/krill/plugins/protocol/telegram/telegram.go:60.80,68.2 7 1
github.com/krill/krill/plugins/protocol/telegram/telegram.go:70.48,71.21 1 1
github.com/krill/krill/plugins/protocol/telegram/telegram.go:71.21,73.3 1 1
github.com/krill/krill/plugins/protocol/telegram/telegram.go:74.2,74.12 1 1
github.com/krill/krill/plugins/protocol/telegram/telegram.go:78.44,80.6 2 1
github.com/krill/krill/plugins/protocol/telegram/telegram.go:80.6,81.10 1 45
github.com/krill/krill/plugins/protocol/telegram/telegram.go:82.21,83.10 1 1
github.com/krill/krill/plugins/protocol/telegram/telegram.go:84.31,84.31 0 44
github.com/krill/krill/plugins/protocol/telegram/telegram.go:86.3,87.17 2 44
github.com/krill/krill/plugins/protocol/telegram/telegram.go:87.17,89.12 2 0
github.com/krill/krill/plugins/protocol/telegram/telegram.go:91.3,91.29 1 44
github.com/krill/krill/plugins/protocol/telegram/telegram.go:91.29,93.48 2 1
github.com/krill/krill/plugins/protocol/telegram/telegram.go:93.48,94.13 1 0
github.com/krill/krill/plugins/protocol/telegram/telegram.go:96.4,111.40 4 1
github.com/krill/krill/plugins/protocol/telegram/telegram.go:117.45,119.6 2 3
github.com/krill/krill/plugins/protocol/telegram/telegram.go:119.6,120.10 1 7
github.com/krill/krill/plugins/protocol/telegram/telegram.go:121.21,122.10 1 3
github.com/krill/krill/plugins/protocol/telegram/telegram.go:123.24,124.11 1 4
github.com/krill/krill/plugins/protocol/telegram/telegram.go:124.11,126.5 1 0
github.com/krill/krill/plugins/protocol/telegram/telegram.go:127.4,127.37 1 4
github.com/krill/krill/plugins/protocol/telegram/telegram.go:127.37,128.13 1 1
github.com/krill/krill/plugins/protocol/telegram/telegram.go:130.4,131.20 2 3
github.com/krill/krill/plugins/protocol/telegram/telegram.go:131.20,133.30 1 2
github.com/krill/krill/plugins/protocol/telegram/telegram.go:133.30,135.6 1 1
github.com/krill/krill/plugins/protocol/telegram/telegram.go:137.4,137.20 1 3
github.com/krill/krill/plugins/protocol/telegram/telegram.go:137.20,138.13 1 1
github.com/krill/krill/plugins/protocol/telegram/telegram.go:140.4,140.56 1 2
github.com/krill/krill/plugins/protocol/telegram/telegram.go:140.56,142.5 1 0
github.com/krill/krill/plugins/protocol/telegram/telegram.go:162.82,166.16 4 46
github.com/krill/krill/plugins/protocol/telegram/telegram.go:166.16,168.3 1 1
github.com/krill/krill/plugins/protocol/telegram/telegram.go:169.2,175.49 4 45
github.com/krill/krill/plugins/protocol/telegram/telegram.go:175.49,177.3 1 0
github.com/krill/krill/plugins/protocol/telegram/telegram.go:178.2,178.22 1 45
github.com/krill/krill/plugins/protocol/telegram/telegram.go:181.71,187.16 6 4
github.com/krill/krill/plugins/protocol/telegram/telegram.go:187.16,189.3 1 1
github.com/krill/krill/plugins/protocol/telegram/telegram.go:190.2,191.12 2 3
github.com/krill/krill/plugins/protocol/telegram/telegram.go:194.55,196.9 2 11
github.com/krill/krill/plugins/protocol/telegram/telegram.go:196.9,198.3 1 8
github.com/krill/krill/plugins/protocol/telegram/telegram.go:199.2,199.23 1 3
github.com/krill/krill/plugins/protocol/telegram/telegram.go:200.12,201.11 1 1
github.com/krill/krill/plugins/protocol/telegram/telegram.go:202.14,203.57 1 2
github.com/krill/krill/plugins/protocol/telegram/telegram.go:204.10,205.15 1 0
github.com/krill/krill/plugins/skill/builtins/builtins.go:20.59,96.2 4 0
github.com/krill/krill/plugins/skill/builtins/builtins.go:102.83,109.64 2 0
github.com/krill/krill/plugins/skill/builtins/builtins.go:109.64,111.3 1 0
github.com/krill/krill/plugins/skill/builtins/builtins.go:112.2,112.23 1 0
github.com/krill/krill/plugins/skill/builtins/builtins.go:112.23,114.3 1 0
github.com/krill/krill/plugins/skill/builtins/builtins.go:115.2,115.89 1 0
github.com/krill/krill/plugins/skill/builtins/builtins.go:115.89,117.3 1 0
github.com/krill/krill/plugins/skill/builtins/builtins.go:119.2,120.21 2 0
github.com/krill/krill/plugins/skill/builtins/builtins.go:120.21,122.3 1 0
github.com/krill/krill/plugins/skill/builtins/builtins.go:123.2,124.16 2 0
github.com/krill/krill/plugins/skill/builtins/builtins.go:124.16,126.3 1 0
github.com/krill/krill/plugins/skill/builtins/builtins.go:127.2,127.33 1 0
github.com/krill/krill/plugins/skill/builtins/builtins.go:127.33,129.3 1 0
github.com/krill/krill/plugins/skill/builtins/builtins.go:131.2,132.16 2 0
github.com/krill/krill/plugins/skill/builtins/builtins.go:132.16,134.3 1 0
github.com/krill/krill/plugins/skill/builtins/builtins.go:135.2,138.16 3 0
github.com/krill/krill/plugins/skill/builtins/builtins.go:138.16,140.3 1 0
github.com/krill/krill/plugins/skill/builtins/builtins.go:141.2,141.26 1 0
github.com/krill/krill/plugins/skill/builtins/builtins.go:148.82,152.64 2 0
github.com/krill/krill/plugins/skill/builtins/builtins.go:152.64,154.3 1 0
github.com/krill/krill/plugins/skill/builtins/builtins.go:155.2,156.63 2 0
github.com/krill/krill/plugins/skill/builtins/builtins.go:156.63,158.3 1 0
github.com/krill/krill/plugins/skill/builtins/builtins.go:159.2,160.25 2 0
github.com/krill/krill/plugins/skill/builtins/builtins.go:167.83,172.64 2 0
github.com/krill/krill/plugins/skill/builtins/builtins.go:172.64,174.3 1 0
github.com/krill/krill/plugins/skill/builtins/builtins.go:175.2,176.64 2 0
github.com/krill/krill/plugins/skill/builtins/builtins.go:176.64,178.3 1 0
github.com/krill/krill/plugins/skill/builtins/builtins.go:179.2,181.25 3 0
github.com/krill/krill/plugins/skill/builtins/builtins.go:184.57,185.37 1 0
github.com/krill/krill/plugins/skill/builtins/builtins.go:185.37,187.3 1 0
github.com/krill/krill/plugins/skill/builtins/builtins.go:188.2,188.26 1 0
github.com/krill/krill/plugins/skill/builtins/builtins.go:189.30,190.43 1 0
github.com/krill/krill/plugins/skill/builtins/builtins.go:191.21,195.22 3 0
github.com/krill/krill/plugins/skill/builtins/builtins.go:195.22,197.4 1 0
github.com/krill/krill/plugins/skill/builtins/builtins.go:199.2,199.12 1 0
github.com/krill/krill/plugins/skill/builtins/code_exec.go:31.48,33.2 1 0
github.com/krill/krill/plugins/skill/builtins/code_exec.go:61.93,63.19 2 3
github.com/krill/krill/plugins/skill/builtins/code_exec.go:63.19,65.3 1 3
github.com/krill/krill/plugins/skill/builtins/code_exec.go:66.2,69.15 2 3
github.com/krill/krill/plugins/skill/builtins/code_exec.go:69.15,69.35 1 3
github.com/krill/krill/plugins/skill/builtins/code_exec.go:71.2,72.64 2 3
github.com/krill/krill/plugins/skill/builtins/code_exec.go:72.64,74.3 1 0
github.com/krill/krill/plugins/skill/builtins/code_exec.go:76.2,77.16 2 3
github.com/krill/krill/plugins/skill/builtins/code_exec.go:77.16,79.3 1 0
github.com/krill/krill/plugins/skill/builtins/code_exec.go:81.2,82.16 2 3
github.com/krill/krill/plugins/skill/builtins/code_exec.go:82.16,84.3 1 1
github.com/krill/krill/plugins/skill/builtins/code_exec.go:86.2,96.16 3 2
github.com/krill/krill/plugins/skill/builtins/code_exec.go:96.16,98.3 1 0
github.com/krill/krill/plugins/skill/builtins/code_exec.go:99.2,108.21 4 2
github.com/krill/krill/plugins/skill/builtins/code_exec.go:108.21,109.41 1 1
github.com/krill/krill/plugins/skill/builtins/code_exec.go:109.41,111.4 1 0
github.com/krill/krill/plugins/skill/builtins/code_exec.go:112.3,112.63 1 1
github.com/krill/krill/plugins/skill/builtins/code_exec.go:115.2,115.26 1 2
github.com/krill/krill/plugins/skill/builtins/code_exec.go:115.26,117.20 2 2
github.com/krill/krill/plugins/skill/builtins/code_exec.go:117.20,119.4 1 1
github.com/krill/krill/plugins/skill/builtins/code_exec.go:120.3,121.67 2 1
github.com/krill/krill/plugins/skill/builtins/code_exec.go:121.67,123.4 1 0
github.com/krill/krill/plugins/skill/builtins/code_exec.go:124.3,124.73 1 1
github.com/krill/krill/plugins/skill/builtins/code_exec.go:124.73,126.4 1 0
github.com/krill/krill/plugins/skill/builtins/code_exec.go:127.3,133.16 2 1
github.com/krill/krill/plugins/skill/builtins/code_exec.go:133.16,142.4 2 0
github.com/krill/krill/plugins/skill/builtins/code_exec.go:144.2,144.16 1 1
github.com/krill/krill/plugins/skill/builtins/code_exec.go:144.16,149.3 1 1
github.com/krill/krill/plugins/skill/builtins/code_exec.go:151.2,152.36 2 1
github.com/krill/krill/plugins/skill/builtins/code_exec.go:152.36,154.3 1 1
github.com/krill/krill/plugins/skill/builtins/code_exec.go:155.2,156.16 2 1
github.com/krill/krill/plugins/skill/builtins/code_exec.go:156.16,158.3 1 0
github.com/krill/krill/plugins/skill/builtins/code_exec.go:159.2,160.53 2 1
github.com/krill/krill/plugins/skill/builtins/code_exec.go:160.53,162.3 1 0
github.com/krill/krill/plugins/skill/builtins/code_exec.go:164.2,165.20 2 1
github.com/krill/krill/plugins/skill/builtins/code_exec.go:165.20,167.3 1 1
github.com/krill/krill/plugins/skill/builtins/code_exec.go:168.2,168.34 1 1
github.com/krill/krill/plugins/skill/builtins/code_exec.go:168.34,170.3 1 0
github.com/krill/krill/plugins/skill/builtins/code_exec.go:172.2,209.19 16 1
github.com/krill/krill/plugins/skill/builtins/code_exec.go:209.19,212.10 3 0
github.com/krill/krill/plugins/skill/builtins/code_exec.go:213.36,215.53 2 0
github.com/krill/krill/plugins/skill/builtins/code_exec.go:216.58,218.35 2 0
github.com/krill/krill/plugins/skill/builtins/code_exec.go:219.11,221.30 2 0
github.com/krill/krill/plugins/skill/builtins/code_exec.go:225.2,243.16 8 1
github.com/krill/krill/plugins/skill/builtins/code_exec.go:243.16,245.3 1 0
github.com/krill/krill/plugins/skill/builtins/code_exec.go:246.2,246.26 1 1
github.com/krill/krill/plugins/skill/builtins/code_exec.go:249.42,250.18 1 11
github.com/krill/krill/plugins/skill/builtins/code_exec.go:250.18,252.3 1 0
github.com/krill/krill/plugins/skill/builtins/code_exec.go:253.2,253.23 1 11
github.com/krill/krill/plugins/skill/builtins/code_exec.go:256.56,258.13 2 3
github.com/krill/krill/plugins/skill/builtins/code_exec.go:258.13,260.3 1 0
github.com/krill/krill/plugins/skill/builtins/code_exec.go:261.2,262.18 2 3
github.com/krill/krill/plugins/skill/builtins/code_exec.go:262.18,264.3 1 0
github.com/krill/krill/plugins/skill/builtins/code_exec.go:265.2,265.27 1 3
github.com/krill/krill/plugins/skill/builtins/code_exec.go:265.27,267.3 1 0
github.com/krill/krill/plugins/skill/builtins/code_exec.go:268.2,268.80 1 3
github.com/krill/krill/plugins/skill/builtins/code_exec.go:268.80,270.3 1 1
github.com/krill/krill/plugins/skill/builtins/code_exec.go:271.2,271.19 1 2
github.com/krill/krill/plugins/skill/builtins/code_exec.go:274.79,275.18 1 3
github.com/krill/krill/plugins/skill/builtins/code_exec.go:276.22,277.35 1 2
github.com/krill/krill/plugins/skill/builtins/code_exec.go:278.34,279.32 1 0
github.com/krill/krill/plugins/skill/builtins/code_exec.go:280.20,281.32 1 0
github.com/krill/krill/plugins/skill/builtins/code_exec.go:282.10,283.107 1 1
github.com/krill/krill/plugins/skill/builtins/code_exec.go:287.60,288.24 1 2
github.com/krill/krill/plugins/skill/builtins/code_exec.go:288.24,290.3 1 2
github.com/krill/krill/plugins/skill/builtins/code_exec.go:291.2,292.39 2 0
github.com/krill/krill/plugins/skill/builtins/code_exec.go:295.62,297.16 2 0
github.com/krill/krill/plugins/skill/builtins/code_exec.go:297.16,299.3 1 0
github.com/krill/krill/plugins/skill/builtins/code_exec.go:300.2,300.38 1 0
github.com/krill/krill/internal/orchestrator/orchestrator.go:50.18,52.21 2 0
github.com/krill/krill/internal/orchestrator/orchestrator.go:52.21,54.3 1 0
github.com/krill/krill/internal/orchestrator/orchestrator.go:55.2,64.8 1 0
github.com/krill/krill/internal/orchestrator/orchestrator.go:68.49,73.2 4 0
github.com/krill/krill/internal/orchestrator/orchestrator.go:76.71,77.6 1 0
github.com/krill/krill/internal/orchestrator/orchestrator.go:77.6,78.10 1 0
github.com/krill/krill/internal/orchestrator/orchestrator.go:79.21,80.10 1 0
github.com/krill/krill/internal/orchestrator/orchestrator.go:81.24,82.11 1 0
github.com/krill/krill/internal/orchestrator/orchestrator.go:82.11,84.5 1 0
github.com/krill/krill/internal/orchestrator/orchestrator.go:85.4,85.32 1 0
github.com/krill/krill/internal/orchestrator/orchestrator.go:85.32,86.13 1 0
github.com/krill/krill/internal/orchestrator/orchestrator.go:88.4,88.21 1 0
github.com/krill/krill/internal/orchestrator/orchestrator.go:94.62,97.13 3 0
github.com/krill/krill/internal/orchestrator/orchestrator.go:97.13,99.10 1 0
github.com/krill/krill/internal/orchestrator/orchestrator.go:100.28,100.28 0 0
github.com/krill/krill/internal/orchestrator/orchestrator.go:101.11,105.10 3 0
github.com/krill/krill/internal/orchestrator/orchestrator.go:108.3,115.28 6 0
github.com/krill/krill/internal/orchestrator/orchestrator.go:115.28,116.17 1 0
github.com/krill/krill/internal/orchestrator/orchestrator.go:116.17,123.5 6 0
github.com/krill/krill/internal/orchestrator/orchestrator.go:124.4,124.21 1 0
github.com/krill/krill/internal/orchestrator/orchestrator.go:127.3,131.33 1 0
github.com/krill/krill/internal/orchestrator/orchestrator.go:133.2,135.19 2 0
github.com/krill/krill/internal/orchestrator/orchestrator.go:140.66,142.22 2 0
github.com/krill/krill/internal/orchestrator/orchestrator.go:142.22,144.3 1 0
github.com/krill/krill/internal/orchestrator/orchestrator.go:147.2,147.27 1 0
github.com/krill/krill/internal/orchestrator/orchestrator.go:147.27,148.69 1 0
github.com/krill/krill/internal/orchestrator/orchestrator.go:148.69,150.4 1 0
github.com/krill/krill/internal/orchestrator/orchestrator.go:154.2,155.27 2 0
github.com/krill/krill/internal/orchestrator/orchestrator.go:155.27,156.28 1 0
github.com/krill/krill/internal/orchestrator/orchestrator.go:156.28,158.4 1 0
github.com/krill/krill/internal/orchestrator/orchestrator.go:160.2,160.25 1 0
github.com/krill/krill/internal/orchestrator/orchestrator.go:160.25,163.3 2 0
github.com/krill/krill/internal/orchestrator/orchestrator.go:165.2,165.18 1 0
github.com/krill/krill/internal/orchestrator/orchestrator.go:169.72,171.2 1 0
github.com/krill/krill/internal/orchestrator/orchestrator.go:174.34,178.2 3 0
github.com/krill/krill/internal/orchestrator/orchestrator.go:181.54,189.2 1 0
github.com/krill/krill/internal/orchestrator/orchestrator.go:192.32,194.2 1 0
github.com/krill/krill/internal/llm/llm.go:85.49,87.34 2 0
github.com/krill/krill/internal/llm/llm.go:87.34,92.3 1 0
github.com/krill/krill/internal/llm/llm.go:93.2,93.26 1 0
github.com/krill/krill/internal/llm/llm.go:93.26,95.3 1 0
github.com/krill/krill/internal/llm/llm.go:96.2,96.15 1 0
github.com/krill/krill/internal/llm/llm.go:99.51,100.35 1 0
github.com/krill/krill/internal/llm/llm.go:100.35,102.3 1 0
github.com/krill/krill/internal/llm/llm.go:103.2,103.36 1 0
github.com/krill/krill/internal/llm/llm.go:103.36,105.3 1 0
github.com/krill/krill/internal/llm/llm.go:106.2,106.67 1 0
github.com/krill/krill/internal/llm/llm.go:110.81,114.28 2 0
github.com/krill/krill/internal/llm/llm.go:114.28,116.3 1 0
github.com/krill/krill/internal/llm/llm.go:119.2,119.33 1 0
github.com/krill/krill/internal/llm/llm.go:119.33,121.27 2 0
github.com/krill/krill/internal/llm/llm.go:121.27,124.4 2 0
github.com/krill/krill/internal/llm/llm.go:125.3,125.25 1 0
github.com/krill/krill/internal/llm/llm.go:125.25,127.4 1 0
github.com/krill/krill/internal/llm/llm.go:128.3,128.29 1 0
github.com/krill/krill/internal/llm/llm.go:131.2,132.20 2 0
github.com/krill/krill/internal/llm/llm.go:132.20,134.3 1 0
github.com/krill/krill/internal/llm/llm.go:135.2,135.20 1 0
github.com/krill/krill/internal/llm/llm.go:135.20,137.3 1 0
github.com/krill/krill/internal/llm/llm.go:139.2,144.24 2 0
github.com/krill/krill/internal/llm/llm.go:144.24,146.3 1 0
github.com/krill/krill/internal/llm/llm.go:148.2,152.16 3 0
github.com/krill/krill/internal/llm/llm.go:152.16,154.3 1 0
github.com/krill/krill/internal/llm/llm.go:155.2,159.16 4 0
github.com/krill/krill/internal/llm/llm.go:159.16,161.3 1 0
github.com/krill/krill/internal/llm/llm.go:162.2,164.28 3 0
github.com/krill/krill/internal/llm/llm.go:164.28,166.3 1 0
github.com/krill/krill/internal/llm/llm.go:168.2,178.55 2 0
github.com/krill/krill/internal/llm/llm.go:178.55,180.3 1 0
github.com/krill/krill/internal/llm/llm.go:181.2,181.31 1 0
github.com/krill/krill/internal/llm/llm.go:181.31,183.3 1 0
github.com/krill/krill/internal/llm/llm.go:185.2,187.22 3 0
github.com/krill/krill/internal/llm/llm.go:187.22,189.3 1 0
github.com/krill/krill/internal/llm/llm.go:192.2,199.8 2 0
github.com/krill/krill/internal/sandbox/sandbox.go:47.53,48.20 1 0
github.com/krill/krill/internal/sandbox/sandbox.go:48.20,50.3 1 0
github.com/krill/krill/internal/sandbox/sandbox.go:51.2,51.45 1 0
github.com/krill/krill/internal/sandbox/sandbox.go:51.45,53.3 1 0
github.com/krill/krill/internal/sandbox/sandbox.go:54.2,54.39 1 0
github.com/krill/krill/internal/sandbox/sandbox.go:57.84,59.18 2 0
github.com/krill/krill/internal/sandbox/sandbox.go:59.18,61.3 1 0
github.com/krill/krill/internal/sandbox/sandbox.go:62.2,67.16 4 0
github.com/krill/krill/internal/sandbox/sandbox.go:67.16,69.3 1 0
github.com/krill/krill/internal/sandbox/sandbox.go:70.2,82.30 6 0
github.com/krill/krill/internal/sandbox/sandbox.go:82.30,84.3 1 0
github.com/krill/krill/internal/sandbox/sandbox.go:86.2,90.34 4 0
github.com/krill/krill/internal/sandbox/sandbox.go:90.34,92.23 2 0
github.com/krill/krill/internal/sandbox/sandbox.go:92.23,94.4 1 0
github.com/krill/krill/internal/sandbox/sandbox.go:95.3,95.47 1 0
github.com/krill/krill/internal/sandbox/sandbox.go:97.2,97.48 1 0
github.com/krill/krill/internal/sandbox/sandbox.go:113.47,114.45 1 0
github.com/krill/krill/internal/sandbox/sandbox.go:114.45,116.3 1 0
github.com/krill/krill/internal/sandbox/sandbox.go:117.2,117.36 1 0
github.com/krill/krill/internal/sandbox/sandbox.go:120.72,125.2 1 0
github.com/krill/krill/internal/sandbox/sandbox.go:131.24,131.49 1 0
github.com/krill/krill/internal/sandbox/sandbox.go:133.79,135.2 1 0
github.com/krill/krill/internal/telemetry/context.go:14.88,19.2 4 0
github.com/krill/krill/internal/telemetry/context.go:22.80,23.49 1 0
github.com/krill/krill/internal/telemetry/context.go:23.49,25.3 1 0
github.com/krill/krill/internal/telemetry/context.go:26.2,26.48 1 0
github.com/krill/krill/internal/telemetry/context.go:26.48,28.3 1 0
github.com/krill/krill/internal/telemetry/context.go:29.2,29.51 1 0
github.com/krill/krill/internal/telemetry/context.go:29.51,31.3 1 0
github.com/krill/krill/internal/telemetry/context.go:32.2,32.35 1 0
github.com/krill/krill/internal/telemetry/trace.go:13.26,15.2 1 0
github.com/krill/krill/internal/telemetry/trace.go:18.25,20.2 1 0
github.com/krill/krill/internal/telemetry/trace.go:33.90,34.19 1 0
github.com/krill/krill/internal/telemetry/trace.go:34.19,36.3 1 0
github.com/krill/krill/internal/telemetry/trace.go:37.2,54.13 5 0
github.com/krill/krill/internal/telemetry/trace.go:58.45,59.30 1 0
github.com/krill/krill/internal/telemetry/trace.go:59.30,61.3 1 0
github.com/krill/krill/internal/telemetry/trace.go:62.2,69.16 2 0
github.com/krill/krill/internal/telemetry/trace.go:69.16,71.3 1 0
github.com/krill/krill/internal/telemetry/trace.go:71.8,73.3 1 0
github.com/krill/krill/internal/telemetry/trace.go:74.2,75.35 2 0
github.com/krill/krill/internal/telemetry/trace.go:79.33,80.14 1 0
github.com/krill/krill/internal/telemetry/trace.go:80.14,82.3 1 0
github.com/krill/krill/internal/telemetry/trace.go:83.2,83.18 1 0
github.com/krill/krill/internal/telemetry/trace.go:87.32,88.14 1 0
github.com/krill/krill/internal/telemetry/trace.go:88.14,90.3 1 0
github.com/krill/krill/internal/telemetry/trace.go:91.2,91.17 1 0
github.com/krill/krill/internal/telemetry/trace.go:94.30,96.40 2 0
github.com/krill/krill/internal/telemetry/trace.go:96.40,99.3 2 0
github.com/krill/krill/internal/telemetry/trace.go:100.2,100.30 1 0
github.com/krill/krill/cmd/krill/main.go:27.13,32.16 4 0
github.com/krill/krill/cmd/krill/main.go:32.16,35.3 2 0
github.com/krill/krill/cmd/krill/main.go:36.2,43.16 6 0
github.com/krill/krill/cmd/krill/main.go:43.16,46.3 2 0
github.com/krill/krill/cmd/krill/main.go:48.2,48.12 1 0
github.com/krill/krill/cmd/krill/main.go:48.12,54.3 5 0
github.com/krill/krill/cmd/krill/main.go:56.2,56.40 1 0
github.com/krill/krill/cmd/krill/main.go:56.40,59.3 2 0
github.com/krill/krill/cmd/krill/main.go:62.44,64.52 2 0
github.com/krill/krill/cmd/krill/main.go:65.18,66.56 1 0
github.com/krill/krill/cmd/krill/main.go:67.32,68.56 1 0
github.com/krill/krill/cmd/krill/main.go:69.10,72.13 3 0
github.com/krill/krill/internal/bus/bus.go:63.39,63.73 1 0
github.com/krill/krill/internal/bus/bus.go:85.32,87.2 1 0
github.com/krill/krill/internal/bus/bus.go:89.82,91.9 2 0
github.com/krill/krill/internal/bus/bus.go:92.17,92.17 0 0
github.com/krill/krill/internal/bus/bus.go:93.20,94.19 1 0
github.com/krill/krill/internal/bus/bus.go:95.10,97.10 1 0
github.com/krill/krill/internal/bus/bus.go:98.13,98.13 0 0
github.com/krill/krill/internal/bus/bus.go:99.11,99.11 0 0
github.com/krill/krill/internal/bus/bus.go:101.3,101.12 1 0
github.com/krill/krill/internal/bus/bus.go:103.2,103.12 1 0
github.com/krill/krill/internal/bus/bus.go:106.59,108.2 1 0
github.com/krill/krill/internal/bus/bus.go:110.44,113.32 3 0
github.com/krill/krill/internal/bus/bus.go:113.32,116.3 2 0
github.com/krill/krill/internal/bus/bus.go:119.59,123.8 4 0
github.com/krill/krill/internal/bus/bus.go:123.8,125.3 1 0
github.com/krill/krill/internal/bus/bus.go:126.2,128.31 3 0
github.com/krill/krill/internal/bus/bus.go:128.31,130.3 1 0
github.com/krill/krill/internal/bus/bus.go:131.2,133.11 3 0
github.com/krill/krill/internal/agent/loop.go:70.9,80.2 1 0
github.com/krill/krill/internal/agent/loop.go:83.43,85.22 1 0
github.com/krill/krill/internal/agent/loop.go:85.22,89.3 3 0
github.com/krill/krill/internal/agent/loop.go:90.2,90.9 1 0
github.com/krill/krill/internal/agent/loop.go:91.22,91.22 0 0
github.com/krill/krill/internal/agent/loop.go:92.10,93.67 1 0
github.com/krill/krill/internal/agent/loop.go:98.41,104.6 4 0
github.com/krill/krill/internal/agent/loop.go:104.6,105.10 1 0
github.com/krill/krill/internal/agent/loop.go:106.21,107.10 1 0
github.com/krill/krill/internal/agent/loop.go:108.17,110.10 2 0
github.com/krill/krill/internal/agent/loop.go:111.25,115.26 3 0
github.com/krill/krill/internal/agent/loop.go:115.26,117.5 1 0
github.com/krill/krill/internal/agent/loop.go:118.4,118.21 1 0
github.com/krill/krill/internal/agent/loop.go:124.66,126.19 2 0
github.com/krill/krill/internal/agent/loop.go:126.19,128.3 1 0
github.com/krill/krill/internal/agent/loop.go:129.2,130.21 2 0
github.com/krill/krill/internal/agent/loop.go:130.21,132.3 1 0
github.com/krill/krill/internal/agent/loop.go:133.2,155.19 7 0
github.com/krill/krill/internal/agent/loop.go:155.19,157.3 1 0
github.com/krill/krill/internal/agent/loop.go:159.2,160.16 2 0
github.com/krill/krill/internal/agent/loop.go:160.16,163.3 2 0
github.com/krill/krill/internal/agent/loop.go:165.2,166.41 2 0
github.com/krill/krill/internal/agent/loop.go:166.41,183.17 6 0
github.com/krill/krill/internal/agent/loop.go:183.17,191.4 4 0
github.com/krill/krill/internal/agent/loop.go:192.3,213.31 6 0
github.com/krill/krill/internal/agent/loop.go:213.31,223.4 3 0
github.com/krill/krill/internal/agent/loop.go:226.3,226.37 1 0
github.com/krill/krill/internal/agent/loop.go:226.37,240.22 6 0
github.com/krill/krill/internal/agent/loop.go:240.22,247.5 3 0
github.com/krill/krill/internal/agent/loop.go:247.10,247.45 1 0
github.com/krill/krill/internal/agent/loop.go:247.45,256.5 2 0
github.com/krill/krill/internal/agent/loop.go:256.10,262.5 1 0
github.com/krill/krill/internal/agent/loop.go:265.4,269.6 1 0
github.com/krill/krill/internal/agent/loop.go:271.3,276.4 1 0
github.com/krill/krill/internal/agent/loop.go:281.2,281.97 1 0
github.com/krill/krill/internal/agent/loop.go:285.76,306.58 4 0
github.com/krill/krill/internal/agent/loop.go:306.58,309.3 2 0
github.com/krill/krill/internal/agent/loop.go:310.2,318.3 1 0
github.com/krill/krill/internal/agent/loop.go:323.43,325.16 2 0
github.com/krill/krill/internal/agent/loop.go:325.16,327.3 1 0
github.com/krill/krill/internal/agent/loop.go:329.2,329.32 1 0
github.com/krill/krill/internal/agent/loop.go:329.32,331.3 1 0
github.com/krill/krill/internal/agent/loop.go:332.2,332.36 1 0
github.com/krill/krill/internal/agent/loop.go:332.36,334.3 1 0
github.com/krill/krill/internal/agent/loop.go:335.2,335.13 1 0
github.com/krill/krill/plugins/protocol/pubsub/pubsub.go:17.13,18.99 1 1
github.com/krill/krill/plugins/protocol/pubsub/pubsub.go:18.99,20.3 1 0
github.com/krill/krill/plugins/protocol/pubsub/pubsub.go:45.55,47.26 2 2
github.com/krill/krill/plugins/protocol/pubsub/pubsub.go:47.26,49.3 1 0
github.com/krill/krill/plugins/protocol/pubsub/pubsub.go:50.2,50.27 1 2
github.com/krill/krill/plugins/protocol/pubsub/pubsub.go:50.27,52.3 1 0
github.com/krill/krill/plugins/protocol/pubsub/pubsub.go:53.2,53.29 1 2
github.com/krill/krill/plugins/protocol/pubsub/pubsub.go:53.29,55.3 1 0
github.com/krill/krill/plugins/protocol/pubsub/pubsub.go:56.2,56.28 1 2
github.com/krill/krill/plugins/protocol/pubsub/pubsub.go:56.28,58.3 1 0
github.com/krill/krill/plugins/protocol/pubsub/pubsub.go:59.2,59.26 1 2
github.com/krill/krill/plugins/protocol/pubsub/pubsub.go:59.26,61.3 1 0
github.com/krill/krill/plugins/protocol/pubsub/pubsub.go:62.2,62.31 1 2
github.com/krill/krill/plugins/protocol/pubsub/pubsub.go:62.31,64.3 1 0
github.com/krill/krill/plugins/protocol/pubsub/pubsub.go:65.2,65.34 1 2
github.com/krill/krill/plugins/protocol/pubsub/pubsub.go:65.34,67.3 1 0
github.com/krill/krill/plugins/protocol/pubsub/pubsub.go:68.2,68.34 1 2
github.com/krill/krill/plugins/protocol/pubsub/pubsub.go:68.34,70.3 1 0
github.com/krill/krill/plugins/protocol/pubsub/pubsub.go:71.2,71.27 1 2
github.com/krill/krill/plugins/protocol/pubsub/pubsub.go:71.27,73.3 1 2
github.com/krill/krill/plugins/protocol/pubsub/pubsub.go:74.2,80.15 3 2
github.com/krill/krill/plugins/protocol/pubsub/pubsub.go:83.66,84.25 1 11
github.com/krill/krill/plugins/protocol/pubsub/pubsub.go:84.25,86.3 1 2
github.com/krill/krill/plugins/protocol/pubsub/pubsub.go:87.2,87.23 1 11
github.com/krill/krill/plugins/protocol/pubsub/pubsub.go:87.23,89.3 1 6
github.com/krill/krill/plugins/protocol/pubsub/pubsub.go:90.2,90.31 1 11
github.com/krill/krill/plugins/protocol/pubsub/pubsub.go:90.31,92.3 1 4
github.com/krill/krill/plugins/protocol/pubsub/pubsub.go:93.2,93.28 1 11
github.com/krill/krill/plugins/protocol/pubsub/pubsub.go:93.28,95.3 1 4
github.com/krill/krill/plugins/protocol/pubsub/pubsub.go:96.2,96.31 1 11
github.com/krill/krill/plugins/protocol/pubsub/pubsub.go:96.31,98.3 1 10
github.com/krill/krill/plugins/protocol/pubsub/pubsub.go:99.2,99.30 1 11
github.com/krill/krill/plugins/protocol/pubsub/pubsub.go:99.30,101.3 1 9
github.com/krill/krill/plugins/protocol/pubsub/pubsub.go:102.2,108.10 3 11
github.com/krill/krill/plugins/protocol/pubsub/pubsub.go:111.32,111.51 1 1
github.com/krill/krill/plugins/protocol/pubsub/pubsub.go:113.80,116.47 3 7
github.com/krill/krill/plugins/protocol/pubsub/pubsub.go:116.47,118.3 1 1
github.com/krill/krill/plugins/protocol/pubsub/pubsub.go:119.2,120.16 2 6
github.com/krill/krill/plugins/protocol/pubsub/pubsub.go:120.16,122.3 1 1
github.com/krill/krill/plugins/protocol/pubsub/pubsub.go:123.2,131.12 4 5
github.com/krill/krill/plugins/protocol/pubsub/pubsub.go:134.48,136.2 1 5
github.com/krill/krill/plugins/protocol/pubsub/pubsub.go:138.77,139.6 1 5
github.com/krill/krill/plugins/protocol/pubsub/pubsub.go:139.6,140.10 1 12
github.com/krill/krill/plugins/protocol/pubsub/pubsub.go:141.21,142.10 1 5
github.com/krill/krill/plugins/protocol/pubsub/pubsub.go:143.26,144.11 1 7
github.com/krill/krill/plugins/protocol/pubsub/pubsub.go:144.11,146.5 1 0
github.com/krill/krill/plugins/protocol/pubsub/pubsub.go:147.4,147.57 1 7
github.com/krill/krill/plugins/protocol/pubsub/pubsub.go:147.57,149.13 2 2
github.com/krill/krill/plugins/protocol/pubsub/pubsub.go:151.4,151.45 1 5
github.com/krill/krill/plugins/protocol/pubsub/pubsub.go:151.45,153.5 1 0
github.com/krill/krill/plugins/protocol/pubsub/pubsub.go:158.86,159.16 1 9
github.com/krill/krill/plugins/protocol/pubsub/pubsub.go:159.16,161.3 1 1
github.com/krill/krill/plugins/protocol/pubsub/pubsub.go:162.2,163.12 2 8
github.com/krill/krill/plugins/protocol/pubsub/pubsub.go:163.12,165.17 2 8
github.com/krill/krill/plugins/protocol/pubsub/pubsub.go:165.17,168.4 2 0
github.com/krill/krill/plugins/protocol/pubsub/pubsub.go:169.3,170.38 2 8
github.com/krill/krill/plugins/protocol/pubsub/pubsub.go:170.38,173.4 2 1
github.com/krill/krill/plugins/protocol/pubsub/pubsub.go:174.3,175.17 2 7
github.com/krill/krill/plugins/protocol/pubsub/pubsub.go:175.17,177.4 1 7
github.com/krill/krill/plugins/protocol/pubsub/pubsub.go:178.3,178.17 1 7
github.com/krill/krill/plugins/protocol/pubsub/pubsub.go:181.2,184.9 3 8
github.com/krill/krill/plugins/protocol/pubsub/pubsub.go:185.24,186.13 1 5
github.com/krill/krill/plugins/protocol/pubsub/pubsub.go:187.17,188.62 1 2
github.com/krill/krill/plugins/protocol/pubsub/pubsub.go:189.20,190.19 1 1
github.com/krill/krill/plugins/protocol/pubsub/pubsub.go:194.79,196.2 1 5
github.com/krill/krill/plugins/protocol/pubsub/pubsub.go:198.77,200.16 2 9
github.com/krill/krill/plugins/protocol/pubsub/pubsub.go:200.16,202.3 1 1
github.com/krill/krill/plugins/protocol/pubsub/pubsub.go:203.2,204.30 2 8
github.com/krill/krill/plugins/protocol/pubsub/pubsub.go:204.30,206.3 1 0
github.com/krill/krill/plugins/protocol/pubsub/pubsub.go:207.2,207.17 1 8
github.com/krill/krill/plugins/protocol/pubsub/pubsub.go:210.53,211.16 1 8
github.com/krill/krill/plugins/protocol/pubsub/pubsub.go:211.16,213.3 1 0
github.com/krill/krill/plugins/protocol/pubsub/pubsub.go:214.2,215.34 2 8
github.com/krill/krill/plugins/protocol/pubsub/pubsub.go:215.34,217.3 1 6
github.com/krill/krill/plugins/protocol/pubsub/pubsub.go:218.2,218.12 1 8
github.com/krill/krill/plugins/protocol/pubsub/pubsub.go:221.54,223.9 2 8
github.com/krill/krill/plugins/protocol/pubsub/pubsub.go:223.9,225.3 1 1
github.com/krill/krill/plugins/protocol/pubsub/pubsub.go:226.2,226.12 1 8
github.com/krill/krill/plugins/protocol/pubsub/pubsub.go:229.88,231.52 2 5
github.com/krill/krill/plugins/protocol/pubsub/pubsub.go:231.52,235.68 4 3
github.com/krill/krill/plugins/protocol/pubsub/pubsub.go:235.68,237.4 1 1
github.com/krill/krill/plugins/protocol/pubsub/pubsub.go:238.3,238.9 1 3
github.com/krill/krill/plugins/protocol/pubsub/pubsub.go:241.2,242.20 2 2
github.com/krill/krill/plugins/protocol/pubsub/pubsub.go:242.20,244.3 1 0
github.com/krill/krill/plugins/protocol/pubsub/pubsub.go:245.2,245.20 1 2
github.com/krill/krill/plugins/protocol/pubsub/pubsub.go:245.20,246.63 1 2
github.com/krill/krill/plugins/protocol/pubsub/pubsub.go:246.63,248.4 1 1
github.com/krill/krill/plugins/protocol/pubsub/pubsub.go:248.9,250.4 1 1
github.com/krill/krill/plugins/protocol/pubsub/pubsub.go:252.2,252.24 1 2
github.com/krill/krill/plugins/protocol/pubsub/pubsub.go:255.54,257.6 2 6
github.com/krill/krill/plugins/protocol/pubsub/pubsub.go:257.6,258.10 1 10
github.com/krill/krill/plugins/protocol/pubsub/pubsub.go:259.21,260.10 1 6
github.com/krill/krill/plugins/protocol/pubsub/pubsub.go:261.29,262.11 1 4
github.com/krill/krill/plugins/protocol/pubsub/pubsub.go:262.11,264.5 1 0
github.com/krill/krill/plugins/protocol/pubsub/pubsub.go:265.4,265.51 1 4
github.com/krill/krill/plugins/protocol/pubsub/pubsub.go:265.51,266.13 1 0
github.com/krill/krill/plugins/protocol/pubsub/pubsub.go:268.4,269.31 2 4
github.com/krill/krill/plugins/protocol/pubsub/pubsub.go:269.31,271.5 1 0
github.com/krill/krill/plugins/protocol/pubsub/pubsub.go:272.4,273.18 2 4
github.com/krill/krill/plugins/protocol/pubsub/pubsub.go:273.18,275.13 2 0
github.com/krill/krill/plugins/protocol/pubsub/pubsub.go:277.4,278.70 2 4
github.com/krill/krill/plugins/protocol/pubsub/pubsub.go:278.70,280.5 1 0
github.com/krill/krill/plugins/protocol/pubsub/pubsub.go:285.53,303.2 1 3
github.com/krill/krill/plugins/protocol/pubsub/pubsub.go:305.58,306.14 1 22
github.com/krill/krill/plugins/protocol/pubsub/pubsub.go:306.14,308.3 1 1
github.com/krill/krill/plugins/protocol/pubsub/pubsub.go:309.2,309.62 1 21
github.com/krill/krill/plugins/protocol/pubsub/pubsub.go:309.62,311.3 1 7
github.com/krill/krill/plugins/protocol/pubsub/pubsub.go:312.2,312.12 1 14
github.com/krill/krill/plugins/protocol/pubsub/pubsub.go:315.62,316.14 1 16
github.com/krill/krill/plugins/protocol/pubsub/pubsub.go:316.14,318.3 1 1
github.com/krill/krill/plugins/protocol/pubsub/pubsub.go:319.2,320.9 2 15
github.com/krill/krill/plugins/protocol/pubsub/pubsub.go:320.9,322.3 1 10
github.com/krill/krill/plugins/protocol/pubsub/pubsub.go:323.2,323.23 1 5
github.com/krill/krill/plugins/protocol/pubsub/pubsub.go:324.11,325.11 1 2
github.com/krill/krill/plugins/protocol/pubsub/pubsub.go:326.13,327.16 1 1
github.com/krill/krill/plugins/protocol/pubsub/pubsub.go:328.15,329.16 1 1
github.com/krill/krill/plugins/protocol/pubsub/pubsub.go:330.14,332.76 2 1
github.com/krill/krill/plugins/protocol/pubsub/pubsub.go:332.76,334.4 1 1
github.com/krill/krill/plugins/protocol/pubsub/pubsub.go:336.2,336.12 1 0
github.com/krill/krill/plugins/protocol/pubsub/pubsub.go:339.55,340.14 1 7
github.com/krill/krill/plugins/protocol/pubsub/pubsub.go:340.14,342.3 1 1
github.com/krill/krill/plugins/protocol/pubsub/pubsub.go:343.2,344.9 2 6
github.com/krill/krill/plugins/protocol/pubsub/pubsub.go:344.9,346.3 1 4
github.com/krill/krill/plugins/protocol/pubsub/pubsub.go:347.2,347.23 1 2
github.com/krill/krill/plugins/protocol/pubsub/pubsub.go:348.12,349.11 1 1
github.com/krill/krill/plugins/protocol/pubsub/pubsub.go:350.14,351.57 1 1
github.com/krill/krill/plugins/protocol/pubsub/pubsub.go:352.10,353.15 1 0
