mode: atomic
github.com/krill/krill/internal/ingress/normalizer.go:16.57,22.2 1 4
github.com/krill/krill/internal/ingress/normalizer.go:24.81,27.35 3 6
github.com/krill/krill/internal/ingress/normalizer.go:27.35,30.3 2 3
github.com/krill/krill/internal/ingress/normalizer.go:31.2,36.73 5 6
github.com/krill/krill/internal/ingress/normalizer.go:36.73,39.3 2 2
github.com/krill/krill/internal/ingress/normalizer.go:40.2,42.21 3 4
github.com/krill/krill/internal/ingress/normalizer.go:42.21,44.3 1 0
github.com/krill/krill/internal/ingress/normalizer.go:45.2,45.32 1 4
github.com/krill/krill/internal/ingress/normalizer.go:45.32,47.3 1 4
github.com/krill/krill/internal/ingress/normalizer.go:48.2,49.17 2 4
github.com/krill/krill/internal/ingress/normalizer.go:52.94,54.16 2 5
github.com/krill/krill/internal/ingress/normalizer.go:54.16,56.3 1 1
github.com/krill/krill/internal/ingress/normalizer.go:57.2,59.51 3 4
github.com/krill/krill/internal/bus/bus.go:65.39,65.73 1 2
github.com/krill/krill/internal/bus/bus.go:87.32,89.2 1 3
github.com/krill/krill/internal/bus/bus.go:91.82,94.35 3 6
github.com/krill/krill/internal/bus/bus.go:94.35,97.3 2 0
github.com/krill/krill/internal/bus/bus.go:98.2,102.9 4 6
github.com/krill/krill/internal/bus/bus.go:103.17,103.17 0 3
github.com/krill/krill/internal/bus/bus.go:104.20,105.19 1 2
github.com/krill/krill/internal/bus/bus.go:106.10,108.10 1 1
github.com/krill/krill/internal/bus/bus.go:109.13,109.13 0 1
github.com/krill/krill/internal/bus/bus.go:110.11,110.11 0 0
github.com/krill/krill/internal/bus/bus.go:112.3,112.12 1 1
github.com/krill/krill/internal/bus/bus.go:114.2,114.23 1 4
github.com/krill/krill/internal/bus/bus.go:114.23,116.3 1 0
github.com/krill/krill/internal/bus/bus.go:117.2,117.12 1 4
github.com/krill/krill/internal/bus/bus.go:120.59,122.2 1 2
github.com/krill/krill/internal/bus/bus.go:124.44,127.32 3 2
github.com/krill/krill/internal/bus/bus.go:127.32,130.3 2 1
github.com/krill/krill/internal/bus/bus.go:133.59,137.8 4 8
github.com/krill/krill/internal/bus/bus.go:137.8,139.3 1 5
github.com/krill/krill/internal/bus/bus.go:140.2,142.31 3 3
github.com/krill/krill/internal/bus/bus.go:142.31,144.3 1 0
github.com/krill/krill/internal/bus/bus.go:145.2,147.11 3 3
github.com/krill/krill/internal/sandbox/sandbox.go:49.53,50.20 1 4
github.com/krill/krill/internal/sandbox/sandbox.go:50.20,52.3 1 1
github.com/krill/krill/internal/sandbox/sandbox.go:53.2,53.45 1 3
github.com/krill/krill/internal/sandbox/sandbox.go:53.45,55.3 1 1
github.com/krill/krill/internal/sandbox/sandbox.go:56.2,56.39 1 2
github.com/krill/krill/internal/sandbox/sandbox.go:59.84,67.15 5 2
github.com/krill/krill/internal/sandbox/sandbox.go:67.15,70.3 2 2
github.com/krill/krill/internal/sandbox/sandbox.go:72.2,73.18 2 2
github.com/krill/krill/internal/sandbox/sandbox.go:73.18,75.3 1 1
github.com/krill/krill/internal/sandbox/sandbox.go:76.2,81.16 4 2
github.com/krill/krill/internal/sandbox/sandbox.go:81.16,84.3 2 0
github.com/krill/krill/internal/sandbox/sandbox.go:85.2,97.30 6 2
github.com/krill/krill/internal/sandbox/sandbox.go:97.30,99.3 1 1
github.com/krill/krill/internal/sandbox/sandbox.go:101.2,105.34 4 2
github.com/krill/krill/internal/sandbox/sandbox.go:105.34,107.23 2 1
github.com/krill/krill/internal/sandbox/sandbox.go:107.23,109.4 1 0
github.com/krill/krill/internal/sandbox/sandbox.go:110.3,111.47 2 1
github.com/krill/krill/internal/sandbox/sandbox.go:113.2,113.48 1 1
github.com/krill/krill/internal/sandbox/sandbox.go:129.47,130.45 1 1
github.com/krill/krill/internal/sandbox/sandbox.go:130.45,132.3 1 0
github.com/krill/krill/internal/sandbox/sandbox.go:133.2,133.36 1 1
github.com/krill/krill/internal/sandbox/sandbox.go:136.72,142.2 2 1
github.com/krill/krill/internal/sandbox/sandbox.go:148.24,148.49 1 1
github.com/krill/krill/internal/sandbox/sandbox.go:150.79,152.2 1 1
github.com/krill/krill/internal/schema/schema.go:39.76,41.50 2 3
github.com/krill/krill/internal/schema/schema.go:41.50,43.3 1 0
github.com/krill/krill/internal/schema/schema.go:44.2,44.93 1 3
github.com/krill/krill/internal/schema/schema.go:44.93,46.3 1 1
github.com/krill/krill/internal/schema/schema.go:47.2,48.64 2 2
github.com/krill/krill/internal/schema/schema.go:48.64,50.3 1 1
github.com/krill/krill/internal/schema/schema.go:51.2,51.16 1 1
github.com/krill/krill/internal/schema/schema.go:54.42,55.47 1 5
github.com/krill/krill/internal/schema/schema.go:55.47,57.3 1 1
github.com/krill/krill/internal/schema/schema.go:58.2,58.36 1 5
github.com/krill/krill/internal/schema/schema.go:58.36,60.3 1 1
github.com/krill/krill/internal/schema/schema.go:61.2,61.42 1 5
github.com/krill/krill/internal/schema/schema.go:61.42,63.3 1 2
github.com/krill/krill/internal/schema/schema.go:64.2,64.40 1 5
github.com/krill/krill/internal/schema/schema.go:64.40,66.3 1 2
github.com/krill/krill/internal/schema/schema.go:67.2,67.44 1 5
github.com/krill/krill/internal/schema/schema.go:67.44,69.3 1 2
github.com/krill/krill/internal/schema/schema.go:70.2,70.20 1 5
github.com/krill/krill/internal/schema/schema.go:70.20,72.3 1 2
github.com/krill/krill/internal/schema/schema.go:73.2,73.28 1 5
github.com/krill/krill/internal/schema/schema.go:73.28,75.3 1 2
github.com/krill/krill/internal/schema/schema.go:76.2,76.27 1 5
github.com/krill/krill/internal/schema/schema.go:76.27,78.3 1 2
github.com/krill/krill/internal/schema/schema.go:79.2,79.11 1 5
github.com/krill/krill/internal/schema/schema.go:82.51,83.81 1 11
github.com/krill/krill/internal/schema/schema.go:83.81,85.3 1 0
github.com/krill/krill/internal/schema/schema.go:86.2,86.36 1 11
github.com/krill/krill/internal/schema/schema.go:86.36,88.3 1 1
github.com/krill/krill/internal/schema/schema.go:89.2,89.42 1 10
github.com/krill/krill/internal/schema/schema.go:89.42,91.3 1 2
github.com/krill/krill/internal/schema/schema.go:92.2,92.42 1 8
github.com/krill/krill/internal/schema/schema.go:92.42,94.3 1 1
github.com/krill/krill/internal/schema/schema.go:95.2,95.48 1 7
github.com/krill/krill/internal/schema/schema.go:95.48,97.3 1 1
github.com/krill/krill/internal/schema/schema.go:98.2,98.38 1 6
github.com/krill/krill/internal/schema/schema.go:98.38,100.3 1 1
github.com/krill/krill/internal/schema/schema.go:101.2,101.40 1 5
github.com/krill/krill/internal/schema/schema.go:101.40,103.3 1 1
github.com/krill/krill/internal/schema/schema.go:104.2,104.44 1 4
github.com/krill/krill/internal/schema/schema.go:104.44,106.3 1 1
github.com/krill/krill/internal/schema/schema.go:107.2,107.27 1 3
github.com/krill/krill/internal/schema/schema.go:107.27,109.3 1 1
github.com/krill/krill/internal/schema/schema.go:110.2,110.12 1 2
github.com/krill/krill/internal/schema/schema.go:113.44,114.16 1 1
github.com/krill/krill/internal/schema/schema.go:114.16,116.3 1 0
github.com/krill/krill/internal/schema/schema.go:117.2,121.21 5 1
github.com/krill/krill/internal/schema/schema.go:121.21,124.65 3 1
github.com/krill/krill/internal/schema/schema.go:124.65,125.58 1 1
github.com/krill/krill/internal/schema/schema.go:125.58,127.5 1 1
github.com/krill/krill/internal/schema/schema.go:129.3,129.76 1 1
github.com/krill/krill/internal/schema/schema.go:129.76,130.50 1 1
github.com/krill/krill/internal/schema/schema.go:130.50,132.16 2 2
github.com/krill/krill/internal/schema/schema.go:132.16,134.6 1 2
github.com/krill/krill/internal/schema/schema.go:138.2,152.3 1 1
github.com/krill/krill/internal/schema/schema.go:155.43,162.30 7 1
github.com/krill/krill/internal/schema/schema.go:162.30,164.3 1 1
github.com/krill/krill/internal/schema/schema.go:165.2,174.3 1 1
github.com/krill/krill/internal/schema/schema.go:177.58,178.20 1 2
github.com/krill/krill/internal/schema/schema.go:178.20,180.3 1 0
github.com/krill/krill/internal/schema/schema.go:181.2,182.25 2 2
github.com/krill/krill/internal/schema/schema.go:182.25,184.3 1 10
github.com/krill/krill/internal/schema/schema.go:185.2,185.12 1 2
github.com/krill/krill/internal/pubsub/adapter.go:40.37,41.24 1 5
github.com/krill/krill/internal/pubsub/adapter.go:42.14,43.29 1 2
github.com/krill/krill/internal/pubsub/adapter.go:44.23,45.37 1 1
github.com/krill/krill/internal/pubsub/adapter.go:46.16,47.31 1 1
github.com/krill/krill/internal/pubsub/adapter.go:48.10,49.29 1 1
github.com/krill/krill/internal/pubsub/adapters.go:14.47,17.15 3 4
github.com/krill/krill/internal/pubsub/adapters.go:17.15,19.3 1 0
github.com/krill/krill/internal/pubsub/adapters.go:20.2,21.9 2 4
github.com/krill/krill/internal/pubsub/adapters.go:21.9,24.3 2 4
github.com/krill/krill/internal/pubsub/adapters.go:25.2,25.10 1 4
github.com/krill/krill/internal/pubsub/adapters.go:33.41,35.2 1 3
github.com/krill/krill/internal/pubsub/adapters.go:37.56,37.70 1 1
github.com/krill/krill/internal/pubsub/adapters.go:39.94,40.17 1 2
github.com/krill/krill/internal/pubsub/adapters.go:40.17,42.3 1 1
github.com/krill/krill/internal/pubsub/adapters.go:43.2,43.39 1 1
github.com/krill/krill/internal/pubsub/adapters.go:46.86,47.17 1 3
github.com/krill/krill/internal/pubsub/adapters.go:47.17,49.3 1 1
github.com/krill/krill/internal/pubsub/adapters.go:50.2,50.16 1 2
github.com/krill/krill/internal/pubsub/adapters.go:50.16,52.3 1 1
github.com/krill/krill/internal/pubsub/adapters.go:53.2,53.21 1 1
github.com/krill/krill/internal/pubsub/adapters.go:53.21,55.3 1 1
github.com/krill/krill/internal/pubsub/adapters.go:56.2,56.42 1 1
github.com/krill/krill/internal/pubsub/adapters.go:59.45,59.59 1 1
github.com/krill/krill/internal/pubsub/adapters.go:61.63,62.16 1 2
github.com/krill/krill/internal/pubsub/adapters.go:62.16,64.3 1 1
github.com/krill/krill/internal/pubsub/adapters.go:65.2,66.12 2 1
github.com/krill/krill/internal/pubsub/adapters.go:69.37,69.51 1 1
github.com/krill/krill/internal/pubsub/adapters.go:76.49,78.2 1 1
github.com/krill/krill/internal/pubsub/adapters.go:80.64,80.78 1 1
github.com/krill/krill/internal/pubsub/adapters.go:82.102,83.17 1 1
github.com/krill/krill/internal/pubsub/adapters.go:83.17,85.3 1 0
github.com/krill/krill/internal/pubsub/adapters.go:86.2,86.39 1 1
github.com/krill/krill/internal/pubsub/adapters.go:89.94,90.17 1 1
github.com/krill/krill/internal/pubsub/adapters.go:90.17,92.3 1 0
github.com/krill/krill/internal/pubsub/adapters.go:93.2,93.16 1 1
github.com/krill/krill/internal/pubsub/adapters.go:93.16,95.3 1 0
github.com/krill/krill/internal/pubsub/adapters.go:96.2,96.21 1 1
github.com/krill/krill/internal/pubsub/adapters.go:96.21,98.3 1 1
github.com/krill/krill/internal/pubsub/adapters.go:99.2,99.42 1 1
github.com/krill/krill/internal/pubsub/adapters.go:102.53,102.67 1 1
github.com/krill/krill/internal/pubsub/adapters.go:104.71,105.16 1 1
github.com/krill/krill/internal/pubsub/adapters.go:105.16,107.3 1 0
github.com/krill/krill/internal/pubsub/adapters.go:108.2,109.12 2 1
github.com/krill/krill/internal/pubsub/adapters.go:112.45,112.59 1 1
github.com/krill/krill/internal/pubsub/adapters.go:118.43,118.78 1 1
github.com/krill/krill/internal/pubsub/adapters.go:120.58,120.86 1 1
github.com/krill/krill/internal/pubsub/adapters.go:122.92,124.2 1 1
github.com/krill/krill/internal/pubsub/adapters.go:126.80,128.2 1 1
github.com/krill/krill/internal/pubsub/adapters.go:130.47,130.75 1 1
github.com/krill/krill/internal/pubsub/adapters.go:132.63,132.91 1 1
github.com/krill/krill/internal/pubsub/adapters.go:134.39,134.53 1 1
github.com/krill/krill/internal/pubsub/dedup.go:14.51,15.14 1 1
github.com/krill/krill/internal/pubsub/dedup.go:15.14,17.3 1 0
github.com/krill/krill/internal/pubsub/dedup.go:18.2,18.64 1 1
github.com/krill/krill/internal/pubsub/dedup.go:21.65,22.15 1 3
github.com/krill/krill/internal/pubsub/dedup.go:22.15,24.3 1 0
github.com/krill/krill/internal/pubsub/dedup.go:25.2,28.32 4 3
github.com/krill/krill/internal/pubsub/dedup.go:28.32,30.3 1 1
github.com/krill/krill/internal/pubsub/dedup.go:31.2,31.14 1 2
github.com/krill/krill/internal/pubsub/dedup.go:34.54,35.15 1 1
github.com/krill/krill/internal/pubsub/dedup.go:35.15,37.3 1 0
github.com/krill/krill/internal/pubsub/dedup.go:38.2,41.15 4 1
github.com/krill/krill/internal/pubsub/dedup.go:44.40,45.29 1 4
github.com/krill/krill/internal/pubsub/dedup.go:45.29,46.22 1 2
github.com/krill/krill/internal/pubsub/dedup.go:46.22,48.4 1 1
github.com/krill/krill/internal/pubsub/inmemory_broker.go:15.42,20.2 1 5
github.com/krill/krill/internal/pubsub/inmemory_broker.go:22.66,28.2 5 2
github.com/krill/krill/internal/pubsub/inmemory_broker.go:30.89,32.28 2 4
github.com/krill/krill/internal/pubsub/inmemory_broker.go:32.28,36.3 3 1
github.com/krill/krill/internal/pubsub/inmemory_broker.go:37.2,40.26 3 3
github.com/krill/krill/internal/pubsub/inmemory_broker.go:40.26,42.10 2 2
github.com/krill/krill/internal/pubsub/inmemory_broker.go:43.20,43.20 0 2
github.com/krill/krill/internal/pubsub/inmemory_broker.go:44.21,45.20 1 0
github.com/krill/krill/internal/pubsub/inmemory_broker.go:46.11,48.11 1 0
github.com/krill/krill/internal/pubsub/inmemory_broker.go:49.14,49.14 0 0
github.com/krill/krill/internal/pubsub/inmemory_broker.go:50.12,50.12 0 0
github.com/krill/krill/internal/pubsub/inmemory_broker.go:52.4,52.15 1 0
github.com/krill/krill/internal/pubsub/inmemory_broker.go:55.2,55.12 1 3
github.com/krill/krill/internal/pubsub/inmemory_broker.go:58.63,59.12 1 1
github.com/krill/krill/internal/pubsub/inmemory_broker.go:59.12,61.3 1 0
github.com/krill/krill/internal/pubsub/inmemory_broker.go:62.2,64.15 3 1
github.com/krill/krill/internal/pubsub/inmemory_broker.go:67.42,68.16 1 2
github.com/krill/krill/internal/pubsub/inmemory_broker.go:68.16,70.3 1 0
github.com/krill/krill/internal/pubsub/inmemory_broker.go:71.2,72.26 2 2
github.com/krill/krill/internal/pubsub/inmemory_broker.go:72.26,74.3 1 2
github.com/krill/krill/internal/pubsub/inmemory_broker.go:75.2,75.26 1 2
github.com/krill/krill/internal/pubsub/inmemory_broker.go:75.26,77.33 2 2
github.com/krill/krill/internal/pubsub/inmemory_broker.go:77.33,79.4 1 2
github.com/krill/krill/internal/pubsub/inmemory_broker.go:81.2,81.13 1 2
github.com/krill/krill/internal/pubsub/retry.go:5.65,6.17 1 2
github.com/krill/krill/internal/pubsub/retry.go:6.17,8.3 1 0
github.com/krill/krill/internal/pubsub/retry.go:9.2,10.15 2 2
github.com/krill/krill/internal/pubsub/retry.go:10.15,12.3 1 0
github.com/krill/krill/internal/pubsub/retry.go:13.2,14.52 2 2
github.com/krill/krill/internal/pubsub/retry.go:14.52,16.3 1 1
github.com/krill/krill/internal/pubsub/retry.go:17.2,17.10 1 1
github.com/krill/krill/internal/pubsub/retry.go:20.57,21.28 1 3
github.com/krill/krill/internal/pubsub/retry.go:21.28,23.3 1 0
github.com/krill/krill/internal/pubsub/retry.go:24.2,24.38 1 3
github.com/krill/krill/internal/telemetry/context.go:14.88,19.2 4 1
github.com/krill/krill/internal/telemetry/context.go:22.80,23.49 1 1
github.com/krill/krill/internal/telemetry/context.go:23.49,25.3 1 1
github.com/krill/krill/internal/telemetry/context.go:26.2,26.48 1 1
github.com/krill/krill/internal/telemetry/context.go:26.48,28.3 1 1
github.com/krill/krill/internal/telemetry/context.go:29.2,29.51 1 1
github.com/krill/krill/internal/telemetry/context.go:29.51,31.3 1 1
github.com/krill/krill/internal/telemetry/context.go:32.2,32.35 1 1
github.com/krill/krill/internal/telemetry/metrics.go:51.36,53.2 1 12
github.com/krill/krill/internal/telemetry/metrics.go:55.49,69.2 13 12
github.com/krill/krill/internal/telemetry/metrics.go:71.61,75.2 3 108
github.com/krill/krill/internal/telemetry/metrics.go:77.49,82.2 4 4005
github.com/krill/krill/internal/telemetry/metrics.go:84.51,87.39 3 4045
github.com/krill/krill/internal/telemetry/metrics.go:87.39,89.3 1 1
github.com/krill/krill/internal/telemetry/metrics.go:90.2,92.33 3 4044
github.com/krill/krill/internal/telemetry/metrics.go:93.21,94.13 1 2040
github.com/krill/krill/internal/telemetry/metrics.go:94.13,96.4 1 1999
github.com/krill/krill/internal/telemetry/metrics.go:97.18,98.13 1 3
github.com/krill/krill/internal/telemetry/metrics.go:98.13,101.4 2 1
github.com/krill/krill/internal/telemetry/metrics.go:103.2,103.25 1 4044
github.com/krill/krill/internal/telemetry/metrics.go:106.49,110.35 4 3
github.com/krill/krill/internal/telemetry/metrics.go:110.35,112.23 2 12
github.com/krill/krill/internal/telemetry/metrics.go:112.23,114.4 1 1
github.com/krill/krill/internal/telemetry/metrics.go:115.3,115.24 1 12
github.com/krill/krill/internal/telemetry/metrics.go:117.2,117.38 1 3
github.com/krill/krill/internal/telemetry/metrics.go:117.38,119.3 1 16
github.com/krill/krill/internal/telemetry/metrics.go:120.2,120.12 1 3
github.com/krill/krill/internal/telemetry/metrics.go:123.62,124.22 1 6077
github.com/krill/krill/internal/telemetry/metrics.go:124.22,126.3 1 4071
github.com/krill/krill/internal/telemetry/metrics.go:127.2,128.24 2 2006
github.com/krill/krill/internal/telemetry/metrics.go:128.24,130.3 1 2006
github.com/krill/krill/internal/telemetry/metrics.go:131.2,133.25 3 2006
github.com/krill/krill/internal/telemetry/metrics.go:133.25,135.3 1 2006
github.com/krill/krill/internal/telemetry/metrics.go:136.2,136.46 1 2006
github.com/krill/krill/internal/telemetry/metrics.go:139.69,140.40 1 3004
github.com/krill/krill/internal/telemetry/metrics.go:140.40,142.3 1 1002
github.com/krill/krill/internal/telemetry/metrics.go:143.2,144.15 2 2002
github.com/krill/krill/internal/telemetry/metrics.go:144.15,146.3 1 0
github.com/krill/krill/internal/telemetry/metrics.go:147.2,156.4 4 2002
github.com/krill/krill/internal/telemetry/metrics.go:159.67,160.26 1 3001
github.com/krill/krill/internal/telemetry/metrics.go:160.26,162.3 1 1000
github.com/krill/krill/internal/telemetry/metrics.go:163.2,164.15 2 2001
github.com/krill/krill/internal/telemetry/metrics.go:164.15,166.3 1 0
github.com/krill/krill/internal/telemetry/metrics.go:167.2,173.16 7 2001
github.com/krill/krill/internal/telemetry/metrics.go:173.16,176.3 2 1999
github.com/krill/krill/internal/telemetry/metrics.go:177.2,183.4 1 2001
github.com/krill/krill/internal/telemetry/metrics.go:186.80,187.26 1 1
github.com/krill/krill/internal/telemetry/metrics.go:187.26,189.3 1 0
github.com/krill/krill/internal/telemetry/metrics.go:190.2,191.15 2 1
github.com/krill/krill/internal/telemetry/metrics.go:191.15,193.3 1 0
github.com/krill/krill/internal/telemetry/metrics.go:194.2,206.4 5 1
github.com/krill/krill/internal/telemetry/metrics.go:209.66,210.44 1 2002
github.com/krill/krill/internal/telemetry/metrics.go:210.44,212.3 1 1998
github.com/krill/krill/internal/telemetry/metrics.go:213.2,215.37 3 4
github.com/krill/krill/internal/telemetry/metrics.go:218.70,219.42 1 1
github.com/krill/krill/internal/telemetry/metrics.go:219.42,221.3 1 0
github.com/krill/krill/internal/telemetry/metrics.go:222.2,224.39 3 1
github.com/krill/krill/internal/telemetry/metrics.go:227.56,228.42 1 2001
github.com/krill/krill/internal/telemetry/metrics.go:228.42,230.3 1 1998
github.com/krill/krill/internal/telemetry/metrics.go:231.2,234.29 4 3
github.com/krill/krill/internal/telemetry/trace.go:88.29,97.2 1 13
github.com/krill/krill/internal/telemetry/trace.go:99.46,102.16 3 11
github.com/krill/krill/internal/telemetry/trace.go:102.16,104.3 1 0
github.com/krill/krill/internal/telemetry/trace.go:106.2,117.16 4 11
github.com/krill/krill/internal/telemetry/trace.go:117.16,120.3 2 0
github.com/krill/krill/internal/telemetry/trace.go:122.2,130.16 5 11
github.com/krill/krill/internal/telemetry/trace.go:130.16,132.3 1 0
github.com/krill/krill/internal/telemetry/trace.go:134.2,134.39 1 11
github.com/krill/krill/internal/telemetry/trace.go:134.39,135.23 1 7
github.com/krill/krill/internal/telemetry/trace.go:136.20,137.26 1 1
github.com/krill/krill/internal/telemetry/trace.go:137.26,139.24 2 1
github.com/krill/krill/internal/telemetry/trace.go:139.24,141.6 1 1
github.com/krill/krill/internal/telemetry/trace.go:141.11,143.6 1 0
github.com/krill/krill/internal/telemetry/trace.go:144.5,145.25 2 1
github.com/krill/krill/internal/telemetry/trace.go:145.25,148.6 2 1
github.com/krill/krill/internal/telemetry/trace.go:148.11,150.6 1 0
github.com/krill/krill/internal/telemetry/trace.go:152.14,154.23 2 1
github.com/krill/krill/internal/telemetry/trace.go:154.23,156.5 1 1
github.com/krill/krill/internal/telemetry/trace.go:157.4,158.24 2 1
github.com/krill/krill/internal/telemetry/trace.go:158.24,161.5 2 1
github.com/krill/krill/internal/telemetry/trace.go:165.2,173.39 8 11
github.com/krill/krill/internal/telemetry/trace.go:173.39,174.87 1 7
github.com/krill/krill/internal/telemetry/trace.go:174.87,176.4 1 0
github.com/krill/krill/internal/telemetry/trace.go:179.2,179.19 1 11
github.com/krill/krill/internal/telemetry/trace.go:182.36,184.15 2 22
github.com/krill/krill/internal/telemetry/trace.go:184.15,186.3 1 11
github.com/krill/krill/internal/telemetry/trace.go:187.2,187.28 1 11
github.com/krill/krill/internal/telemetry/trace.go:187.28,188.19 1 11
github.com/krill/krill/internal/telemetry/trace.go:188.19,190.4 1 11
github.com/krill/krill/internal/telemetry/trace.go:191.3,191.19 1 11
github.com/krill/krill/internal/telemetry/trace.go:191.19,193.4 1 11
github.com/krill/krill/internal/telemetry/trace.go:197.20,199.2 1 11
github.com/krill/krill/internal/telemetry/trace.go:201.41,204.23 3 12
github.com/krill/krill/internal/telemetry/trace.go:204.23,206.3 1 0
github.com/krill/krill/internal/telemetry/trace.go:207.2,208.24 2 12
github.com/krill/krill/internal/telemetry/trace.go:208.24,209.22 1 1
github.com/krill/krill/internal/telemetry/trace.go:210.27,211.25 1 0
github.com/krill/krill/internal/telemetry/trace.go:212.11,213.30 1 1
github.com/krill/krill/internal/telemetry/trace.go:216.2,216.27 1 12
github.com/krill/krill/internal/telemetry/trace.go:216.27,218.3 1 1
github.com/krill/krill/internal/telemetry/trace.go:219.2,219.25 1 12
github.com/krill/krill/internal/telemetry/trace.go:219.25,220.22 1 11
github.com/krill/krill/internal/telemetry/trace.go:221.31,222.25 1 1
github.com/krill/krill/internal/telemetry/trace.go:223.32,224.25 1 4
github.com/krill/krill/internal/telemetry/trace.go:225.29,226.24 1 3
github.com/krill/krill/internal/telemetry/trace.go:227.11,228.24 1 3
github.com/krill/krill/internal/telemetry/trace.go:231.2,231.24 1 12
github.com/krill/krill/internal/telemetry/trace.go:231.24,233.3 1 0
github.com/krill/krill/internal/telemetry/trace.go:234.2,234.30 1 12
github.com/krill/krill/internal/telemetry/trace.go:234.30,236.3 1 11
github.com/krill/krill/internal/telemetry/trace.go:237.2,237.12 1 12
github.com/krill/krill/internal/telemetry/trace.go:240.26,242.2 1 4
github.com/krill/krill/internal/telemetry/trace.go:244.25,246.2 1 2
github.com/krill/krill/internal/telemetry/trace.go:248.90,250.43 2 3004
github.com/krill/krill/internal/telemetry/trace.go:250.43,252.3 1 1001
github.com/krill/krill/internal/telemetry/trace.go:253.2,253.58 1 2003
github.com/krill/krill/internal/telemetry/trace.go:253.58,255.3 1 0
github.com/krill/krill/internal/telemetry/trace.go:256.2,256.16 1 2003
github.com/krill/krill/internal/telemetry/trace.go:256.16,258.3 1 2003
github.com/krill/krill/internal/telemetry/trace.go:259.2,259.19 1 2003
github.com/krill/krill/internal/telemetry/trace.go:259.19,261.3 1 2
github.com/krill/krill/internal/telemetry/trace.go:263.2,264.65 2 2003
github.com/krill/krill/internal/telemetry/trace.go:264.65,266.3 1 1
github.com/krill/krill/internal/telemetry/trace.go:268.2,285.56 6 2003
github.com/krill/krill/internal/telemetry/trace.go:285.56,287.3 1 0
github.com/krill/krill/internal/telemetry/trace.go:288.2,288.39 1 2003
github.com/krill/krill/internal/telemetry/trace.go:288.39,290.3 1 0
github.com/krill/krill/internal/telemetry/trace.go:291.2,291.13 1 2003
github.com/krill/krill/internal/telemetry/trace.go:294.45,295.28 1 3004
github.com/krill/krill/internal/telemetry/trace.go:295.28,297.3 1 1001
github.com/krill/krill/internal/telemetry/trace.go:298.2,298.19 1 2003
github.com/krill/krill/internal/telemetry/trace.go:298.19,299.21 1 2003
github.com/krill/krill/internal/telemetry/trace.go:299.21,301.4 1 1
github.com/krill/krill/internal/telemetry/trace.go:302.3,302.17 1 2003
github.com/krill/krill/internal/telemetry/trace.go:302.17,305.4 2 1
github.com/krill/krill/internal/telemetry/trace.go:305.9,307.4 1 2002
github.com/krill/krill/internal/telemetry/trace.go:308.3,308.15 1 2003
github.com/krill/krill/internal/telemetry/trace.go:310.2,310.58 1 2003
github.com/krill/krill/internal/telemetry/trace.go:310.58,319.3 1 1
github.com/krill/krill/internal/telemetry/trace.go:322.33,323.16 1 1
github.com/krill/krill/internal/telemetry/trace.go:323.16,325.3 1 0
github.com/krill/krill/internal/telemetry/trace.go:326.2,326.13 1 1
github.com/krill/krill/internal/telemetry/trace.go:329.33,330.14 1 4
github.com/krill/krill/internal/telemetry/trace.go:330.14,332.3 1 1
github.com/krill/krill/internal/telemetry/trace.go:333.2,333.18 1 3
github.com/krill/krill/internal/telemetry/trace.go:336.32,337.14 1 3
github.com/krill/krill/internal/telemetry/trace.go:337.14,339.3 1 1
github.com/krill/krill/internal/telemetry/trace.go:340.2,340.17 1 2
github.com/krill/krill/internal/telemetry/trace.go:343.39,345.15 2 3
github.com/krill/krill/internal/telemetry/trace.go:345.15,347.3 1 1
github.com/krill/krill/internal/telemetry/trace.go:348.2,348.35 1 2
github.com/krill/krill/internal/telemetry/trace.go:351.22,354.2 2 1
github.com/krill/krill/internal/telemetry/trace.go:356.31,358.15 2 3
github.com/krill/krill/internal/telemetry/trace.go:358.15,360.3 1 0
github.com/krill/krill/internal/telemetry/trace.go:361.2,361.19 1 3
github.com/krill/krill/internal/telemetry/trace.go:364.21,366.2 1 1
github.com/krill/krill/internal/telemetry/trace.go:368.38,370.43 2 6006
github.com/krill/krill/internal/telemetry/trace.go:370.43,372.3 1 2001
github.com/krill/krill/internal/telemetry/trace.go:373.2,373.38 1 4005
github.com/krill/krill/internal/telemetry/trace.go:376.52,377.21 1 2004
github.com/krill/krill/internal/telemetry/trace.go:377.21,379.3 1 2002
github.com/krill/krill/internal/telemetry/trace.go:380.2,381.39 2 2
github.com/krill/krill/internal/telemetry/trace.go:381.39,383.40 2 2
github.com/krill/krill/internal/telemetry/trace.go:383.40,384.12 1 0
github.com/krill/krill/internal/telemetry/trace.go:386.3,386.65 1 2
github.com/krill/krill/internal/telemetry/trace.go:388.2,388.12 1 2
github.com/krill/krill/internal/telemetry/trace.go:391.66,392.22 1 4002
github.com/krill/krill/internal/telemetry/trace.go:392.22,394.3 1 1999
github.com/krill/krill/internal/telemetry/trace.go:395.2,396.27 2 2003
github.com/krill/krill/internal/telemetry/trace.go:396.27,397.33 1 2003
github.com/krill/krill/internal/telemetry/trace.go:397.33,398.12 1 0
github.com/krill/krill/internal/telemetry/trace.go:400.3,400.44 1 2003
github.com/krill/krill/internal/telemetry/trace.go:402.2,402.12 1 2003
github.com/krill/krill/internal/telemetry/trace.go:405.61,408.32 3 2004
github.com/krill/krill/internal/telemetry/trace.go:408.32,410.3 1 2002
github.com/krill/krill/internal/telemetry/trace.go:411.2,416.4 1 2
github.com/krill/krill/internal/telemetry/trace.go:419.38,420.14 1 1002
github.com/krill/krill/internal/telemetry/trace.go:421.142,422.14 1 1001
github.com/krill/krill/internal/telemetry/trace.go:423.10,424.15 1 1
github.com/krill/krill/internal/telemetry/trace.go:428.30,430.40 2 6
github.com/krill/krill/internal/telemetry/trace.go:430.40,432.3 1 0
github.com/krill/krill/internal/telemetry/trace.go:433.2,433.30 1 6
github.com/krill/krill/internal/core/engine.go:35.63,41.16 3 4
github.com/krill/krill/internal/core/engine.go:41.16,43.3 1 1
github.com/krill/krill/internal/core/engine.go:46.2,47.16 2 3
github.com/krill/krill/internal/core/engine.go:47.16,49.3 1 0
github.com/krill/krill/internal/core/engine.go:52.2,57.16 4 3
github.com/krill/krill/internal/core/engine.go:57.16,59.3 1 0
github.com/krill/krill/internal/core/engine.go:62.2,63.16 2 3
github.com/krill/krill/internal/core/engine.go:63.16,65.3 1 0
github.com/krill/krill/internal/core/engine.go:68.2,69.36 2 3
github.com/krill/krill/internal/core/engine.go:69.36,70.19 1 3
github.com/krill/krill/internal/core/engine.go:70.19,72.12 2 0
github.com/krill/krill/internal/core/engine.go:74.3,77.17 4 3
github.com/krill/krill/internal/core/engine.go:77.17,79.4 1 1
github.com/krill/krill/internal/core/engine.go:80.3,81.52 2 2
github.com/krill/krill/internal/core/engine.go:84.2,91.8 1 2
github.com/krill/krill/internal/core/engine.go:94.70,95.18 1 4
github.com/krill/krill/internal/core/engine.go:95.18,97.3 1 3
github.com/krill/krill/internal/core/engine.go:98.2,99.23 2 1
github.com/krill/krill/internal/core/engine.go:99.23,101.3 1 1
github.com/krill/krill/internal/core/engine.go:102.2,102.12 1 1
github.com/krill/krill/internal/core/engine.go:106.49,108.42 1 2
github.com/krill/krill/internal/core/engine.go:108.42,110.3 1 0
github.com/krill/krill/internal/core/engine.go:113.2,113.29 1 2
github.com/krill/krill/internal/core/engine.go:113.29,114.52 1 2
github.com/krill/krill/internal/core/engine.go:114.52,116.4 1 1
github.com/krill/krill/internal/core/engine.go:117.3,117.51 1 1
github.com/krill/krill/internal/core/engine.go:120.2,130.29 5 1
github.com/krill/krill/internal/core/engine.go:130.29,131.41 1 1
github.com/krill/krill/internal/core/engine.go:131.41,133.4 1 0
github.com/krill/krill/internal/core/engine.go:135.2,135.12 1 1
github.com/krill/krill/internal/core/registry.go:41.30,43.2 1 1
github.com/krill/krill/internal/core/registry.go:46.25,46.42 1 5
github.com/krill/krill/internal/core/registry.go:49.69,53.2 3 2
github.com/krill/krill/internal/core/registry.go:56.93,60.9 4 3
github.com/krill/krill/internal/core/registry.go:60.9,62.3 1 1
github.com/krill/krill/internal/core/registry.go:63.2,63.15 1 2
github.com/krill/krill/config/config.go:145.39,150.16 3 25
github.com/krill/krill/config/config.go:150.16,152.3 1 0
github.com/krill/krill/config/config.go:153.2,155.50 3 25
github.com/krill/krill/config/config.go:155.50,157.3 1 0
github.com/krill/krill/config/config.go:158.2,159.39 2 25
github.com/krill/krill/config/config.go:159.39,161.3 1 18
github.com/krill/krill/config/config.go:162.2,162.17 1 7
github.com/krill/krill/config/config.go:167.36,169.16 2 26
github.com/krill/krill/config/config.go:169.16,170.25 1 25
github.com/krill/krill/config/config.go:170.25,172.4 1 25
github.com/krill/krill/config/config.go:173.3,173.13 1 0
github.com/krill/krill/config/config.go:175.2,178.16 3 1
github.com/krill/krill/config/config.go:178.16,180.49 2 6
github.com/krill/krill/config/config.go:180.49,181.12 1 1
github.com/krill/krill/config/config.go:183.3,183.41 1 5
github.com/krill/krill/config/config.go:183.41,185.4 1 1
github.com/krill/krill/config/config.go:187.3,188.10 2 5
github.com/krill/krill/config/config.go:188.10,189.12 1 1
github.com/krill/krill/config/config.go:191.3,192.16 2 4
github.com/krill/krill/config/config.go:192.16,193.12 1 0
github.com/krill/krill/config/config.go:195.3,195.45 1 4
github.com/krill/krill/config/config.go:195.45,196.12 1 1
github.com/krill/krill/config/config.go:199.3,200.20 2 3
github.com/krill/krill/config/config.go:200.20,201.96 1 2
github.com/krill/krill/config/config.go:201.96,203.5 1 2
github.com/krill/krill/config/config.go:205.3,205.26 1 3
github.com/krill/krill/config/config.go:207.2,207.17 1 1
github.com/krill/krill/config/config.go:210.23,236.2 1 25
github.com/krill/krill/config/config.go:238.30,239.31 1 25
github.com/krill/krill/config/config.go:239.31,241.3 1 1
github.com/krill/krill/config/config.go:244.33,245.112 1 25
github.com/krill/krill/config/config.go:245.112,247.3 1 1
github.com/krill/krill/config/config.go:248.2,248.115 1 24
github.com/krill/krill/config/config.go:248.115,250.3 1 1
github.com/krill/krill/config/config.go:251.2,251.123 1 23
github.com/krill/krill/config/config.go:251.123,253.3 1 1
github.com/krill/krill/config/config.go:254.2,254.113 1 22
github.com/krill/krill/config/config.go:254.113,256.3 1 0
github.com/krill/krill/config/config.go:257.2,257.52 1 22
github.com/krill/krill/config/config.go:257.52,259.3 1 1
github.com/krill/krill/config/config.go:260.2,261.32 2 21
github.com/krill/krill/config/config.go:261.32,263.17 2 23
github.com/krill/krill/config/config.go:263.17,265.4 1 0
github.com/krill/krill/config/config.go:266.3,266.30 1 23
github.com/krill/krill/config/config.go:266.30,268.4 1 0
github.com/krill/krill/config/config.go:269.3,270.51 2 23
github.com/krill/krill/config/config.go:270.51,272.4 1 4
github.com/krill/krill/config/config.go:274.2,274.47 1 17
github.com/krill/krill/config/config.go:274.47,276.3 1 6
github.com/krill/krill/config/config.go:277.2,277.46 1 11
github.com/krill/krill/config/config.go:277.46,279.3 1 4
github.com/krill/krill/config/config.go:280.2,280.12 1 7
github.com/krill/krill/config/config.go:283.55,284.14 1 23
github.com/krill/krill/config/config.go:285.14,286.13 1 8
github.com/krill/krill/config/config.go:287.16,288.17 1 2
github.com/krill/krill/config/config.go:288.17,290.4 1 0
github.com/krill/krill/config/config.go:291.3,293.19 3 2
github.com/krill/krill/config/config.go:293.19,295.4 1 0
github.com/krill/krill/config/config.go:296.3,296.76 1 2
github.com/krill/krill/config/config.go:296.76,298.4 1 0
github.com/krill/krill/config/config.go:299.3,301.76 3 2
github.com/krill/krill/config/config.go:301.76,303.4 1 1
github.com/krill/krill/config/config.go:304.3,304.13 1 1
github.com/krill/krill/config/config.go:305.18,306.17 1 2
github.com/krill/krill/config/config.go:306.17,308.4 1 0
github.com/krill/krill/config/config.go:309.3,310.37 2 2
github.com/krill/krill/config/config.go:310.37,312.4 1 1
github.com/krill/krill/config/config.go:313.3,313.13 1 1
github.com/krill/krill/config/config.go:314.17,315.17 1 2
github.com/krill/krill/config/config.go:315.17,317.4 1 0
github.com/krill/krill/config/config.go:318.3,319.36 2 2
github.com/krill/krill/config/config.go:319.36,321.4 1 1
github.com/krill/krill/config/config.go:322.3,322.13 1 1
github.com/krill/krill/config/config.go:323.13,324.17 1 8
github.com/krill/krill/config/config.go:324.17,326.4 1 0
github.com/krill/krill/config/config.go:327.3,328.50 2 8
github.com/krill/krill/config/config.go:328.50,330.4 1 0
github.com/krill/krill/config/config.go:331.3,331.13 1 8
github.com/krill/krill/config/config.go:332.10,333.107 1 1
github.com/krill/krill/config/config.go:337.43,338.28 1 17
github.com/krill/krill/config/config.go:338.28,340.3 1 8
github.com/krill/krill/config/config.go:341.2,343.29 3 9
github.com/krill/krill/config/config.go:343.29,345.3 1 20
github.com/krill/krill/config/config.go:346.2,346.33 1 9
github.com/krill/krill/config/config.go:346.33,348.15 2 9
github.com/krill/krill/config/config.go:348.15,350.4 1 0
github.com/krill/krill/config/config.go:351.3,351.28 1 9
github.com/krill/krill/config/config.go:351.28,353.4 1 0
github.com/krill/krill/config/config.go:354.3,355.24 2 9
github.com/krill/krill/config/config.go:355.24,357.4 1 1
github.com/krill/krill/config/config.go:359.3,363.29 5 8
github.com/krill/krill/config/config.go:363.29,367.50 4 19
github.com/krill/krill/config/config.go:367.50,369.5 1 0
github.com/krill/krill/config/config.go:370.4,370.35 1 19
github.com/krill/krill/config/config.go:370.35,372.5 1 1
github.com/krill/krill/config/config.go:373.4,374.38 2 18
github.com/krill/krill/config/config.go:374.38,376.5 1 1
github.com/krill/krill/config/config.go:377.4,377.90 1 17
github.com/krill/krill/config/config.go:377.90,379.5 1 1
github.com/krill/krill/config/config.go:380.4,380.25 1 16
github.com/krill/krill/config/config.go:380.25,382.5 1 6
github.com/krill/krill/config/config.go:383.4,383.30 1 16
github.com/krill/krill/config/config.go:383.30,385.5 1 5
github.com/krill/krill/config/config.go:386.4,386.29 1 16
github.com/krill/krill/config/config.go:386.29,388.5 1 5
github.com/krill/krill/config/config.go:390.3,390.23 1 5
github.com/krill/krill/config/config.go:390.23,392.4 1 0
github.com/krill/krill/config/config.go:393.3,393.22 1 5
github.com/krill/krill/config/config.go:393.22,395.4 1 0
github.com/krill/krill/config/config.go:396.3,396.20 1 5
github.com/krill/krill/config/config.go:396.20,398.4 1 0
github.com/krill/krill/config/config.go:399.3,399.39 1 5
github.com/krill/krill/config/config.go:399.39,401.35 2 3
github.com/krill/krill/config/config.go:401.35,403.5 1 1
github.com/krill/krill/config/config.go:404.4,404.25 1 2
github.com/krill/krill/config/config.go:404.25,406.5 1 0
github.com/krill/krill/config/config.go:407.4,407.31 1 2
github.com/krill/krill/config/config.go:407.31,408.53 1 2
github.com/krill/krill/config/config.go:408.53,410.6 1 0
github.com/krill/krill/config/config.go:413.3,413.41 1 4
github.com/krill/krill/config/config.go:413.41,414.58 1 1
github.com/krill/krill/config/config.go:414.58,416.5 1 0
github.com/krill/krill/config/config.go:417.4,417.56 1 1
github.com/krill/krill/config/config.go:417.56,419.5 1 1
github.com/krill/krill/config/config.go:422.2,422.12 1 3
github.com/krill/krill/config/config.go:425.42,426.27 1 11
github.com/krill/krill/config/config.go:426.27,428.3 1 6
github.com/krill/krill/config/config.go:429.2,430.33 2 5
github.com/krill/krill/config/config.go:430.33,432.3 1 3
github.com/krill/krill/config/config.go:433.2,434.33 2 5
github.com/krill/krill/config/config.go:434.33,437.15 3 6
github.com/krill/krill/config/config.go:437.15,439.4 1 0
github.com/krill/krill/config/config.go:440.3,440.28 1 6
github.com/krill/krill/config/config.go:440.28,442.4 1 1
github.com/krill/krill/config/config.go:443.3,444.17 2 5
github.com/krill/krill/config/config.go:444.17,446.4 1 0
github.com/krill/krill/config/config.go:447.3,447.64 1 5
github.com/krill/krill/config/config.go:447.64,449.4 1 1
github.com/krill/krill/config/config.go:450.3,450.28 1 4
github.com/krill/krill/config/config.go:450.28,452.17 2 3
github.com/krill/krill/config/config.go:452.17,454.5 1 1
github.com/krill/krill/config/config.go:455.4,455.33 1 2
github.com/krill/krill/config/config.go:455.33,457.5 1 1
github.com/krill/krill/config/config.go:460.2,460.12 1 1
github.com/krill/krill/internal/llm/llm.go:89.40,91.3 1 2
github.com/krill/krill/internal/llm/llm.go:96.77,99.20 3 1
github.com/krill/krill/internal/llm/llm.go:99.20,100.39 1 0
github.com/krill/krill/internal/llm/llm.go:100.39,100.90 1 0
github.com/krill/krill/internal/llm/llm.go:101.8,103.3 1 1
github.com/krill/krill/internal/llm/llm.go:104.2,105.16 2 1
github.com/krill/krill/internal/llm/llm.go:105.16,109.3 3 1
github.com/krill/krill/internal/llm/llm.go:112.35,117.2 4 3
github.com/krill/krill/internal/llm/llm.go:119.49,121.34 2 4
github.com/krill/krill/internal/llm/llm.go:121.34,126.3 1 3
github.com/krill/krill/internal/llm/llm.go:127.2,127.26 1 4
github.com/krill/krill/internal/llm/llm.go:127.26,129.3 1 1
github.com/krill/krill/internal/llm/llm.go:130.2,130.15 1 3
github.com/krill/krill/internal/llm/llm.go:133.51,134.35 1 3
github.com/krill/krill/internal/llm/llm.go:134.35,136.3 1 1
github.com/krill/krill/internal/llm/llm.go:137.2,137.36 1 2
github.com/krill/krill/internal/llm/llm.go:137.36,139.3 1 1
github.com/krill/krill/internal/llm/llm.go:140.2,140.67 1 1
github.com/krill/krill/internal/llm/llm.go:144.81,152.15 4 7
github.com/krill/krill/internal/llm/llm.go:152.15,154.3 1 7
github.com/krill/krill/internal/llm/llm.go:156.2,157.16 2 7
github.com/krill/krill/internal/llm/llm.go:157.16,159.3 1 3
github.com/krill/krill/internal/llm/llm.go:160.2,160.52 1 4
github.com/krill/krill/internal/llm/llm.go:160.52,165.22 5 1
github.com/krill/krill/internal/llm/llm.go:165.22,167.4 1 1
github.com/krill/krill/internal/llm/llm.go:168.3,169.23 2 0
github.com/krill/krill/internal/llm/llm.go:171.2,172.17 2 3
github.com/krill/krill/internal/llm/llm.go:175.98,179.28 2 8
github.com/krill/krill/internal/llm/llm.go:179.28,181.3 1 3
github.com/krill/krill/internal/llm/llm.go:184.2,184.33 1 8
github.com/krill/krill/internal/llm/llm.go:184.33,186.27 2 5
github.com/krill/krill/internal/llm/llm.go:186.27,189.4 2 1
github.com/krill/krill/internal/llm/llm.go:190.3,190.25 1 5
github.com/krill/krill/internal/llm/llm.go:190.25,192.4 1 1
github.com/krill/krill/internal/llm/llm.go:193.3,193.29 1 5
github.com/krill/krill/internal/llm/llm.go:196.2,197.20 2 8
github.com/krill/krill/internal/llm/llm.go:197.20,199.3 1 8
github.com/krill/krill/internal/llm/llm.go:200.2,200.20 1 8
github.com/krill/krill/internal/llm/llm.go:200.20,202.3 1 1
github.com/krill/krill/internal/llm/llm.go:204.2,209.24 2 8
github.com/krill/krill/internal/llm/llm.go:209.24,211.3 1 2
github.com/krill/krill/internal/llm/llm.go:213.2,217.16 3 8
github.com/krill/krill/internal/llm/llm.go:217.16,219.3 1 0
github.com/krill/krill/internal/llm/llm.go:220.2,224.16 4 8
github.com/krill/krill/internal/llm/llm.go:224.16,226.3 1 0
github.com/krill/krill/internal/llm/llm.go:227.2,229.28 3 8
github.com/krill/krill/internal/llm/llm.go:229.28,231.3 1 2
github.com/krill/krill/internal/llm/llm.go:233.2,243.55 2 6
github.com/krill/krill/internal/llm/llm.go:243.55,245.3 1 1
github.com/krill/krill/internal/llm/llm.go:246.2,246.31 1 5
github.com/krill/krill/internal/llm/llm.go:246.31,248.3 1 1
github.com/krill/krill/internal/llm/llm.go:250.2,252.22 3 4
github.com/krill/krill/internal/llm/llm.go:252.22,254.3 1 3
github.com/krill/krill/internal/llm/llm.go:257.2,264.31 2 4
github.com/krill/krill/internal/llm/llm.go:267.77,268.64 1 4
github.com/krill/krill/internal/llm/llm.go:268.64,270.3 1 3
github.com/krill/krill/internal/llm/llm.go:271.2,272.105 2 1
github.com/krill/krill/plugins/skill/builtins/builtins.go:20.59,96.2 4 0
github.com/krill/krill/plugins/skill/builtins/builtins.go:102.83,109.64 2 0
github.com/krill/krill/plugins/skill/builtins/builtins.go:109.64,111.3 1 0
github.com/krill/krill/plugins/skill/builtins/builtins.go:112.2,112.23 1 0
github.com/krill/krill/plugins/skill/builtins/builtins.go:112.23,114.3 1 0
github.com/krill/krill/plugins/skill/builtins/builtins.go:115.2,115.89 1 0
github.com/krill/krill/plugins/skill/builtins/builtins.go:115.89,117.3 1 0
github.com/krill/krill/plugins/skill/builtins/builtins.go:119.2,120.21 2 0
github.com/krill/krill/plugins/skill/builtins/builtins.go:120.21,122.3 1 0
github.com/krill/krill/plugins/skill/builtins/builtins.go:123.2,124.16 2 0
github.com/krill/krill/plugins/skill/builtins/builtins.go:124.16,126.3 1 0
github.com/krill/krill/plugins/skill/builtins/builtins.go:127.2,127.33 1 0
github.com/krill/krill/plugins/skill/builtins/builtins.go:127.33,129.3 1 0
github.com/krill/krill/plugins/skill/builtins/builtins.go:131.2,132.16 2 0
github.com/krill/krill/plugins/skill/builtins/builtins.go:132.16,134.3 1 0
github.com/krill/krill/plugins/skill/builtins/builtins.go:135.2,138.16 3 0
github.com/krill/krill/plugins/skill/builtins/builtins.go:138.16,140.3 1 0
github.com/krill/krill/plugins/skill/builtins/builtins.go:141.2,141.26 1 0
github.com/krill/krill/plugins/skill/builtins/builtins.go:148.82,152.64 2 0
github.com/krill/krill/plugins/skill/builtins/builtins.go:152.64,154.3 1 0
github.com/krill/krill/plugins/skill/builtins/builtins.go:155.2,156.63 2 0
github.com/krill/krill/plugins/skill/builtins/builtins.go:156.63,158.3 1 0
github.com/krill/krill/plugins/skill/builtins/builtins.go:159.2,160.25 2 0
github.com/krill/krill/plugins/skill/builtins/builtins.go:167.83,172.64 2 0
github.com/krill/krill/plugins/skill/builtins/builtins.go:172.64,174.3 1 0
github.com/krill/krill/plugins/skill/builtins/builtins.go:175.2,176.64 2 0
github.com/krill/krill/plugins/skill/builtins/builtins.go:176.64,178.3 1 0
github.com/krill/krill/plugins/skill/builtins/builtins.go:179.2,181.25 3 0
github.com/krill/krill/plugins/skill/builtins/builtins.go:184.57,185.37 1 0
github.com/krill/krill/plugins/skill/builtins/builtins.go:185.37,187.3 1 0
github.com/krill/krill/plugins/skill/builtins/builtins.go:188.2,188.26 1 0
github.com/krill/krill/plugins/skill/builtins/builtins.go:189.30,190.43 1 0
github.com/krill/krill/plugins/skill/builtins/builtins.go:191.21,195.22 3 0
github.com/krill/krill/plugins/skill/builtins/builtins.go:195.22,197.4 1 0
github.com/krill/krill/plugins/skill/builtins/builtins.go:199.2,199.12 1 0
github.com/krill/krill/plugins/skill/builtins/code_exec.go:31.48,33.2 1 0
github.com/krill/krill/plugins/skill/builtins/code_exec.go:61.93,63.19 2 3
github.com/krill/krill/plugins/skill/builtins/code_exec.go:63.19,65.3 1 3
github.com/krill/krill/plugins/skill/builtins/code_exec.go:66.2,69.15 2 3
github.com/krill/krill/plugins/skill/builtins/code_exec.go:69.15,69.35 1 3
github.com/krill/krill/plugins/skill/builtins/code_exec.go:71.2,72.64 2 3
github.com/krill/krill/plugins/skill/builtins/code_exec.go:72.64,74.3 1 0
github.com/krill/krill/plugins/skill/builtins/code_exec.go:76.2,77.16 2 3
github.com/krill/krill/plugins/skill/builtins/code_exec.go:77.16,79.3 1 0
github.com/krill/krill/plugins/skill/builtins/code_exec.go:81.2,82.16 2 3
github.com/krill/krill/plugins/skill/builtins/code_exec.go:82.16,84.3 1 1
github.com/krill/krill/plugins/skill/builtins/code_exec.go:86.2,96.16 3 2
github.com/krill/krill/plugins/skill/builtins/code_exec.go:96.16,98.3 1 0
github.com/krill/krill/plugins/skill/builtins/code_exec.go:99.2,108.21 4 2
github.com/krill/krill/plugins/skill/builtins/code_exec.go:108.21,109.41 1 1
github.com/krill/krill/plugins/skill/builtins/code_exec.go:109.41,111.4 1 0
github.com/krill/krill/plugins/skill/builtins/code_exec.go:112.3,112.63 1 1
github.com/krill/krill/plugins/skill/builtins/code_exec.go:115.2,115.26 1 2
github.com/krill/krill/plugins/skill/builtins/code_exec.go:115.26,117.20 2 2
github.com/krill/krill/plugins/skill/builtins/code_exec.go:117.20,119.4 1 1
github.com/krill/krill/plugins/skill/builtins/code_exec.go:120.3,121.67 2 1
github.com/krill/krill/plugins/skill/builtins/code_exec.go:121.67,123.4 1 0
github.com/krill/krill/plugins/skill/builtins/code_exec.go:124.3,124.73 1 1
github.com/krill/krill/plugins/skill/builtins/code_exec.go:124.73,126.4 1 0
github.com/krill/krill/plugins/skill/builtins/code_exec.go:127.3,133.16 2 1
github.com/krill/krill/plugins/skill/builtins/code_exec.go:133.16,142.4 2 0
github.com/krill/krill/plugins/skill/builtins/code_exec.go:144.2,144.16 1 1
github.com/krill/krill/plugins/skill/builtins/code_exec.go:144.16,149.3 1 1
github.com/krill/krill/plugins/skill/builtins/code_exec.go:151.2,152.36 2 1
github.com/krill/krill/plugins/skill/builtins/code_exec.go:152.36,154.3 1 1
github.com/krill/krill/plugins/skill/builtins/code_exec.go:155.2,156.16 2 1
github.com/krill/krill/plugins/skill/builtins/code_exec.go:156.16,158.3 1 0
github.com/krill/krill/plugins/skill/builtins/code_exec.go:159.2,160.53 2 1
github.com/krill/krill/plugins/skill/builtins/code_exec.go:160.53,162.3 1 0
github.com/krill/krill/plugins/skill/builtins/code_exec.go:164.2,165.20 2 1
github.com/krill/krill/plugins/skill/builtins/code_exec.go:165.20,167.3 1 1
github.com/krill/krill/plugins/skill/builtins/code_exec.go:168.2,168.34 1 1
github.com/krill/krill/plugins/skill/builtins/code_exec.go:168.34,170.3 1 0
github.com/krill/krill/plugins/skill/builtins/code_exec.go:172.2,209.19 16 1
github.com/krill/krill/plugins/skill/builtins/code_exec.go:209.19,212.10 3 0
github.com/krill/krill/plugins/skill/builtins/code_exec.go:213.36,215.53 2 0
github.com/krill/krill/plugins/skill/builtins/code_exec.go:216.58,218.35 2 0
github.com/krill/krill/plugins/skill/builtins/code_exec.go:219.11,221.30 2 0
github.com/krill/krill/plugins/skill/builtins/code_exec.go:225.2,243.16 8 1
github.com/krill/krill/plugins/skill/builtins/code_exec.go:243.16,245.3 1 0
github.com/krill/krill/plugins/skill/builtins/code_exec.go:246.2,246.26 1 1
github.com/krill/krill/plugins/skill/builtins/code_exec.go:249.42,250.18 1 11
github.com/krill/krill/plugins/skill/builtins/code_exec.go:250.18,252.3 1 0
github.com/krill/krill/plugins/skill/builtins/code_exec.go:253.2,253.23 1 11
github.com/krill/krill/plugins/skill/builtins/code_exec.go:256.56,258.13 2 3
github.com/krill/krill/plugins/skill/builtins/code_exec.go:258.13,260.3 1 0
github.com/krill/krill/plugins/skill/builtins/code_exec.go:261.2,262.18 2 3
github.com/krill/krill/plugins/skill/builtins/code_exec.go:262.18,264.3 1 0
github.com/krill/krill/plugins/skill/builtins/code_exec.go:265.2,265.27 1 3
github.com/krill/krill/plugins/skill/builtins/code_exec.go:265.27,267.3 1 0
github.com/krill/krill/plugins/skill/builtins/code_exec.go:268.2,268.80 1 3
github.com/krill/krill/plugins/skill/builtins/code_exec.go:268.80,270.3 1 1
github.com/krill/krill/plugins/skill/builtins/code_exec.go:271.2,271.19 1 2
github.com/krill/krill/plugins/skill/builtins/code_exec.go:274.79,275.18 1 3
github.com/krill/krill/plugins/skill/builtins/code_exec.go:276.22,277.35 1 2
github.com/krill/krill/plugins/skill/builtins/code_exec.go:278.34,279.32 1 0
github.com/krill/krill/plugins/skill/builtins/code_exec.go:280.20,281.32 1 0
github.com/krill/krill/plugins/skill/builtins/code_exec.go:282.10,283.107 1 1
github.com/krill/krill/plugins/skill/builtins/code_exec.go:287.60,288.24 1 2
github.com/krill/krill/plugins/skill/builtins/code_exec.go:288.24,290.3 1 2
github.com/krill/krill/plugins/skill/builtins/code_exec.go:291.2,292.39 2 0
github.com/krill/krill/plugins/skill/builtins/code_exec.go:295.62,297.16 2 0
github.com/krill/krill/plugins/skill/builtins/code_exec.go:297.16,299.3 1 0
github.com/krill/krill/plugins/skill/builtins/code_exec.go:300.2,300.38 1 0
github.com/krill/krill/plugins/protocol/a2a/a2a.go:20.13,21.96 1 1
github.com/krill/krill/plugins/protocol/a2a/a2a.go:21.96,23.3 1 0
github.com/krill/krill/plugins/protocol/a2a/a2a.go:34.55,36.13 2 7
github.com/krill/krill/plugins/protocol/a2a/a2a.go:36.13,38.3 1 6
github.com/krill/krill/plugins/protocol/a2a/a2a.go:39.2,39.32 1 7
github.com/krill/krill/plugins/protocol/a2a/a2a.go:39.32,41.3 1 1
github.com/krill/krill/plugins/protocol/a2a/a2a.go:42.2,43.16 2 6
github.com/krill/krill/plugins/protocol/a2a/a2a.go:43.16,45.3 1 5
github.com/krill/krill/plugins/protocol/a2a/a2a.go:46.2,46.42 1 6
github.com/krill/krill/plugins/protocol/a2a/a2a.go:49.32,49.48 1 1
github.com/krill/krill/plugins/protocol/a2a/a2a.go:51.80,58.76 6 1
github.com/krill/krill/plugins/protocol/a2a/a2a.go:58.76,61.3 2 0
github.com/krill/krill/plugins/protocol/a2a/a2a.go:63.2,69.12 2 1
github.com/krill/krill/plugins/protocol/a2a/a2a.go:69.12,70.79 1 1
github.com/krill/krill/plugins/protocol/a2a/a2a.go:70.79,72.4 1 0
github.com/krill/krill/plugins/protocol/a2a/a2a.go:74.2,75.12 2 1
github.com/krill/krill/plugins/protocol/a2a/a2a.go:78.50,79.18 1 2
github.com/krill/krill/plugins/protocol/a2a/a2a.go:79.18,81.3 1 1
github.com/krill/krill/plugins/protocol/a2a/a2a.go:82.2,82.28 1 1
github.com/krill/krill/plugins/protocol/a2a/a2a.go:85.52,87.6 2 2
github.com/krill/krill/plugins/protocol/a2a/a2a.go:87.6,88.10 1 4
github.com/krill/krill/plugins/protocol/a2a/a2a.go:89.21,90.10 1 2
github.com/krill/krill/plugins/protocol/a2a/a2a.go:91.29,92.11 1 2
github.com/krill/krill/plugins/protocol/a2a/a2a.go:92.11,94.5 1 0
github.com/krill/krill/plugins/protocol/a2a/a2a.go:95.4,95.51 1 2
github.com/krill/krill/plugins/protocol/a2a/a2a.go:95.51,96.13 1 1
github.com/krill/krill/plugins/protocol/a2a/a2a.go:98.4,98.115 1 1
github.com/krill/krill/plugins/protocol/a2a/a2a.go:103.73,104.33 1 4
github.com/krill/krill/plugins/protocol/a2a/a2a.go:104.33,107.3 2 1
github.com/krill/krill/plugins/protocol/a2a/a2a.go:108.2,109.16 2 3
github.com/krill/krill/plugins/protocol/a2a/a2a.go:109.16,112.3 2 0
github.com/krill/krill/plugins/protocol/a2a/a2a.go:114.2,115.16 2 3
github.com/krill/krill/plugins/protocol/a2a/a2a.go:115.16,118.3 2 1
github.com/krill/krill/plugins/protocol/a2a/a2a.go:119.2,119.20 1 2
github.com/krill/krill/plugins/protocol/a2a/a2a.go:119.20,121.3 1 0
github.com/krill/krill/plugins/protocol/a2a/a2a.go:122.2,122.31 1 2
github.com/krill/krill/plugins/protocol/a2a/a2a.go:122.31,124.3 1 2
github.com/krill/krill/plugins/protocol/a2a/a2a.go:125.2,125.33 1 2
github.com/krill/krill/plugins/protocol/a2a/a2a.go:125.33,127.3 1 2
github.com/krill/krill/plugins/protocol/a2a/a2a.go:128.2,128.35 1 2
github.com/krill/krill/plugins/protocol/a2a/a2a.go:128.35,130.3 1 1
github.com/krill/krill/plugins/protocol/a2a/a2a.go:131.2,131.35 1 2
github.com/krill/krill/plugins/protocol/a2a/a2a.go:131.35,133.3 1 1
github.com/krill/krill/plugins/protocol/a2a/a2a.go:134.2,134.37 1 2
github.com/krill/krill/plugins/protocol/a2a/a2a.go:134.37,136.3 1 1
github.com/krill/krill/plugins/protocol/a2a/a2a.go:138.2,140.21 3 2
github.com/krill/krill/plugins/protocol/a2a/a2a.go:140.21,142.3 1 0
github.com/krill/krill/plugins/protocol/a2a/a2a.go:143.2,151.16 6 2
github.com/krill/krill/plugins/protocol/a2a/a2a.go:151.16,154.3 2 0
github.com/krill/krill/plugins/protocol/a2a/a2a.go:156.2,162.4 2 2
github.com/krill/krill/plugins/protocol/a2a/a2a.go:165.45,166.68 1 3
github.com/krill/krill/plugins/protocol/a2a/a2a.go:166.68,168.45 2 1
github.com/krill/krill/plugins/protocol/a2a/a2a.go:168.45,170.4 1 1
github.com/krill/krill/plugins/protocol/a2a/a2a.go:172.2,172.31 1 2
github.com/krill/krill/plugins/protocol/a2a/a2a.go:175.56,176.14 1 15
github.com/krill/krill/plugins/protocol/a2a/a2a.go:176.14,178.3 1 1
github.com/krill/krill/plugins/protocol/a2a/a2a.go:179.2,180.29 2 14
github.com/krill/krill/plugins/protocol/a2a/a2a.go:183.52,185.2 1 4
github.com/krill/krill/plugins/protocol/pubsub/pubsub.go:18.13,19.99 1 1
github.com/krill/krill/plugins/protocol/pubsub/pubsub.go:19.99,21.3 1 0
github.com/krill/krill/plugins/protocol/pubsub/pubsub.go:46.55,48.26 2 2
github.com/krill/krill/plugins/protocol/pubsub/pubsub.go:48.26,50.3 1 0
github.com/krill/krill/plugins/protocol/pubsub/pubsub.go:51.2,51.27 1 2
github.com/krill/krill/plugins/protocol/pubsub/pubsub.go:51.27,53.3 1 0
github.com/krill/krill/plugins/protocol/pubsub/pubsub.go:54.2,54.29 1 2
github.com/krill/krill/plugins/protocol/pubsub/pubsub.go:54.29,56.3 1 0
github.com/krill/krill/plugins/protocol/pubsub/pubsub.go:57.2,57.28 1 2
github.com/krill/krill/plugins/protocol/pubsub/pubsub.go:57.28,59.3 1 0
github.com/krill/krill/plugins/protocol/pubsub/pubsub.go:60.2,60.26 1 2
github.com/krill/krill/plugins/protocol/pubsub/pubsub.go:60.26,62.3 1 0
github.com/krill/krill/plugins/protocol/pubsub/pubsub.go:63.2,63.31 1 2
github.com/krill/krill/plugins/protocol/pubsub/pubsub.go:63.31,65.3 1 0
github.com/krill/krill/plugins/protocol/pubsub/pubsub.go:66.2,66.34 1 2
github.com/krill/krill/plugins/protocol/pubsub/pubsub.go:66.34,68.3 1 0
github.com/krill/krill/plugins/protocol/pubsub/pubsub.go:69.2,69.34 1 2
github.com/krill/krill/plugins/protocol/pubsub/pubsub.go:69.34,71.3 1 0
github.com/krill/krill/plugins/protocol/pubsub/pubsub.go:72.2,72.27 1 2
github.com/krill/krill/plugins/protocol/pubsub/pubsub.go:72.27,74.3 1 2
github.com/krill/krill/plugins/protocol/pubsub/pubsub.go:75.2,81.15 3 2
github.com/krill/krill/plugins/protocol/pubsub/pubsub.go:84.66,85.25 1 11
github.com/krill/krill/plugins/protocol/pubsub/pubsub.go:85.25,87.3 1 2
github.com/krill/krill/plugins/protocol/pubsub/pubsub.go:88.2,88.23 1 11
github.com/krill/krill/plugins/protocol/pubsub/pubsub.go:88.23,90.3 1 6
github.com/krill/krill/plugins/protocol/pubsub/pubsub.go:91.2,91.31 1 11
github.com/krill/krill/plugins/protocol/pubsub/pubsub.go:91.31,93.3 1 4
github.com/krill/krill/plugins/protocol/pubsub/pubsub.go:94.2,94.28 1 11
github.com/krill/krill/plugins/protocol/pubsub/pubsub.go:94.28,96.3 1 4
github.com/krill/krill/plugins/protocol/pubsub/pubsub.go:97.2,97.31 1 11
github.com/krill/krill/plugins/protocol/pubsub/pubsub.go:97.31,99.3 1 10
github.com/krill/krill/plugins/protocol/pubsub/pubsub.go:100.2,100.30 1 11
github.com/krill/krill/plugins/protocol/pubsub/pubsub.go:100.30,102.3 1 9
github.com/krill/krill/plugins/protocol/pubsub/pubsub.go:103.2,109.10 3 11
github.com/krill/krill/plugins/protocol/pubsub/pubsub.go:112.32,112.51 1 1
github.com/krill/krill/plugins/protocol/pubsub/pubsub.go:114.80,117.47 3 7
github.com/krill/krill/plugins/protocol/pubsub/pubsub.go:117.47,119.3 1 1
github.com/krill/krill/plugins/protocol/pubsub/pubsub.go:120.2,121.16 2 6
github.com/krill/krill/plugins/protocol/pubsub/pubsub.go:121.16,123.3 1 1
github.com/krill/krill/plugins/protocol/pubsub/pubsub.go:124.2,132.12 4 5
github.com/krill/krill/plugins/protocol/pubsub/pubsub.go:135.48,137.2 1 5
github.com/krill/krill/plugins/protocol/pubsub/pubsub.go:139.77,140.6 1 5
github.com/krill/krill/plugins/protocol/pubsub/pubsub.go:140.6,141.10 1 12
github.com/krill/krill/plugins/protocol/pubsub/pubsub.go:142.21,143.10 1 5
github.com/krill/krill/plugins/protocol/pubsub/pubsub.go:144.26,145.11 1 7
github.com/krill/krill/plugins/protocol/pubsub/pubsub.go:145.11,147.5 1 0
github.com/krill/krill/plugins/protocol/pubsub/pubsub.go:148.4,148.57 1 7
github.com/krill/krill/plugins/protocol/pubsub/pubsub.go:148.57,150.13 2 2
github.com/krill/krill/plugins/protocol/pubsub/pubsub.go:152.4,152.45 1 5
github.com/krill/krill/plugins/protocol/pubsub/pubsub.go:152.45,154.5 1 0
github.com/krill/krill/plugins/protocol/pubsub/pubsub.go:159.86,160.16 1 9
github.com/krill/krill/plugins/protocol/pubsub/pubsub.go:160.16,162.3 1 1
github.com/krill/krill/plugins/protocol/pubsub/pubsub.go:163.2,164.12 2 8
github.com/krill/krill/plugins/protocol/pubsub/pubsub.go:164.12,166.17 2 8
github.com/krill/krill/plugins/protocol/pubsub/pubsub.go:166.17,169.4 2 0
github.com/krill/krill/plugins/protocol/pubsub/pubsub.go:170.3,175.38 3 8
github.com/krill/krill/plugins/protocol/pubsub/pubsub.go:175.38,179.4 3 1
github.com/krill/krill/plugins/protocol/pubsub/pubsub.go:180.3,181.17 2 7
github.com/krill/krill/plugins/protocol/pubsub/pubsub.go:181.17,183.4 1 6
github.com/krill/krill/plugins/protocol/pubsub/pubsub.go:184.3,185.17 2 7
github.com/krill/krill/plugins/protocol/pubsub/pubsub.go:188.2,191.9 3 8
github.com/krill/krill/plugins/protocol/pubsub/pubsub.go:192.24,193.13 1 5
github.com/krill/krill/plugins/protocol/pubsub/pubsub.go:194.17,195.62 1 2
github.com/krill/krill/plugins/protocol/pubsub/pubsub.go:196.20,197.19 1 1
github.com/krill/krill/plugins/protocol/pubsub/pubsub.go:201.79,203.2 1 5
github.com/krill/krill/plugins/protocol/pubsub/pubsub.go:205.77,207.16 2 9
github.com/krill/krill/plugins/protocol/pubsub/pubsub.go:207.16,209.3 1 1
github.com/krill/krill/plugins/protocol/pubsub/pubsub.go:210.2,211.30 2 8
github.com/krill/krill/plugins/protocol/pubsub/pubsub.go:211.30,213.3 1 0
github.com/krill/krill/plugins/protocol/pubsub/pubsub.go:214.2,214.21 1 8
github.com/krill/krill/plugins/protocol/pubsub/pubsub.go:214.21,216.3 1 0
github.com/krill/krill/plugins/protocol/pubsub/pubsub.go:217.2,217.32 1 8
github.com/krill/krill/plugins/protocol/pubsub/pubsub.go:217.32,219.3 1 8
github.com/krill/krill/plugins/protocol/pubsub/pubsub.go:220.2,220.34 1 8
github.com/krill/krill/plugins/protocol/pubsub/pubsub.go:220.34,222.3 1 8
github.com/krill/krill/plugins/protocol/pubsub/pubsub.go:223.2,223.17 1 8
github.com/krill/krill/plugins/protocol/pubsub/pubsub.go:226.53,227.16 1 8
github.com/krill/krill/plugins/protocol/pubsub/pubsub.go:227.16,229.3 1 0
github.com/krill/krill/plugins/protocol/pubsub/pubsub.go:230.2,231.34 2 8
github.com/krill/krill/plugins/protocol/pubsub/pubsub.go:231.34,233.3 1 6
github.com/krill/krill/plugins/protocol/pubsub/pubsub.go:234.2,234.12 1 8
github.com/krill/krill/plugins/protocol/pubsub/pubsub.go:237.54,239.9 2 8
github.com/krill/krill/plugins/protocol/pubsub/pubsub.go:239.9,241.3 1 1
github.com/krill/krill/plugins/protocol/pubsub/pubsub.go:242.2,242.12 1 8
github.com/krill/krill/plugins/protocol/pubsub/pubsub.go:245.88,247.52 2 5
github.com/krill/krill/plugins/protocol/pubsub/pubsub.go:247.52,251.68 4 3
github.com/krill/krill/plugins/protocol/pubsub/pubsub.go:251.68,253.4 1 1
github.com/krill/krill/plugins/protocol/pubsub/pubsub.go:254.3,254.9 1 3
github.com/krill/krill/plugins/protocol/pubsub/pubsub.go:257.2,258.20 2 2
github.com/krill/krill/plugins/protocol/pubsub/pubsub.go:258.20,260.3 1 0
github.com/krill/krill/plugins/protocol/pubsub/pubsub.go:261.2,261.20 1 2
github.com/krill/krill/plugins/protocol/pubsub/pubsub.go:261.20,262.63 1 2
github.com/krill/krill/plugins/protocol/pubsub/pubsub.go:262.63,264.4 1 1
github.com/krill/krill/plugins/protocol/pubsub/pubsub.go:264.9,266.4 1 1
github.com/krill/krill/plugins/protocol/pubsub/pubsub.go:268.2,268.24 1 2
github.com/krill/krill/plugins/protocol/pubsub/pubsub.go:271.54,273.6 2 6
github.com/krill/krill/plugins/protocol/pubsub/pubsub.go:273.6,274.10 1 10
github.com/krill/krill/plugins/protocol/pubsub/pubsub.go:275.21,276.10 1 6
github.com/krill/krill/plugins/protocol/pubsub/pubsub.go:277.29,278.11 1 4
github.com/krill/krill/plugins/protocol/pubsub/pubsub.go:278.11,280.5 1 0
github.com/krill/krill/plugins/protocol/pubsub/pubsub.go:281.4,281.51 1 4
github.com/krill/krill/plugins/protocol/pubsub/pubsub.go:281.51,282.13 1 0
github.com/krill/krill/plugins/protocol/pubsub/pubsub.go:284.4,285.31 2 4
github.com/krill/krill/plugins/protocol/pubsub/pubsub.go:285.31,287.5 1 0
github.com/krill/krill/plugins/protocol/pubsub/pubsub.go:288.4,289.18 2 4
github.com/krill/krill/plugins/protocol/pubsub/pubsub.go:289.18,291.13 2 0
github.com/krill/krill/plugins/protocol/pubsub/pubsub.go:293.4,294.70 2 4
github.com/krill/krill/plugins/protocol/pubsub/pubsub.go:294.70,296.5 1 0
github.com/krill/krill/plugins/protocol/pubsub/pubsub.go:301.53,319.2 1 3
github.com/krill/krill/plugins/protocol/pubsub/pubsub.go:321.58,322.14 1 22
github.com/krill/krill/plugins/protocol/pubsub/pubsub.go:322.14,324.3 1 1
github.com/krill/krill/plugins/protocol/pubsub/pubsub.go:325.2,325.62 1 21
github.com/krill/krill/plugins/protocol/pubsub/pubsub.go:325.62,327.3 1 7
github.com/krill/krill/plugins/protocol/pubsub/pubsub.go:328.2,328.12 1 14
github.com/krill/krill/plugins/protocol/pubsub/pubsub.go:331.62,332.14 1 16
github.com/krill/krill/plugins/protocol/pubsub/pubsub.go:332.14,334.3 1 1
github.com/krill/krill/plugins/protocol/pubsub/pubsub.go:335.2,336.9 2 15
github.com/krill/krill/plugins/protocol/pubsub/pubsub.go:336.9,338.3 1 10
github.com/krill/krill/plugins/protocol/pubsub/pubsub.go:339.2,339.23 1 5
github.com/krill/krill/plugins/protocol/pubsub/pubsub.go:340.11,341.11 1 2
github.com/krill/krill/plugins/protocol/pubsub/pubsub.go:342.13,343.16 1 1
github.com/krill/krill/plugins/protocol/pubsub/pubsub.go:344.15,345.16 1 1
github.com/krill/krill/plugins/protocol/pubsub/pubsub.go:346.14,348.76 2 1
github.com/krill/krill/plugins/protocol/pubsub/pubsub.go:348.76,350.4 1 1
github.com/krill/krill/plugins/protocol/pubsub/pubsub.go:352.2,352.12 1 0
github.com/krill/krill/plugins/protocol/pubsub/pubsub.go:355.55,356.14 1 7
github.com/krill/krill/plugins/protocol/pubsub/pubsub.go:356.14,358.3 1 1
github.com/krill/krill/plugins/protocol/pubsub/pubsub.go:359.2,360.9 2 6
github.com/krill/krill/plugins/protocol/pubsub/pubsub.go:360.9,362.3 1 4
github.com/krill/krill/plugins/protocol/pubsub/pubsub.go:363.2,363.23 1 2
github.com/krill/krill/plugins/protocol/pubsub/pubsub.go:364.12,365.11 1 1
github.com/krill/krill/plugins/protocol/pubsub/pubsub.go:366.14,367.57 1 1
github.com/krill/krill/plugins/protocol/pubsub/pubsub.go:368.10,369.15 1 0
github.com/krill/krill/plugins/protocol/http/http.go:26.13,27.97 1 1
github.com/krill/krill/plugins/protocol/http/http.go:27.97,29.3 1 0
github.com/krill/krill/plugins/protocol/http/http.go:46.55,48.16 2 4
github.com/krill/krill/plugins/protocol/http/http.go:48.16,50.3 1 3
github.com/krill/krill/plugins/protocol/http/http.go:51.2,56.8 1 4
github.com/krill/krill/plugins/protocol/http/http.go:59.32,59.49 1 1
github.com/krill/krill/plugins/protocol/http/http.go:61.80,78.12 8 1
github.com/krill/krill/plugins/protocol/http/http.go:78.12,79.79 1 1
github.com/krill/krill/plugins/protocol/http/http.go:79.79,81.4 1 0
github.com/krill/krill/plugins/protocol/http/http.go:83.2,84.12 2 1
github.com/krill/krill/plugins/protocol/http/http.go:87.50,89.2 1 1
github.com/krill/krill/plugins/protocol/http/http.go:92.52,94.6 2 3
github.com/krill/krill/plugins/protocol/http/http.go:94.6,95.10 1 5
github.com/krill/krill/plugins/protocol/http/http.go:96.21,97.10 1 3
github.com/krill/krill/plugins/protocol/http/http.go:98.24,99.11 1 2
github.com/krill/krill/plugins/protocol/http/http.go:99.11,101.5 1 0
github.com/krill/krill/plugins/protocol/http/http.go:102.4,102.37 1 2
github.com/krill/krill/plugins/protocol/http/http.go:102.37,103.13 1 1
github.com/krill/krill/plugins/protocol/http/http.go:106.4,109.10 4 1
github.com/krill/krill/plugins/protocol/http/http.go:109.10,110.12 1 1
github.com/krill/krill/plugins/protocol/http/http.go:111.24,111.24 0 1
github.com/krill/krill/plugins/protocol/http/http.go:112.13,112.13 0 0
github.com/krill/krill/plugins/protocol/http/http.go:119.69,128.15 5 4
github.com/krill/krill/plugins/protocol/http/http.go:128.15,130.3 1 4
github.com/krill/krill/plugins/protocol/http/http.go:132.2,132.33 1 4
github.com/krill/krill/plugins/protocol/http/http.go:132.33,135.3 2 1
github.com/krill/krill/plugins/protocol/http/http.go:137.2,142.61 2 3
github.com/krill/krill/plugins/protocol/http/http.go:142.61,145.3 2 1
github.com/krill/krill/plugins/protocol/http/http.go:146.2,146.23 1 2
github.com/krill/krill/plugins/protocol/http/http.go:146.23,149.3 2 1
github.com/krill/krill/plugins/protocol/http/http.go:150.2,150.24 1 1
github.com/krill/krill/plugins/protocol/http/http.go:150.24,152.3 1 0
github.com/krill/krill/plugins/protocol/http/http.go:153.2,153.24 1 1
github.com/krill/krill/plugins/protocol/http/http.go:153.24,155.3 1 0
github.com/krill/krill/plugins/protocol/http/http.go:156.2,170.15 6 1
github.com/krill/krill/plugins/protocol/http/http.go:170.15,174.3 3 1
github.com/krill/krill/plugins/protocol/http/http.go:177.2,192.69 2 1
github.com/krill/krill/plugins/protocol/http/http.go:192.69,195.3 2 0
github.com/krill/krill/plugins/protocol/http/http.go:196.2,212.9 8 1
github.com/krill/krill/plugins/protocol/http/http.go:213.28,214.9 1 0
github.com/krill/krill/plugins/protocol/http/http.go:215.19,223.9 3 0
github.com/krill/krill/plugins/protocol/http/http.go:224.26,236.21 3 1
github.com/krill/krill/plugins/protocol/http/http.go:236.21,238.4 1 1
github.com/krill/krill/plugins/protocol/http/http.go:239.3,248.4 1 1
github.com/krill/krill/plugins/protocol/http/http.go:252.59,255.2 2 1
github.com/krill/krill/plugins/protocol/http/http.go:257.63,258.20 1 2
github.com/krill/krill/plugins/protocol/http/http.go:258.20,260.3 1 1
github.com/krill/krill/plugins/protocol/http/http.go:261.2,261.54 1 1
github.com/krill/krill/plugins/protocol/http/http.go:261.54,262.58 1 2
github.com/krill/krill/plugins/protocol/http/http.go:262.58,265.4 2 1
github.com/krill/krill/plugins/protocol/http/http.go:266.3,266.13 1 1
github.com/krill/krill/plugins/protocol/http/http.go:270.56,273.2 2 4
github.com/krill/krill/plugins/protocol/http/http.go:275.55,277.9 2 9
github.com/krill/krill/plugins/protocol/http/http.go:277.9,279.3 1 6
github.com/krill/krill/plugins/protocol/http/http.go:280.2,280.23 1 3
github.com/krill/krill/plugins/protocol/http/http.go:281.12,282.11 1 1
github.com/krill/krill/plugins/protocol/http/http.go:283.14,284.57 1 2
github.com/krill/krill/plugins/protocol/http/http.go:285.10,286.15 1 0
github.com/krill/krill/plugins/protocol/http/http.go:290.49,291.65 1 7
github.com/krill/krill/plugins/protocol/http/http.go:291.65,293.3 1 1
github.com/krill/krill/plugins/protocol/http/http.go:294.2,294.68 1 6
github.com/krill/krill/plugins/protocol/http/http.go:294.68,296.45 2 1
github.com/krill/krill/plugins/protocol/http/http.go:296.45,298.4 1 1
github.com/krill/krill/plugins/protocol/http/http.go:300.2,300.31 1 5
github.com/krill/krill/plugins/protocol/telegram/telegram.go:24.13,25.101 1 1
github.com/krill/krill/plugins/protocol/telegram/telegram.go:25.101,27.3 1 0
github.com/krill/krill/plugins/protocol/telegram/telegram.go:42.55,44.17 2 6
github.com/krill/krill/plugins/protocol/telegram/telegram.go:44.17,46.3 1 1
github.com/krill/krill/plugins/protocol/telegram/telegram.go:47.2,48.48 2 5
github.com/krill/krill/plugins/protocol/telegram/telegram.go:48.48,50.3 1 5
github.com/krill/krill/plugins/protocol/telegram/telegram.go:51.2,56.8 1 5
github.com/krill/krill/plugins/protocol/telegram/telegram.go:59.32,59.53 1 1
github.com/krill/krill/plugins/protocol/telegram/telegram.go:61.80,69.2 7 1
github.com/krill/krill/plugins/protocol/telegram/telegram.go:71.48,72.21 1 1
github.com/krill/krill/plugins/protocol/telegram/telegram.go:72.21,74.3 1 1
github.com/krill/krill/plugins/protocol/telegram/telegram.go:75.2,75.12 1 1
github.com/krill/krill/plugins/protocol/telegram/telegram.go:79.44,81.6 2 1
github.com/krill/krill/plugins/protocol/telegram/telegram.go:81.6,82.10 1 46
github.com/krill/krill/plugins/protocol/telegram/telegram.go:83.21,84.10 1 1
github.com/krill/krill/plugins/protocol/telegram/telegram.go:85.31,85.31 0 45
github.com/krill/krill/plugins/protocol/telegram/telegram.go:87.3,88.17 2 45
github.com/krill/krill/plugins/protocol/telegram/telegram.go:88.17,90.12 2 0
github.com/krill/krill/plugins/protocol/telegram/telegram.go:92.3,92.29 1 45
github.com/krill/krill/plugins/protocol/telegram/telegram.go:92.29,94.48 2 1
github.com/krill/krill/plugins/protocol/telegram/telegram.go:94.48,95.13 1 0
github.com/krill/krill/plugins/protocol/telegram/telegram.go:97.4,119.36 8 1
github.com/krill/krill/plugins/protocol/telegram/telegram.go:125.45,127.6 2 3
github.com/krill/krill/plugins/protocol/telegram/telegram.go:127.6,128.10 1 7
github.com/krill/krill/plugins/protocol/telegram/telegram.go:129.21,130.10 1 3
github.com/krill/krill/plugins/protocol/telegram/telegram.go:131.24,132.11 1 4
github.com/krill/krill/plugins/protocol/telegram/telegram.go:132.11,134.5 1 0
github.com/krill/krill/plugins/protocol/telegram/telegram.go:135.4,135.37 1 4
github.com/krill/krill/plugins/protocol/telegram/telegram.go:135.37,136.13 1 1
github.com/krill/krill/plugins/protocol/telegram/telegram.go:138.4,139.20 2 3
github.com/krill/krill/plugins/protocol/telegram/telegram.go:139.20,141.30 1 2
github.com/krill/krill/plugins/protocol/telegram/telegram.go:141.30,143.6 1 1
github.com/krill/krill/plugins/protocol/telegram/telegram.go:145.4,145.20 1 3
github.com/krill/krill/plugins/protocol/telegram/telegram.go:145.20,146.13 1 1
github.com/krill/krill/plugins/protocol/telegram/telegram.go:148.4,148.56 1 2
github.com/krill/krill/plugins/protocol/telegram/telegram.go:148.56,150.5 1 0
github.com/krill/krill/plugins/protocol/telegram/telegram.go:170.82,174.16 4 47
github.com/krill/krill/plugins/protocol/telegram/telegram.go:174.16,176.3 1 1
github.com/krill/krill/plugins/protocol/telegram/telegram.go:177.2,183.49 4 46
github.com/krill/krill/plugins/protocol/telegram/telegram.go:183.49,185.3 1 0
github.com/krill/krill/plugins/protocol/telegram/telegram.go:186.2,186.22 1 46
github.com/krill/krill/plugins/protocol/telegram/telegram.go:189.71,195.16 6 4
github.com/krill/krill/plugins/protocol/telegram/telegram.go:195.16,197.3 1 1
github.com/krill/krill/plugins/protocol/telegram/telegram.go:198.2,199.12 2 3
github.com/krill/krill/plugins/protocol/telegram/telegram.go:202.55,204.9 2 11
github.com/krill/krill/plugins/protocol/telegram/telegram.go:204.9,206.3 1 8
github.com/krill/krill/plugins/protocol/telegram/telegram.go:207.2,207.23 1 3
github.com/krill/krill/plugins/protocol/telegram/telegram.go:208.12,209.11 1 1
github.com/krill/krill/plugins/protocol/telegram/telegram.go:210.14,211.57 1 2
github.com/krill/krill/plugins/protocol/telegram/telegram.go:212.10,213.15 1 0
github.com/krill/krill/plugins/protocol/webhook/webhook.go:26.13,27.100 1 1
github.com/krill/krill/plugins/protocol/webhook/webhook.go:27.100,29.3 1 0
github.com/krill/krill/plugins/protocol/webhook/webhook.go:45.55,55.2 1 8
github.com/krill/krill/plugins/protocol/webhook/webhook.go:57.32,57.52 1 1
github.com/krill/krill/plugins/protocol/webhook/webhook.go:59.80,72.12 7 1
github.com/krill/krill/plugins/protocol/webhook/webhook.go:72.12,73.79 1 1
github.com/krill/krill/plugins/protocol/webhook/webhook.go:73.79,75.4 1 0
github.com/krill/krill/plugins/protocol/webhook/webhook.go:77.2,78.12 2 1
github.com/krill/krill/plugins/protocol/webhook/webhook.go:81.50,81.80 1 1
github.com/krill/krill/plugins/protocol/webhook/webhook.go:83.45,85.6 2 3
github.com/krill/krill/plugins/protocol/webhook/webhook.go:85.6,86.10 1 3
github.com/krill/krill/plugins/protocol/webhook/webhook.go:87.21,88.10 1 2
github.com/krill/krill/plugins/protocol/webhook/webhook.go:89.24,90.11 1 1
github.com/krill/krill/plugins/protocol/webhook/webhook.go:90.11,92.5 1 1
github.com/krill/krill/plugins/protocol/webhook/webhook.go:93.4,93.37 1 0
github.com/krill/krill/plugins/protocol/webhook/webhook.go:93.37,94.13 1 0
github.com/krill/krill/plugins/protocol/webhook/webhook.go:97.4,97.82 1 0
github.com/krill/krill/plugins/protocol/webhook/webhook.go:102.65,108.16 5 5
github.com/krill/krill/plugins/protocol/webhook/webhook.go:108.16,111.3 2 0
github.com/krill/krill/plugins/protocol/webhook/webhook.go:113.2,113.46 1 5
github.com/krill/krill/plugins/protocol/webhook/webhook.go:113.46,114.71 1 1
github.com/krill/krill/plugins/protocol/webhook/webhook.go:114.71,117.4 2 1
github.com/krill/krill/plugins/protocol/webhook/webhook.go:120.2,121.55 2 4
github.com/krill/krill/plugins/protocol/webhook/webhook.go:121.55,124.3 2 1
github.com/krill/krill/plugins/protocol/webhook/webhook.go:127.2,127.31 1 3
github.com/krill/krill/plugins/protocol/webhook/webhook.go:127.31,128.48 1 1
github.com/krill/krill/plugins/protocol/webhook/webhook.go:128.48,132.4 3 1
github.com/krill/krill/plugins/protocol/webhook/webhook.go:135.2,135.65 1 2
github.com/krill/krill/plugins/protocol/webhook/webhook.go:135.65,139.3 3 1
github.com/krill/krill/plugins/protocol/webhook/webhook.go:141.2,142.20 2 1
github.com/krill/krill/plugins/protocol/webhook/webhook.go:142.20,144.3 1 0
github.com/krill/krill/plugins/protocol/webhook/webhook.go:145.2,146.16 2 1
github.com/krill/krill/plugins/protocol/webhook/webhook.go:146.16,148.3 1 0
github.com/krill/krill/plugins/protocol/webhook/webhook.go:150.2,166.36 3 1
github.com/krill/krill/plugins/protocol/webhook/webhook.go:169.61,172.9 3 6
github.com/krill/krill/plugins/protocol/webhook/webhook.go:172.9,174.3 1 0
github.com/krill/krill/plugins/protocol/webhook/webhook.go:175.2,175.21 1 6
github.com/krill/krill/plugins/protocol/webhook/webhook.go:175.21,177.3 1 3
github.com/krill/krill/plugins/protocol/webhook/webhook.go:178.2,178.52 1 3
github.com/krill/krill/plugins/protocol/webhook/webhook.go:178.52,180.3 1 2
github.com/krill/krill/plugins/protocol/webhook/webhook.go:181.2,181.11 1 1
github.com/krill/krill/plugins/protocol/webhook/webhook.go:184.55,188.2 3 3
github.com/krill/krill/plugins/protocol/webhook/webhook.go:190.58,191.43 1 49
github.com/krill/krill/plugins/protocol/webhook/webhook.go:191.43,193.3 1 9
github.com/krill/krill/plugins/protocol/webhook/webhook.go:194.2,194.12 1 40
github.com/krill/krill/plugins/protocol/webhook/webhook.go:197.55,199.9 2 18
github.com/krill/krill/plugins/protocol/webhook/webhook.go:199.9,201.3 1 16
github.com/krill/krill/plugins/protocol/webhook/webhook.go:202.2,202.23 1 2
github.com/krill/krill/plugins/protocol/webhook/webhook.go:203.12,204.11 1 0
github.com/krill/krill/plugins/protocol/webhook/webhook.go:205.14,206.57 1 2
github.com/krill/krill/plugins/protocol/webhook/webhook.go:207.10,208.15 1 0
github.com/krill/krill/cmd/krill/main.go:28.13,33.16 4 0
github.com/krill/krill/cmd/krill/main.go:33.16,36.3 2 0
github.com/krill/krill/cmd/krill/main.go:37.2,54.16 8 0
github.com/krill/krill/cmd/krill/main.go:54.16,57.3 2 0
github.com/krill/krill/cmd/krill/main.go:59.2,59.12 1 0
github.com/krill/krill/cmd/krill/main.go:59.12,65.3 5 0
github.com/krill/krill/cmd/krill/main.go:67.2,67.40 1 0
github.com/krill/krill/cmd/krill/main.go:67.40,70.3 2 0
github.com/krill/krill/cmd/krill/main.go:73.44,75.52 2 0
github.com/krill/krill/cmd/krill/main.go:76.18,77.56 1 0
github.com/krill/krill/cmd/krill/main.go:78.32,79.56 1 0
github.com/krill/krill/cmd/krill/main.go:80.10,83.13 3 0
github.com/krill/krill/internal/agent/loop.go:71.9,81.2 1 0
github.com/krill/krill/internal/agent/loop.go:84.43,86.22 1 0
github.com/krill/krill/internal/agent/loop.go:86.22,90.3 3 0
github.com/krill/krill/internal/agent/loop.go:91.2,91.9 1 0
github.com/krill/krill/internal/agent/loop.go:92.22,92.22 0 0
github.com/krill/krill/internal/agent/loop.go:93.10,94.67 1 0
github.com/krill/krill/internal/agent/loop.go:99.41,103.6 3 0
github.com/krill/krill/internal/agent/loop.go:103.6,104.10 1 0
github.com/krill/krill/internal/agent/loop.go:105.21,106.10 1 0
github.com/krill/krill/internal/agent/loop.go:107.17,109.10 2 0
github.com/krill/krill/internal/agent/loop.go:110.25,114.26 3 0
github.com/krill/krill/internal/agent/loop.go:114.26,116.5 1 0
github.com/krill/krill/internal/agent/loop.go:117.4,117.21 1 0
github.com/krill/krill/internal/agent/loop.go:123.66,125.19 2 0
github.com/krill/krill/internal/agent/loop.go:125.19,127.3 1 0
github.com/krill/krill/internal/agent/loop.go:128.2,129.21 2 0
github.com/krill/krill/internal/agent/loop.go:129.21,131.3 1 0
github.com/krill/krill/internal/agent/loop.go:132.2,154.19 7 0
github.com/krill/krill/internal/agent/loop.go:154.19,156.3 1 0
github.com/krill/krill/internal/agent/loop.go:158.2,159.16 2 0
github.com/krill/krill/internal/agent/loop.go:159.16,162.3 2 0
github.com/krill/krill/internal/agent/loop.go:164.2,165.41 2 0
github.com/krill/krill/internal/agent/loop.go:165.41,182.17 6 0
github.com/krill/krill/internal/agent/loop.go:182.17,190.4 4 0
github.com/krill/krill/internal/agent/loop.go:191.3,212.31 6 0
github.com/krill/krill/internal/agent/loop.go:212.31,222.4 3 0
github.com/krill/krill/internal/agent/loop.go:225.3,225.37 1 0
github.com/krill/krill/internal/agent/loop.go:225.37,239.22 6 0
github.com/krill/krill/internal/agent/loop.go:239.22,246.5 3 0
github.com/krill/krill/internal/agent/loop.go:246.10,246.45 1 0
github.com/krill/krill/internal/agent/loop.go:246.45,255.5 2 0
github.com/krill/krill/internal/agent/loop.go:255.10,261.5 1 0
github.com/krill/krill/internal/agent/loop.go:264.4,268.6 1 0
github.com/krill/krill/internal/agent/loop.go:270.3,275.4 1 0
github.com/krill/krill/internal/agent/loop.go:280.2,280.97 1 0
github.com/krill/krill/internal/agent/loop.go:284.76,305.58 4 0
github.com/krill/krill/internal/agent/loop.go:305.58,308.3 2 0
github.com/krill/krill/internal/agent/loop.go:309.2,317.3 1 0
github.com/krill/krill/internal/agent/loop.go:322.43,324.16 2 0
github.com/krill/krill/internal/agent/loop.go:324.16,326.3 1 0
github.com/krill/krill/internal/agent/loop.go:328.2,328.32 1 0
github.com/krill/krill/internal/agent/loop.go:328.32,332.3 3 0
github.com/krill/krill/internal/agent/loop.go:333.2,333.36 1 0
github.com/krill/krill/internal/agent/loop.go:333.36,335.3 1 0
github.com/krill/krill/internal/agent/loop.go:336.2,336.13 1 0
github.com/krill/krill/internal/agent/loop.go:339.43,341.16 2 0
github.com/krill/krill/internal/agent/loop.go:341.16,343.3 1 0
github.com/krill/krill/internal/agent/loop.go:344.2,345.100 2 0
github.com/krill/krill/internal/agent/loop.go:345.100,347.3 1 0
github.com/krill/krill/internal/agent/loop.go:348.2,348.40 1 0
github.com/krill/krill/internal/agent/loop.go:348.40,350.3 1 0
github.com/krill/krill/internal/agent/loop.go:351.2,351.76 1 0
github.com/krill/krill/internal/agent/loop.go:351.76,353.3 1 0
github.com/krill/krill/internal/agent/loop.go:354.2,354.12 1 0
github.com/krill/krill/internal/memory/memory.go:34.52,35.17 1 4
github.com/krill/krill/internal/memory/memory.go:36.20,37.25 1 1
github.com/krill/krill/internal/memory/memory.go:38.13,39.23 1 1
github.com/krill/krill/internal/memory/memory.go:40.14,41.23 1 1
github.com/krill/krill/internal/memory/memory.go:42.10,43.63 1 1
github.com/krill/krill/internal/memory/memory.go:59.21,61.2 1 2
github.com/krill/krill/internal/memory/memory.go:63.44,63.80 1 16
github.com/krill/krill/internal/memory/memory.go:65.71,71.9 6 3
github.com/krill/krill/internal/memory/memory.go:71.9,74.3 2 2
github.com/krill/krill/internal/memory/memory.go:75.2,80.15 6 3
github.com/krill/krill/internal/memory/memory.go:83.77,90.9 7 4
github.com/krill/krill/internal/memory/memory.go:90.9,92.3 1 1
github.com/krill/krill/internal/memory/memory.go:93.2,96.38 4 3
[...]
github.com/krill/krill/internal/memory/memory.go:193.43,195.16 2 5
github.com/krill/krill/internal/memory/memory.go:195.16,197.3 1 0
github.com/krill/krill/internal/memory/memory.go:198.2,199.58 2 5
github.com/krill/krill/internal/memory/memory.go:199.58,201.3 1 1
github.com/krill/krill/internal/memory/memory.go:202.2,202.47 1 4
github.com/krill/krill/internal/memory/memory.go:202.47,204.3 1 0
github.com/krill/krill/internal/memory/memory.go:205.2,205.12 1 4
github.com/krill/krill/internal/memory/memory.go:214.44,215.16 1 4
github.com/krill/krill/internal/memory/memory.go:215.16,217.3 1 0
github.com/krill/krill/internal/memory/memory.go:218.2,218.63 1 4
github.com/krill/krill/internal/memory/memory.go:218.63,220.3 1 0
github.com/krill/krill/internal/memory/memory.go:221.2,223.16 3 4
github.com/krill/krill/internal/memory/memory.go:223.16,225.3 1 0
github.com/krill/krill/internal/memory/memory.go:226.2,226.34 1 4
github.com/krill/krill/internal/memory/memory.go:226.34,229.3 2 0
github.com/krill/krill/internal/memory/memory.go:230.2,243.43 2 4
github.com/krill/krill/internal/memory/memory.go:243.43,246.3 2 0
github.com/krill/krill/internal/memory/memory.go:247.2,247.34 1 4
github.com/krill/krill/internal/memory/memory.go:250.74,254.16 4 2
github.com/krill/krill/internal/memory/memory.go:254.16,256.3 1 0
github.com/krill/krill/internal/memory/memory.go:257.2,262.123 3 2
github.com/krill/krill/internal/memory/memory.go:265.80,269.16 4 2
github.com/krill/krill/internal/memory/memory.go:269.16,271.3 1 0
github.com/krill/krill/internal/memory/memory.go:272.2,279.16 2 2
github.com/krill/krill/internal/memory/memory.go:279.16,281.3 1 0
github.com/krill/krill/internal/memory/memory.go:282.2,285.18 3 2
github.com/krill/krill/internal/memory/memory.go:285.18,290.81 2 2
github.com/krill/krill/internal/memory/memory.go:290.81,291.12 1 0
github.com/krill/krill/internal/memory/memory.go:293.3,297.35 5 2
github.com/krill/krill/internal/memory/memory.go:299.2,300.42 2 2
github.com/krill/krill/internal/memory/memory.go:300.42,302.3 1 2
github.com/krill/krill/internal/memory/memory.go:303.2,304.13 2 2
github.com/krill/krill/internal/memory/memory.go:307.56,312.2 4 1
github.com/krill/krill/internal/memory/memory.go:314.48,316.35 2 9
github.com/krill/krill/internal/memory/memory.go:316.35,318.3 1 0
github.com/krill/krill/internal/memory/memory.go:319.2,319.14 1 9
github.com/krill/krill/internal/skill/registry.go:69.108,74.28 2 3
github.com/krill/krill/internal/skill/registry.go:74.28,75.41 1 3
github.com/krill/krill/internal/skill/registry.go:75.41,77.4 1 1
github.com/krill/krill/internal/skill/registry.go:79.2,79.15 1 2
github.com/krill/krill/internal/skill/registry.go:82.77,87.28 2 3
github.com/krill/krill/internal/skill/registry.go:87.28,89.3 1 2
github.com/krill/krill/internal/skill/registry.go:92.2,93.26 2 3
github.com/krill/krill/internal/skill/registry.go:93.26,95.3 1 0
github.com/krill/krill/internal/skill/registry.go:96.2,101.20 5 3
github.com/krill/krill/internal/skill/registry.go:102.17,102.17 0 2
github.com/krill/krill/internal/skill/registry.go:104.14,108.17 2 0
github.com/krill/krill/internal/skill/registry.go:108.17,110.4 1 0
github.com/krill/krill/internal/skill/registry.go:111.3,111.12 1 0
github.com/krill/krill/internal/skill/registry.go:112.14,116.17 2 0
github.com/krill/krill/internal/skill/registry.go:116.17,118.4 1 0
github.com/krill/krill/internal/skill/registry.go:119.3,119.12 1 0
github.com/krill/krill/internal/skill/registry.go:120.10,120.10 0 0
github.com/krill/krill/internal/skill/registry.go:122.10,123.54 1 1
github.com/krill/krill/internal/skill/registry.go:126.2,129.12 4 2
github.com/krill/krill/internal/skill/registry.go:134.99,135.19 1 2
github.com/krill/krill/internal/skill/registry.go:135.19,137.3 1 2
github.com/krill/krill/internal/skill/registry.go:138.2,146.41 8 2
github.com/krill/krill/internal/skill/registry.go:146.41,147.34 1 2
github.com/krill/krill/internal/skill/registry.go:147.34,149.4 1 2
github.com/krill/krill/internal/skill/registry.go:151.2,158.36 3 2
github.com/krill/krill/internal/skill/registry.go:158.36,160.3 1 0
github.com/krill/krill/internal/skill/registry.go:164.45,169.2 4 4
github.com/krill/krill/internal/skill/registry.go:172.88,179.15 4 3
github.com/krill/krill/internal/skill/registry.go:179.15,181.3 1 3
github.com/krill/krill/internal/skill/registry.go:183.2,186.9 4 3
github.com/krill/krill/internal/skill/registry.go:186.9,189.3 2 1
github.com/krill/krill/internal/skill/registry.go:190.2,190.19 1 2
github.com/krill/krill/internal/skill/registry.go:190.19,194.3 3 1
github.com/krill/krill/internal/skill/registry.go:195.2,195.17 1 1
github.com/krill/krill/internal/skill/registry.go:195.17,199.3 3 0
github.com/krill/krill/internal/skill/registry.go:200.2,201.74 2 1
github.com/krill/krill/internal/skill/registry.go:205.60,209.9 4 2
github.com/krill/krill/internal/skill/registry.go:209.9,211.3 1 0
github.com/krill/krill/internal/skill/registry.go:212.2,212.24 1 2
github.com/krill/krill/internal/skill/registry.go:216.40,220.27 4 1
github.com/krill/krill/internal/skill/registry.go:220.27,222.3 1 2
github.com/krill/krill/internal/skill/registry.go:223.2,223.14 1 1
github.com/krill/krill/internal/skill/registry.go:226.32,230.2 3 1
github.com/krill/krill/internal/skill/registry.go:249.75,255.35 2 2
github.com/krill/krill/internal/skill/registry.go:255.35,256.23 1 1
github.com/krill/krill/internal/skill/registry.go:256.23,258.4 1 1
github.com/krill/krill/internal/skill/registry.go:258.9,260.4 1 0
github.com/krill/krill/internal/skill/registry.go:262.2,262.10 1 2
github.com/krill/krill/internal/skill/registry.go:267.47,271.29 4 1
github.com/krill/krill/internal/skill/registry.go:271.29,272.39 1 1
github.com/krill/krill/internal/skill/registry.go:272.39,274.4 1 1
github.com/krill/krill/internal/skill/registry.go:276.2,276.13 1 1
github.com/krill/krill/internal/skill/registry.go:281.43,282.25 1 2
github.com/krill/krill/internal/skill/registry.go:282.25,284.3 1 1
github.com/krill/krill/internal/skill/registry.go:285.2,290.13 6 1
github.com/krill/krill/internal/skill/registry.go:294.42,297.37 3 1
github.com/krill/krill/internal/skill/registry.go:297.37,298.18 1 2
github.com/krill/krill/internal/skill/registry.go:298.18,300.4 1 2
github.com/krill/krill/internal/skill/registry.go:302.2,305.34 3 1
github.com/krill/krill/internal/skill/registry.go:305.34,307.3 1 2
github.com/krill/krill/internal/skill/registry.go:308.2,310.25 2 1
github.com/krill/krill/internal/skill/registry.go:310.25,313.3 2 1
github.com/krill/krill/internal/skill/registry.go:317.43,321.2 3 4
github.com/krill/krill/internal/skill/registry.go:327.100,331.56 3 3
github.com/krill/krill/internal/skill/registry.go:331.56,335.3 2 0
github.com/krill/krill/internal/skill/registry.go:336.2,336.20 1 3
github.com/krill/krill/internal/skill/registry.go:336.20,338.3 1 2
github.com/krill/krill/internal/skill/registry.go:339.2,339.32 1 1
github.com/krill/krill/internal/skill/registry.go:343.34,347.2 3 1
github.com/krill/krill/internal/orchestrator/cooperative.go:30.77,31.16 1 9
github.com/krill/krill/internal/orchestrator/cooperative.go:31.16,33.3 1 0
github.com/krill/krill/internal/orchestrator/cooperative.go:34.2,35.21 2 9
github.com/krill/krill/internal/orchestrator/cooperative.go:35.21,36.65 1 9
github.com/krill/krill/internal/orchestrator/cooperative.go:36.65,38.4 1 8
github.com/krill/krill/internal/orchestrator/cooperative.go:40.2,40.37 1 9
github.com/krill/krill/internal/orchestrator/cooperative.go:40.37,41.45 1 7
github.com/krill/krill/internal/orchestrator/cooperative.go:41.45,43.34 2 6
github.com/krill/krill/internal/orchestrator/cooperative.go:43.34,45.5 1 0
github.com/krill/krill/internal/orchestrator/cooperative.go:46.4,46.19 1 6
github.com/krill/krill/internal/orchestrator/cooperative.go:49.2,49.39 1 3
github.com/krill/krill/internal/orchestrator/cooperative.go:52.99,55.21 3 4
github.com/krill/krill/internal/orchestrator/cooperative.go:55.21,58.3 2 4
github.com/krill/krill/internal/orchestrator/cooperative.go:59.2,65.9 3 4
github.com/krill/krill/internal/orchestrator/cooperative.go:66.27,66.27 0 4
github.com/krill/krill/internal/orchestrator/cooperative.go:67.10,72.9 2 0
github.com/krill/krill/internal/orchestrator/cooperative.go:75.2,75.12 1 4
github.com/krill/krill/internal/orchestrator/cooperative.go:75.12,76.16 1 4
github.com/krill/krill/internal/orchestrator/cooperative.go:76.16,78.4 1 4
github.com/krill/krill/internal/orchestrator/cooperative.go:79.3,79.80 1 4
github.com/krill/krill/internal/orchestrator/cooperative.go:79.80,82.4 2 2
github.com/krill/krill/internal/orchestrator/cooperative.go:86.128,88.16 2 4
github.com/krill/krill/internal/orchestrator/cooperative.go:88.16,90.3 1 0
github.com/krill/krill/internal/orchestrator/cooperative.go:91.2,92.16 2 4
github.com/krill/krill/internal/orchestrator/cooperative.go:92.16,94.3 1 0
github.com/krill/krill/internal/orchestrator/cooperative.go:96.2,97.19 2 4
github.com/krill/krill/internal/orchestrator/cooperative.go:97.19,99.3 1 0
github.com/krill/krill/internal/orchestrator/cooperative.go:100.2,101.21 2 4
github.com/krill/krill/internal/orchestrator/cooperative.go:101.21,103.3 1 0
github.com/krill/krill/internal/orchestrator/cooperative.go:105.2,112.44 7 4
github.com/krill/krill/internal/orchestrator/cooperative.go:112.44,113.14 1 12
github.com/krill/krill/internal/orchestrator/cooperative.go:113.14,122.23 4 8
github.com/krill/krill/internal/orchestrator/cooperative.go:122.23,125.5 2 1
github.com/krill/krill/internal/orchestrator/cooperative.go:126.4,135.100 5 7
github.com/krill/krill/internal/orchestrator/cooperative.go:138.3,140.20 3 11
github.com/krill/krill/internal/orchestrator/cooperative.go:140.21,140.22 0 0
github.com/krill/krill/internal/orchestrator/cooperative.go:141.3,141.22 1 11
github.com/krill/krill/internal/orchestrator/cooperative.go:141.22,143.4 1 11
github.com/krill/krill/internal/orchestrator/cooperative.go:144.3,148.21 5 11
github.com/krill/krill/internal/orchestrator/cooperative.go:148.21,150.4 1 1
github.com/krill/krill/internal/orchestrator/cooperative.go:151.3,154.22 4 10
github.com/krill/krill/internal/orchestrator/cooperative.go:154.22,157.4 2 0
github.com/krill/krill/internal/orchestrator/cooperative.go:159.3,164.21 6 10
github.com/krill/krill/internal/orchestrator/cooperative.go:167.2,168.91 2 2
github.com/krill/krill/internal/orchestrator/cooperative.go:177.38,192.16 4 11
github.com/krill/krill/internal/orchestrator/cooperative.go:192.16,194.3 1 0
github.com/krill/krill/internal/orchestrator/cooperative.go:195.2,196.16 2 11
github.com/krill/krill/internal/orchestrator/cooperative.go:196.16,198.3 1 0
github.com/krill/krill/internal/orchestrator/cooperative.go:200.2,201.24 2 11
github.com/krill/krill/internal/orchestrator/cooperative.go:201.24,203.3 1 0
github.com/krill/krill/internal/orchestrator/cooperative.go:204.2,204.36 1 11
github.com/krill/krill/internal/orchestrator/cooperative.go:204.36,206.3 1 0
github.com/krill/krill/internal/orchestrator/cooperative.go:207.2,214.16 3 11
github.com/krill/krill/internal/orchestrator/cooperative.go:214.16,216.3 1 1
github.com/krill/krill/internal/orchestrator/cooperative.go:217.2,217.43 1 10
github.com/krill/krill/internal/orchestrator/cooperative.go:217.43,219.3 1 0
github.com/krill/krill/internal/orchestrator/cooperative.go:220.2,221.53 2 10
github.com/krill/krill/internal/orchestrator/cooperative.go:224.73,226.33 2 12
github.com/krill/krill/internal/orchestrator/cooperative.go:226.33,227.42 1 24
github.com/krill/krill/internal/orchestrator/cooperative.go:227.42,229.4 1 11
github.com/krill/krill/internal/orchestrator/cooperative.go:231.2,231.69 1 1
github.com/krill/krill/internal/orchestrator/cooperative.go:234.80,236.37 2 5
github.com/krill/krill/internal/orchestrator/cooperative.go:236.37,237.46 1 5
github.com/krill/krill/internal/orchestrator/cooperative.go:237.46,240.4 2 4
github.com/krill/krill/internal/orchestrator/cooperative.go:242.2,242.61 1 1
github.com/krill/krill/internal/orchestrator/cooperative.go:245.76,246.23 1 6
github.com/krill/krill/internal/orchestrator/cooperative.go:246.23,248.3 1 1
github.com/krill/krill/internal/orchestrator/cooperative.go:249.2,253.31 5 5
github.com/krill/krill/internal/orchestrator/cooperative.go:253.31,255.56 2 16
github.com/krill/krill/internal/orchestrator/cooperative.go:256.17,257.17 1 5
github.com/krill/krill/internal/orchestrator/cooperative.go:258.21,259.43 1 6
github.com/krill/krill/internal/orchestrator/cooperative.go:260.22,261.16 1 5
github.com/krill/krill/internal/orchestrator/cooperative.go:264.2,264.68 1 5
github.com/krill/krill/internal/orchestrator/cooperative.go:264.68,266.3 1 0
github.com/krill/krill/internal/orchestrator/cooperative.go:268.2,269.30 2 5
github.com/krill/krill/internal/orchestrator/cooperative.go:269.30,270.34 1 0
github.com/krill/krill/internal/orchestrator/cooperative.go:270.34,273.4 2 0
github.com/krill/krill/internal/orchestrator/cooperative.go:274.8,275.39 1 5
github.com/krill/krill/internal/orchestrator/cooperative.go:275.39,277.11 2 12
github.com/krill/krill/internal/orchestrator/cooperative.go:277.11,279.5 1 0
github.com/krill/krill/internal/orchestrator/cooperative.go:280.4,280.31 1 12
github.com/krill/krill/internal/orchestrator/cooperative.go:280.31,282.12 2 14
github.com/krill/krill/internal/orchestrator/cooperative.go:282.12,284.6 1 0
github.com/krill/krill/internal/orchestrator/cooperative.go:285.5,285.58 1 14
github.com/krill/krill/internal/orchestrator/cooperative.go:290.2,290.33 1 5
github.com/krill/krill/internal/orchestrator/cooperative.go:290.33,291.57 1 6
github.com/krill/krill/internal/orchestrator/cooperative.go:291.57,293.4 1 0
github.com/krill/krill/internal/orchestrator/cooperative.go:294.3,294.56 1 6
github.com/krill/krill/internal/orchestrator/cooperative.go:294.56,296.4 1 0
github.com/krill/krill/internal/orchestrator/cooperative.go:299.2,303.98 5 5
github.com/krill/krill/internal/orchestrator/cooperative.go:306.67,309.28 3 15
github.com/krill/krill/internal/orchestrator/cooperative.go:309.28,311.3 1 0
github.com/krill/krill/internal/orchestrator/cooperative.go:312.2,312.27 1 15
github.com/krill/krill/internal/orchestrator/cooperative.go:312.27,314.3 1 12
github.com/krill/krill/internal/orchestrator/cooperative.go:315.2,315.26 1 15
github.com/krill/krill/internal/orchestrator/cooperative.go:318.74,320.9 2 24
github.com/krill/krill/internal/orchestrator/cooperative.go:320.9,322.3 1 0
github.com/krill/krill/internal/orchestrator/cooperative.go:323.2,324.11 2 24
github.com/krill/krill/internal/orchestrator/cooperative.go:327.193,349.2 3 2
github.com/krill/krill/internal/orchestrator/cooperative.go:351.119,368.88 2 3
github.com/krill/krill/internal/orchestrator/cooperative.go:368.88,370.3 1 0
github.com/krill/krill/internal/orchestrator/cooperative.go:373.119,392.2 3 1
github.com/krill/krill/internal/orchestrator/cooperative.go:394.74,398.2 3 2
github.com/krill/krill/internal/orchestrator/orchestrator.go:54.18,56.21 2 7
github.com/krill/krill/internal/orchestrator/orchestrator.go:56.21,58.3 1 0
github.com/krill/krill/internal/orchestrator/orchestrator.go:59.2,69.8 1 7
github.com/krill/krill/internal/orchestrator/orchestrator.go:73.49,78.2 4 6
github.com/krill/krill/internal/orchestrator/orchestrator.go:81.71,82.6 1 7
github.com/krill/krill/internal/orchestrator/orchestrator.go:82.6,83.10 1 14
github.com/krill/krill/internal/orchestrator/orchestrator.go:84.21,85.10 1 6
github.com/krill/krill/internal/orchestrator/orchestrator.go:86.24,87.11 1 8
github.com/krill/krill/internal/orchestrator/orchestrator.go:87.11,89.5 1 1
github.com/krill/krill/internal/orchestrator/orchestrator.go:90.4,94.32 2 7
github.com/krill/krill/internal/orchestrator/orchestrator.go:94.32,96.13 2 1
github.com/krill/krill/internal/orchestrator/orchestrator.go:98.4,98.23 1 6
github.com/krill/krill/internal/orchestrator/orchestrator.go:98.23,100.5 1 0
github.com/krill/krill/internal/orchestrator/orchestrator.go:101.4,103.21 3 6
github.com/krill/krill/internal/orchestrator/orchestrator.go:109.62,110.67 1 7
github.com/krill/krill/internal/orchestrator/orchestrator.go:110.67,113.3 2 4
github.com/krill/krill/internal/orchestrator/orchestrator.go:115.2,122.13 5 3
github.com/krill/krill/internal/orchestrator/orchestrator.go:122.13,124.10 1 3
github.com/krill/krill/internal/orchestrator/orchestrator.go:125.28,125.28 0 2
github.com/krill/krill/internal/orchestrator/orchestrator.go:126.11,130.10 3 1
github.com/krill/krill/internal/orchestrator/orchestrator.go:133.3,141.28 7 2
github.com/krill/krill/internal/orchestrator/orchestrator.go:141.28,142.17 1 2
github.com/krill/krill/internal/orchestrator/orchestrator.go:142.17,150.5 7 2
github.com/krill/krill/internal/orchestrator/orchestrator.go:151.4,151.21 1 2
github.com/krill/krill/internal/orchestrator/orchestrator.go:154.3,161.9 4 2
github.com/krill/krill/internal/orchestrator/orchestrator.go:163.2,165.19 2 0
github.com/krill/krill/internal/orchestrator/orchestrator.go:170.87,176.22 4 5
github.com/krill/krill/internal/orchestrator/orchestrator.go:176.22,178.3 1 0
github.com/krill/krill/internal/orchestrator/orchestrator.go:181.2,181.27 1 5
github.com/krill/krill/internal/orchestrator/orchestrator.go:181.27,182.69 1 12
github.com/krill/krill/internal/orchestrator/orchestrator.go:182.69,184.4 1 1
github.com/krill/krill/internal/orchestrator/orchestrator.go:188.2,189.27 2 4
github.com/krill/krill/internal/orchestrator/orchestrator.go:189.27,190.28 1 11
github.com/krill/krill/internal/orchestrator/orchestrator.go:190.28,192.4 1 9
github.com/krill/krill/internal/orchestrator/orchestrator.go:194.2,194.25 1 4
github.com/krill/krill/internal/orchestrator/orchestrator.go:194.25,197.3 2 4
github.com/krill/krill/internal/orchestrator/orchestrator.go:199.2,200.18 2 0
github.com/krill/krill/internal/orchestrator/orchestrator.go:204.72,206.2 1 2
github.com/krill/krill/internal/orchestrator/orchestrator.go:209.34,213.2 3 4
github.com/krill/krill/internal/orchestrator/orchestrator.go:216.54,224.2 1 1
github.com/krill/krill/internal/orchestrator/orchestrator.go:227.32,229.2 1 1
github.com/krill/krill/internal/orchestrator/policy.go:46.89,47.42 1 677
github.com/krill/krill/internal/orchestrator/policy.go:47.42,49.3 1 130
github.com/krill/krill/internal/orchestrator/policy.go:50.2,50.79 1 547
github.com/krill/krill/internal/orchestrator/policy.go:50.79,51.69 1 9
github.com/krill/krill/internal/orchestrator/policy.go:51.69,53.4 1 1
github.com/krill/krill/internal/orchestrator/policy.go:55.2,55.54 1 546
github.com/krill/krill/internal/orchestrator/policy.go:55.54,57.3 1 1
github.com/krill/krill/internal/orchestrator/policy.go:58.2,58.106 1 545
github.com/krill/krill/internal/orchestrator/policy.go:58.106,60.3 1 1
github.com/krill/krill/internal/orchestrator/policy.go:61.2,61.36 1 544
github.com/krill/krill/internal/orchestrator/policy.go:64.106,66.34 2 5
github.com/krill/krill/internal/orchestrator/policy.go:66.34,68.23 2 10
github.com/krill/krill/internal/orchestrator/policy.go:68.23,70.4 1 12
github.com/krill/krill/internal/orchestrator/policy.go:72.2,72.46 1 5
github.com/krill/krill/internal/orchestrator/policy.go:72.46,74.10 2 1
github.com/krill/krill/internal/orchestrator/policy.go:74.10,75.12 1 0
github.com/krill/krill/internal/orchestrator/policy.go:77.3,77.29 1 1
github.com/krill/krill/internal/orchestrator/policy.go:79.2,84.3 1 5
github.com/krill/krill/internal/orchestrator/policy.go:87.49,89.21 2 3
github.com/krill/krill/internal/orchestrator/policy.go:89.21,91.3 1 1
github.com/krill/krill/internal/orchestrator/policy.go:92.2,94.28 3 2
github.com/krill/krill/internal/orchestrator/policy.go:94.28,96.3 1 0
github.com/krill/krill/internal/orchestrator/policy.go:97.2,97.23 1 2
github.com/krill/krill/internal/orchestrator/policy.go:100.59,102.16 2 7
github.com/krill/krill/internal/orchestrator/policy.go:102.16,104.3 1 0
github.com/krill/krill/internal/orchestrator/policy.go:105.2,105.30 1 7
